Start testing: Apr 01 17:52 CEST
----------------------------------------------------------
1/48 Testing: Test2TestSuite.h-TestSuite
1/48 Test: Test2TestSuite.h-TestSuite
Command: "/home/viktor/OpenDaVINCI/build/odDataStructureGenerator-reference-prefix/src/odDataStructureGenerator-reference-build/Test2_withCMake/libtest2/Test2TestSuite.h-TestSuite"
Directory: /home/viktor/OpenDaVINCI/build/odDataStructureGenerator-reference-prefix/src/odDataStructureGenerator-reference-build/Test2_withCMake/libtest2
"Test2TestSuite.h-TestSuite" start time: Apr 01 17:52 CEST
Output:
----------------------------------------------------------
Running libtest2-Test2TestSuite.h tests (4 tests)....OK!
<end of output>
Test time =   0.00 sec
----------------------------------------------------------
Test Passed.
"Test2TestSuite.h-TestSuite" end time: Apr 01 17:52 CEST
"Test2TestSuite.h-TestSuite" time elapsed: 00:00:00
----------------------------------------------------------

2/48 Testing: Test2bTestSuite.h-TestSuite
2/48 Test: Test2bTestSuite.h-TestSuite
Command: "/home/viktor/OpenDaVINCI/build/odDataStructureGenerator-reference-prefix/src/odDataStructureGenerator-reference-build/Test2_withCMake/libtest2/Test2bTestSuite.h-TestSuite"
Directory: /home/viktor/OpenDaVINCI/build/odDataStructureGenerator-reference-prefix/src/odDataStructureGenerator-reference-build/Test2_withCMake/libtest2
"Test2bTestSuite.h-TestSuite" start time: Apr 01 17:52 CEST
Output:
----------------------------------------------------------
Running libtest2-Test2bTestSuite.h tests (4 tests)....OK!
<end of output>
Test time =   0.00 sec
----------------------------------------------------------
Test Passed.
"Test2bTestSuite.h-TestSuite" end time: Apr 01 17:52 CEST
"Test2bTestSuite.h-TestSuite" time elapsed: 00:00:00
----------------------------------------------------------

3/48 Testing: Test3TestSuite.h-TestSuite
3/48 Test: Test3TestSuite.h-TestSuite
Command: "/home/viktor/OpenDaVINCI/build/odDataStructureGenerator-reference-prefix/src/odDataStructureGenerator-reference-build/Test3_withCMake/libtest3/Test3TestSuite.h-TestSuite"
Directory: /home/viktor/OpenDaVINCI/build/odDataStructureGenerator-reference-prefix/src/odDataStructureGenerator-reference-build/Test3_withCMake/libtest3
"Test3TestSuite.h-TestSuite" start time: Apr 01 17:52 CEST
Output:
----------------------------------------------------------
Running libtest3-Test3TestSuite.h tests (4 tests)....OK!
<end of output>
Test time =   0.00 sec
----------------------------------------------------------
Test Passed.
"Test3TestSuite.h-TestSuite" end time: Apr 01 17:52 CEST
"Test3TestSuite.h-TestSuite" time elapsed: 00:00:00
----------------------------------------------------------

4/48 Testing: Test4TestSuite.h-TestSuite
4/48 Test: Test4TestSuite.h-TestSuite
Command: "/home/viktor/OpenDaVINCI/build/odDataStructureGenerator-reference-prefix/src/odDataStructureGenerator-reference-build/Test4_withCMake/libtest4/Test4TestSuite.h-TestSuite"
Directory: /home/viktor/OpenDaVINCI/build/odDataStructureGenerator-reference-prefix/src/odDataStructureGenerator-reference-build/Test4_withCMake/libtest4
"Test4TestSuite.h-TestSuite" start time: Apr 01 17:52 CEST
Output:
----------------------------------------------------------
Running libtest4-Test4TestSuite.h tests (4 tests)....OK!
<end of output>
Test time =   0.00 sec
----------------------------------------------------------
Test Passed.
"Test4TestSuite.h-TestSuite" end time: Apr 01 17:52 CEST
"Test4TestSuite.h-TestSuite" time elapsed: 00:00:00
----------------------------------------------------------

5/48 Testing: testpackage_Test5TestSuite.h-TestSuite
5/48 Test: testpackage_Test5TestSuite.h-TestSuite
Command: "/home/viktor/OpenDaVINCI/build/odDataStructureGenerator-reference-prefix/src/odDataStructureGenerator-reference-build/Test5_withCMake/libtest5/testpackage_Test5TestSuite.h-TestSuite"
Directory: /home/viktor/OpenDaVINCI/build/odDataStructureGenerator-reference-prefix/src/odDataStructureGenerator-reference-build/Test5_withCMake/libtest5
"testpackage_Test5TestSuite.h-TestSuite" start time: Apr 01 17:52 CEST
Output:
----------------------------------------------------------
Running libtest5-testpackage_Test5TestSuite.h tests (4 tests)....OK!
<end of output>
Test time =   0.00 sec
----------------------------------------------------------
Test Passed.
"testpackage_Test5TestSuite.h-TestSuite" end time: Apr 01 17:52 CEST
"testpackage_Test5TestSuite.h-TestSuite" time elapsed: 00:00:00
----------------------------------------------------------

6/48 Testing: testpackage_Test6TestSuite.h-TestSuite
6/48 Test: testpackage_Test6TestSuite.h-TestSuite
Command: "/home/viktor/OpenDaVINCI/build/odDataStructureGenerator-reference-prefix/src/odDataStructureGenerator-reference-build/Test6_withCMake/libtest6/testpackage_Test6TestSuite.h-TestSuite"
Directory: /home/viktor/OpenDaVINCI/build/odDataStructureGenerator-reference-prefix/src/odDataStructureGenerator-reference-build/Test6_withCMake/libtest6
"testpackage_Test6TestSuite.h-TestSuite" start time: Apr 01 17:52 CEST
Output:
----------------------------------------------------------
Running libtest6-testpackage_Test6TestSuite.h tests (4 tests)....OK!
<end of output>
Test time =   0.00 sec
----------------------------------------------------------
Test Passed.
"testpackage_Test6TestSuite.h-TestSuite" end time: Apr 01 17:52 CEST
"testpackage_Test6TestSuite.h-TestSuite" time elapsed: 00:00:00
----------------------------------------------------------

7/48 Testing: testpackage_Test7ATestSuite.h-TestSuite
7/48 Test: testpackage_Test7ATestSuite.h-TestSuite
Command: "/home/viktor/OpenDaVINCI/build/odDataStructureGenerator-reference-prefix/src/odDataStructureGenerator-reference-build/Test7_withCMake/libtest7/testpackage_Test7ATestSuite.h-TestSuite"
Directory: /home/viktor/OpenDaVINCI/build/odDataStructureGenerator-reference-prefix/src/odDataStructureGenerator-reference-build/Test7_withCMake/libtest7
"testpackage_Test7ATestSuite.h-TestSuite" start time: Apr 01 17:52 CEST
Output:
----------------------------------------------------------
Running libtest7-testpackage_Test7ATestSuite.h tests (4 tests)....OK!
<end of output>
Test time =   0.00 sec
----------------------------------------------------------
Test Passed.
"testpackage_Test7ATestSuite.h-TestSuite" end time: Apr 01 17:52 CEST
"testpackage_Test7ATestSuite.h-TestSuite" time elapsed: 00:00:00
----------------------------------------------------------

8/48 Testing: testpackage_Test7BTestSuite.h-TestSuite
8/48 Test: testpackage_Test7BTestSuite.h-TestSuite
Command: "/home/viktor/OpenDaVINCI/build/odDataStructureGenerator-reference-prefix/src/odDataStructureGenerator-reference-build/Test7_withCMake/libtest7/testpackage_Test7BTestSuite.h-TestSuite"
Directory: /home/viktor/OpenDaVINCI/build/odDataStructureGenerator-reference-prefix/src/odDataStructureGenerator-reference-build/Test7_withCMake/libtest7
"testpackage_Test7BTestSuite.h-TestSuite" start time: Apr 01 17:52 CEST
Output:
----------------------------------------------------------
Running libtest7-testpackage_Test7BTestSuite.h tests (4 tests)....OK!
<end of output>
Test time =   0.00 sec
----------------------------------------------------------
Test Passed.
"testpackage_Test7BTestSuite.h-TestSuite" end time: Apr 01 17:52 CEST
"testpackage_Test7BTestSuite.h-TestSuite" time elapsed: 00:00:00
----------------------------------------------------------

9/48 Testing: testpackage_Test8BTestSuite.h-TestSuite
9/48 Test: testpackage_Test8BTestSuite.h-TestSuite
Command: "/home/viktor/OpenDaVINCI/build/odDataStructureGenerator-reference-prefix/src/odDataStructureGenerator-reference-build/Test8_withCMake/libtest8/testpackage_Test8BTestSuite.h-TestSuite"
Directory: /home/viktor/OpenDaVINCI/build/odDataStructureGenerator-reference-prefix/src/odDataStructureGenerator-reference-build/Test8_withCMake/libtest8
"testpackage_Test8BTestSuite.h-TestSuite" start time: Apr 01 17:52 CEST
Output:
----------------------------------------------------------
Running libtest8-testpackage_Test8BTestSuite.h tests (4 tests)....OK!
<end of output>
Test time =   0.00 sec
----------------------------------------------------------
Test Passed.
"testpackage_Test8BTestSuite.h-TestSuite" end time: Apr 01 17:52 CEST
"testpackage_Test8BTestSuite.h-TestSuite" time elapsed: 00:00:00
----------------------------------------------------------

10/48 Testing: testpackage_Test8ATestSuite.h-TestSuite
10/48 Test: testpackage_Test8ATestSuite.h-TestSuite
Command: "/home/viktor/OpenDaVINCI/build/odDataStructureGenerator-reference-prefix/src/odDataStructureGenerator-reference-build/Test8_withCMake/libtest8/testpackage_Test8ATestSuite.h-TestSuite"
Directory: /home/viktor/OpenDaVINCI/build/odDataStructureGenerator-reference-prefix/src/odDataStructureGenerator-reference-build/Test8_withCMake/libtest8
"testpackage_Test8ATestSuite.h-TestSuite" start time: Apr 01 17:52 CEST
Output:
----------------------------------------------------------
Running libtest8-testpackage_Test8ATestSuite.h tests (4 tests)....OK!
<end of output>
Test time =   0.00 sec
----------------------------------------------------------
Test Passed.
"testpackage_Test8ATestSuite.h-TestSuite" end time: Apr 01 17:52 CEST
"testpackage_Test8ATestSuite.h-TestSuite" time elapsed: 00:00:00
----------------------------------------------------------

11/48 Testing: testpackage_subpackage_Test8CTestSuite.h-TestSuite
11/48 Test: testpackage_subpackage_Test8CTestSuite.h-TestSuite
Command: "/home/viktor/OpenDaVINCI/build/odDataStructureGenerator-reference-prefix/src/odDataStructureGenerator-reference-build/Test8_withCMake/libtest8/testpackage_subpackage_Test8CTestSuite.h-TestSuite"
Directory: /home/viktor/OpenDaVINCI/build/odDataStructureGenerator-reference-prefix/src/odDataStructureGenerator-reference-build/Test8_withCMake/libtest8
"testpackage_subpackage_Test8CTestSuite.h-TestSuite" start time: Apr 01 17:52 CEST
Output:
----------------------------------------------------------
Running libtest8-testpackage_subpackage_Test8CTestSuite.h tests (4 tests)....OK!
<end of output>
Test time =   0.00 sec
----------------------------------------------------------
Test Passed.
"testpackage_subpackage_Test8CTestSuite.h-TestSuite" end time: Apr 01 17:52 CEST
"testpackage_subpackage_Test8CTestSuite.h-TestSuite" time elapsed: 00:00:00
----------------------------------------------------------

12/48 Testing: Test9BTestSuite.h-TestSuite
12/48 Test: Test9BTestSuite.h-TestSuite
Command: "/home/viktor/OpenDaVINCI/build/odDataStructureGenerator-reference-prefix/src/odDataStructureGenerator-reference-build/Test9_withCMake/libtest9/Test9BTestSuite.h-TestSuite"
Directory: /home/viktor/OpenDaVINCI/build/odDataStructureGenerator-reference-prefix/src/odDataStructureGenerator-reference-build/Test9_withCMake/libtest9
"Test9BTestSuite.h-TestSuite" start time: Apr 01 17:52 CEST
Output:
----------------------------------------------------------
Running libtest9-Test9BTestSuite.h tests (4 tests)....OK!
<end of output>
Test time =   0.00 sec
----------------------------------------------------------
Test Passed.
"Test9BTestSuite.h-TestSuite" end time: Apr 01 17:52 CEST
"Test9BTestSuite.h-TestSuite" time elapsed: 00:00:00
----------------------------------------------------------

13/48 Testing: subpackage_Test9CTestSuite.h-TestSuite
13/48 Test: subpackage_Test9CTestSuite.h-TestSuite
Command: "/home/viktor/OpenDaVINCI/build/odDataStructureGenerator-reference-prefix/src/odDataStructureGenerator-reference-build/Test9_withCMake/libtest9/subpackage_Test9CTestSuite.h-TestSuite"
Directory: /home/viktor/OpenDaVINCI/build/odDataStructureGenerator-reference-prefix/src/odDataStructureGenerator-reference-build/Test9_withCMake/libtest9
"subpackage_Test9CTestSuite.h-TestSuite" start time: Apr 01 17:52 CEST
Output:
----------------------------------------------------------
Running libtest9-subpackage_Test9CTestSuite.h tests (4 tests)....OK!
<end of output>
Test time =   0.00 sec
----------------------------------------------------------
Test Passed.
"subpackage_Test9CTestSuite.h-TestSuite" end time: Apr 01 17:52 CEST
"subpackage_Test9CTestSuite.h-TestSuite" time elapsed: 00:00:00
----------------------------------------------------------

14/48 Testing: Test9ATestSuite.h-TestSuite
14/48 Test: Test9ATestSuite.h-TestSuite
Command: "/home/viktor/OpenDaVINCI/build/odDataStructureGenerator-reference-prefix/src/odDataStructureGenerator-reference-build/Test9_withCMake/libtest9/Test9ATestSuite.h-TestSuite"
Directory: /home/viktor/OpenDaVINCI/build/odDataStructureGenerator-reference-prefix/src/odDataStructureGenerator-reference-build/Test9_withCMake/libtest9
"Test9ATestSuite.h-TestSuite" start time: Apr 01 17:52 CEST
Output:
----------------------------------------------------------
Running libtest9-Test9ATestSuite.h tests (4 tests)....OK!
<end of output>
Test time =   0.00 sec
----------------------------------------------------------
Test Passed.
"Test9ATestSuite.h-TestSuite" end time: Apr 01 17:52 CEST
"Test9ATestSuite.h-TestSuite" time elapsed: 00:00:00
----------------------------------------------------------

15/48 Testing: Test10PointTestSuite.h-TestSuite
15/48 Test: Test10PointTestSuite.h-TestSuite
Command: "/home/viktor/OpenDaVINCI/build/odDataStructureGenerator-reference-prefix/src/odDataStructureGenerator-reference-build/Test10_withCMake/libtest10/Test10PointTestSuite.h-TestSuite"
Directory: /home/viktor/OpenDaVINCI/build/odDataStructureGenerator-reference-prefix/src/odDataStructureGenerator-reference-build/Test10_withCMake/libtest10
"Test10PointTestSuite.h-TestSuite" start time: Apr 01 17:52 CEST
Output:
----------------------------------------------------------
Running libtest10-Test10PointTestSuite.h tests (4 tests)....OK!
<end of output>
Test time =   0.00 sec
----------------------------------------------------------
Test Passed.
"Test10PointTestSuite.h-TestSuite" end time: Apr 01 17:52 CEST
"Test10PointTestSuite.h-TestSuite" time elapsed: 00:00:00
----------------------------------------------------------

16/48 Testing: Test10TestSuite.h-TestSuite
16/48 Test: Test10TestSuite.h-TestSuite
Command: "/home/viktor/OpenDaVINCI/build/odDataStructureGenerator-reference-prefix/src/odDataStructureGenerator-reference-build/Test10_withCMake/libtest10/Test10TestSuite.h-TestSuite"
Directory: /home/viktor/OpenDaVINCI/build/odDataStructureGenerator-reference-prefix/src/odDataStructureGenerator-reference-build/Test10_withCMake/libtest10
"Test10TestSuite.h-TestSuite" start time: Apr 01 17:52 CEST
Output:
----------------------------------------------------------
Running libtest10-Test10TestSuite.h tests (4 tests)....OK!
<end of output>
Test time =   0.00 sec
----------------------------------------------------------
Test Passed.
"Test10TestSuite.h-TestSuite" end time: Apr 01 17:52 CEST
"Test10TestSuite.h-TestSuite" time elapsed: 00:00:00
----------------------------------------------------------

17/48 Testing: Test11MapUint32TestSuite.h-TestSuite
17/48 Test: Test11MapUint32TestSuite.h-TestSuite
Command: "/home/viktor/OpenDaVINCI/build/odDataStructureGenerator-reference-prefix/src/odDataStructureGenerator-reference-build/Test11_withCMake/libtest11/Test11MapUint32TestSuite.h-TestSuite"
Directory: /home/viktor/OpenDaVINCI/build/odDataStructureGenerator-reference-prefix/src/odDataStructureGenerator-reference-build/Test11_withCMake/libtest11
"Test11MapUint32TestSuite.h-TestSuite" start time: Apr 01 17:52 CEST
Output:
----------------------------------------------------------
Running libtest11-Test11MapUint32TestSuite.h tests (4 tests)....OK!
<end of output>
Test time =   0.01 sec
----------------------------------------------------------
Test Passed.
"Test11MapUint32TestSuite.h-TestSuite" end time: Apr 01 17:52 CEST
"Test11MapUint32TestSuite.h-TestSuite" time elapsed: 00:00:00
----------------------------------------------------------

18/48 Testing: Test11SimpleTestSuite.h-TestSuite
18/48 Test: Test11SimpleTestSuite.h-TestSuite
Command: "/home/viktor/OpenDaVINCI/build/odDataStructureGenerator-reference-prefix/src/odDataStructureGenerator-reference-build/Test11_withCMake/libtest11/Test11SimpleTestSuite.h-TestSuite"
Directory: /home/viktor/OpenDaVINCI/build/odDataStructureGenerator-reference-prefix/src/odDataStructureGenerator-reference-build/Test11_withCMake/libtest11
"Test11SimpleTestSuite.h-TestSuite" start time: Apr 01 17:52 CEST
Output:
----------------------------------------------------------
Running libtest11-Test11SimpleTestSuite.h tests (4 tests)....OK!
<end of output>
Test time =   0.00 sec
----------------------------------------------------------
Test Passed.
"Test11SimpleTestSuite.h-TestSuite" end time: Apr 01 17:52 CEST
"Test11SimpleTestSuite.h-TestSuite" time elapsed: 00:00:00
----------------------------------------------------------

19/48 Testing: Test11MapInt32TestSuite.h-TestSuite
19/48 Test: Test11MapInt32TestSuite.h-TestSuite
Command: "/home/viktor/OpenDaVINCI/build/odDataStructureGenerator-reference-prefix/src/odDataStructureGenerator-reference-build/Test11_withCMake/libtest11/Test11MapInt32TestSuite.h-TestSuite"
Directory: /home/viktor/OpenDaVINCI/build/odDataStructureGenerator-reference-prefix/src/odDataStructureGenerator-reference-build/Test11_withCMake/libtest11
"Test11MapInt32TestSuite.h-TestSuite" start time: Apr 01 17:52 CEST
Output:
----------------------------------------------------------
Running libtest11-Test11MapInt32TestSuite.h tests (4 tests)....OK!
<end of output>
Test time =   0.00 sec
----------------------------------------------------------
Test Passed.
"Test11MapInt32TestSuite.h-TestSuite" end time: Apr 01 17:52 CEST
"Test11MapInt32TestSuite.h-TestSuite" time elapsed: 00:00:00
----------------------------------------------------------

20/48 Testing: Test11MapFloatTestSuite.h-TestSuite
20/48 Test: Test11MapFloatTestSuite.h-TestSuite
Command: "/home/viktor/OpenDaVINCI/build/odDataStructureGenerator-reference-prefix/src/odDataStructureGenerator-reference-build/Test11_withCMake/libtest11/Test11MapFloatTestSuite.h-TestSuite"
Directory: /home/viktor/OpenDaVINCI/build/odDataStructureGenerator-reference-prefix/src/odDataStructureGenerator-reference-build/Test11_withCMake/libtest11
"Test11MapFloatTestSuite.h-TestSuite" start time: Apr 01 17:52 CEST
Output:
----------------------------------------------------------
Running libtest11-Test11MapFloatTestSuite.h tests (4 tests)....OK!
<end of output>
Test time =   0.00 sec
----------------------------------------------------------
Test Passed.
"Test11MapFloatTestSuite.h-TestSuite" end time: Apr 01 17:52 CEST
"Test11MapFloatTestSuite.h-TestSuite" time elapsed: 00:00:00
----------------------------------------------------------

21/48 Testing: Test11ListsTestSuite.h-TestSuite
21/48 Test: Test11ListsTestSuite.h-TestSuite
Command: "/home/viktor/OpenDaVINCI/build/odDataStructureGenerator-reference-prefix/src/odDataStructureGenerator-reference-build/Test11_withCMake/libtest11/Test11ListsTestSuite.h-TestSuite"
Directory: /home/viktor/OpenDaVINCI/build/odDataStructureGenerator-reference-prefix/src/odDataStructureGenerator-reference-build/Test11_withCMake/libtest11
"Test11ListsTestSuite.h-TestSuite" start time: Apr 01 17:52 CEST
Output:
----------------------------------------------------------
Running libtest11-Test11ListsTestSuite.h tests (4 tests)....OK!
<end of output>
Test time =   0.00 sec
----------------------------------------------------------
Test Passed.
"Test11ListsTestSuite.h-TestSuite" end time: Apr 01 17:52 CEST
"Test11ListsTestSuite.h-TestSuite" time elapsed: 00:00:00
----------------------------------------------------------

22/48 Testing: Test11MapStringTestSuite.h-TestSuite
22/48 Test: Test11MapStringTestSuite.h-TestSuite
Command: "/home/viktor/OpenDaVINCI/build/odDataStructureGenerator-reference-prefix/src/odDataStructureGenerator-reference-build/Test11_withCMake/libtest11/Test11MapStringTestSuite.h-TestSuite"
Directory: /home/viktor/OpenDaVINCI/build/odDataStructureGenerator-reference-prefix/src/odDataStructureGenerator-reference-build/Test11_withCMake/libtest11
"Test11MapStringTestSuite.h-TestSuite" start time: Apr 01 17:52 CEST
Output:
----------------------------------------------------------
Running libtest11-Test11MapStringTestSuite.h tests (4 tests)....OK!
<end of output>
Test time =   0.00 sec
----------------------------------------------------------
Test Passed.
"Test11MapStringTestSuite.h-TestSuite" end time: Apr 01 17:52 CEST
"Test11MapStringTestSuite.h-TestSuite" time elapsed: 00:00:00
----------------------------------------------------------

23/48 Testing: Test11MapCharTestSuite.h-TestSuite
23/48 Test: Test11MapCharTestSuite.h-TestSuite
Command: "/home/viktor/OpenDaVINCI/build/odDataStructureGenerator-reference-prefix/src/odDataStructureGenerator-reference-build/Test11_withCMake/libtest11/Test11MapCharTestSuite.h-TestSuite"
Directory: /home/viktor/OpenDaVINCI/build/odDataStructureGenerator-reference-prefix/src/odDataStructureGenerator-reference-build/Test11_withCMake/libtest11
"Test11MapCharTestSuite.h-TestSuite" start time: Apr 01 17:52 CEST
Output:
----------------------------------------------------------
Running libtest11-Test11MapCharTestSuite.h tests (4 tests)....OK!
<end of output>
Test time =   0.00 sec
----------------------------------------------------------
Test Passed.
"Test11MapCharTestSuite.h-TestSuite" end time: Apr 01 17:52 CEST
"Test11MapCharTestSuite.h-TestSuite" time elapsed: 00:00:00
----------------------------------------------------------

24/48 Testing: Test11MapDoubleTestSuite.h-TestSuite
24/48 Test: Test11MapDoubleTestSuite.h-TestSuite
Command: "/home/viktor/OpenDaVINCI/build/odDataStructureGenerator-reference-prefix/src/odDataStructureGenerator-reference-build/Test11_withCMake/libtest11/Test11MapDoubleTestSuite.h-TestSuite"
Directory: /home/viktor/OpenDaVINCI/build/odDataStructureGenerator-reference-prefix/src/odDataStructureGenerator-reference-build/Test11_withCMake/libtest11
"Test11MapDoubleTestSuite.h-TestSuite" start time: Apr 01 17:52 CEST
Output:
----------------------------------------------------------
Running libtest11-Test11MapDoubleTestSuite.h tests (4 tests)....OK!
<end of output>
Test time =   0.01 sec
----------------------------------------------------------
Test Passed.
"Test11MapDoubleTestSuite.h-TestSuite" end time: Apr 01 17:52 CEST
"Test11MapDoubleTestSuite.h-TestSuite" time elapsed: 00:00:00
----------------------------------------------------------

25/48 Testing: Test11MapBoolTestSuite.h-TestSuite
25/48 Test: Test11MapBoolTestSuite.h-TestSuite
Command: "/home/viktor/OpenDaVINCI/build/odDataStructureGenerator-reference-prefix/src/odDataStructureGenerator-reference-build/Test11_withCMake/libtest11/Test11MapBoolTestSuite.h-TestSuite"
Directory: /home/viktor/OpenDaVINCI/build/odDataStructureGenerator-reference-prefix/src/odDataStructureGenerator-reference-build/Test11_withCMake/libtest11
"Test11MapBoolTestSuite.h-TestSuite" start time: Apr 01 17:52 CEST
Output:
----------------------------------------------------------
Running libtest11-Test11MapBoolTestSuite.h tests (4 tests)....OK!
<end of output>
Test time =   0.00 sec
----------------------------------------------------------
Test Passed.
"Test11MapBoolTestSuite.h-TestSuite" end time: Apr 01 17:52 CEST
"Test11MapBoolTestSuite.h-TestSuite" time elapsed: 00:00:00
----------------------------------------------------------

26/48 Testing: Test12ComplexTestSuite.h-TestSuite
26/48 Test: Test12ComplexTestSuite.h-TestSuite
Command: "/home/viktor/OpenDaVINCI/build/odDataStructureGenerator-reference-prefix/src/odDataStructureGenerator-reference-build/Test12_withCMake/libtest12/Test12ComplexTestSuite.h-TestSuite"
Directory: /home/viktor/OpenDaVINCI/build/odDataStructureGenerator-reference-prefix/src/odDataStructureGenerator-reference-build/Test12_withCMake/libtest12
"Test12ComplexTestSuite.h-TestSuite" start time: Apr 01 17:52 CEST
Output:
----------------------------------------------------------
Running libtest12-Test12ComplexTestSuite.h tests (4 tests)....OK!
<end of output>
Test time =   0.00 sec
----------------------------------------------------------
Test Passed.
"Test12ComplexTestSuite.h-TestSuite" end time: Apr 01 17:52 CEST
"Test12ComplexTestSuite.h-TestSuite" time elapsed: 00:00:00
----------------------------------------------------------

27/48 Testing: Test12MapCharTestSuite.h-TestSuite
27/48 Test: Test12MapCharTestSuite.h-TestSuite
Command: "/home/viktor/OpenDaVINCI/build/odDataStructureGenerator-reference-prefix/src/odDataStructureGenerator-reference-build/Test12_withCMake/libtest12/Test12MapCharTestSuite.h-TestSuite"
Directory: /home/viktor/OpenDaVINCI/build/odDataStructureGenerator-reference-prefix/src/odDataStructureGenerator-reference-build/Test12_withCMake/libtest12
"Test12MapCharTestSuite.h-TestSuite" start time: Apr 01 17:52 CEST
Output:
----------------------------------------------------------
Running libtest12-Test12MapCharTestSuite.h tests (4 tests)....OK!
<end of output>
Test time =   0.00 sec
----------------------------------------------------------
Test Passed.
"Test12MapCharTestSuite.h-TestSuite" end time: Apr 01 17:52 CEST
"Test12MapCharTestSuite.h-TestSuite" time elapsed: 00:00:00
----------------------------------------------------------

28/48 Testing: Test12ListsTestSuite.h-TestSuite
28/48 Test: Test12ListsTestSuite.h-TestSuite
Command: "/home/viktor/OpenDaVINCI/build/odDataStructureGenerator-reference-prefix/src/odDataStructureGenerator-reference-build/Test12_withCMake/libtest12/Test12ListsTestSuite.h-TestSuite"
Directory: /home/viktor/OpenDaVINCI/build/odDataStructureGenerator-reference-prefix/src/odDataStructureGenerator-reference-build/Test12_withCMake/libtest12
"Test12ListsTestSuite.h-TestSuite" start time: Apr 01 17:52 CEST
Output:
----------------------------------------------------------
Running libtest12-Test12ListsTestSuite.h tests (4 tests)....OK!
<end of output>
Test time =   0.00 sec
----------------------------------------------------------
Test Passed.
"Test12ListsTestSuite.h-TestSuite" end time: Apr 01 17:52 CEST
"Test12ListsTestSuite.h-TestSuite" time elapsed: 00:00:00
----------------------------------------------------------

29/48 Testing: Test12MapInt32TestSuite.h-TestSuite
29/48 Test: Test12MapInt32TestSuite.h-TestSuite
Command: "/home/viktor/OpenDaVINCI/build/odDataStructureGenerator-reference-prefix/src/odDataStructureGenerator-reference-build/Test12_withCMake/libtest12/Test12MapInt32TestSuite.h-TestSuite"
Directory: /home/viktor/OpenDaVINCI/build/odDataStructureGenerator-reference-prefix/src/odDataStructureGenerator-reference-build/Test12_withCMake/libtest12
"Test12MapInt32TestSuite.h-TestSuite" start time: Apr 01 17:52 CEST
Output:
----------------------------------------------------------
Running libtest12-Test12MapInt32TestSuite.h tests (4 tests)....OK!
<end of output>
Test time =   0.00 sec
----------------------------------------------------------
Test Passed.
"Test12MapInt32TestSuite.h-TestSuite" end time: Apr 01 17:52 CEST
"Test12MapInt32TestSuite.h-TestSuite" time elapsed: 00:00:00
----------------------------------------------------------

30/48 Testing: Test12MapFloatTestSuite.h-TestSuite
30/48 Test: Test12MapFloatTestSuite.h-TestSuite
Command: "/home/viktor/OpenDaVINCI/build/odDataStructureGenerator-reference-prefix/src/odDataStructureGenerator-reference-build/Test12_withCMake/libtest12/Test12MapFloatTestSuite.h-TestSuite"
Directory: /home/viktor/OpenDaVINCI/build/odDataStructureGenerator-reference-prefix/src/odDataStructureGenerator-reference-build/Test12_withCMake/libtest12
"Test12MapFloatTestSuite.h-TestSuite" start time: Apr 01 17:52 CEST
Output:
----------------------------------------------------------
Running libtest12-Test12MapFloatTestSuite.h tests (4 tests)....OK!
<end of output>
Test time =   0.00 sec
----------------------------------------------------------
Test Passed.
"Test12MapFloatTestSuite.h-TestSuite" end time: Apr 01 17:52 CEST
"Test12MapFloatTestSuite.h-TestSuite" time elapsed: 00:00:00
----------------------------------------------------------

31/48 Testing: Test12MapUint32TestSuite.h-TestSuite
31/48 Test: Test12MapUint32TestSuite.h-TestSuite
Command: "/home/viktor/OpenDaVINCI/build/odDataStructureGenerator-reference-prefix/src/odDataStructureGenerator-reference-build/Test12_withCMake/libtest12/Test12MapUint32TestSuite.h-TestSuite"
Directory: /home/viktor/OpenDaVINCI/build/odDataStructureGenerator-reference-prefix/src/odDataStructureGenerator-reference-build/Test12_withCMake/libtest12
"Test12MapUint32TestSuite.h-TestSuite" start time: Apr 01 17:52 CEST
Output:
----------------------------------------------------------
Running libtest12-Test12MapUint32TestSuite.h tests (4 tests)....OK!
<end of output>
Test time =   0.00 sec
----------------------------------------------------------
Test Passed.
"Test12MapUint32TestSuite.h-TestSuite" end time: Apr 01 17:52 CEST
"Test12MapUint32TestSuite.h-TestSuite" time elapsed: 00:00:00
----------------------------------------------------------

32/48 Testing: Test12MapDoubleTestSuite.h-TestSuite
32/48 Test: Test12MapDoubleTestSuite.h-TestSuite
Command: "/home/viktor/OpenDaVINCI/build/odDataStructureGenerator-reference-prefix/src/odDataStructureGenerator-reference-build/Test12_withCMake/libtest12/Test12MapDoubleTestSuite.h-TestSuite"
Directory: /home/viktor/OpenDaVINCI/build/odDataStructureGenerator-reference-prefix/src/odDataStructureGenerator-reference-build/Test12_withCMake/libtest12
"Test12MapDoubleTestSuite.h-TestSuite" start time: Apr 01 17:52 CEST
Output:
----------------------------------------------------------
Running libtest12-Test12MapDoubleTestSuite.h tests (4 tests)....OK!
<end of output>
Test time =   0.00 sec
----------------------------------------------------------
Test Passed.
"Test12MapDoubleTestSuite.h-TestSuite" end time: Apr 01 17:52 CEST
"Test12MapDoubleTestSuite.h-TestSuite" time elapsed: 00:00:00
----------------------------------------------------------

33/48 Testing: Test12SimpleTestSuite.h-TestSuite
33/48 Test: Test12SimpleTestSuite.h-TestSuite
Command: "/home/viktor/OpenDaVINCI/build/odDataStructureGenerator-reference-prefix/src/odDataStructureGenerator-reference-build/Test12_withCMake/libtest12/Test12SimpleTestSuite.h-TestSuite"
Directory: /home/viktor/OpenDaVINCI/build/odDataStructureGenerator-reference-prefix/src/odDataStructureGenerator-reference-build/Test12_withCMake/libtest12
"Test12SimpleTestSuite.h-TestSuite" start time: Apr 01 17:52 CEST
Output:
----------------------------------------------------------
Running libtest12-Test12SimpleTestSuite.h tests (4 tests)....OK!
<end of output>
Test time =   0.00 sec
----------------------------------------------------------
Test Passed.
"Test12SimpleTestSuite.h-TestSuite" end time: Apr 01 17:52 CEST
"Test12SimpleTestSuite.h-TestSuite" time elapsed: 00:00:00
----------------------------------------------------------

34/48 Testing: Test12MapBoolTestSuite.h-TestSuite
34/48 Test: Test12MapBoolTestSuite.h-TestSuite
Command: "/home/viktor/OpenDaVINCI/build/odDataStructureGenerator-reference-prefix/src/odDataStructureGenerator-reference-build/Test12_withCMake/libtest12/Test12MapBoolTestSuite.h-TestSuite"
Directory: /home/viktor/OpenDaVINCI/build/odDataStructureGenerator-reference-prefix/src/odDataStructureGenerator-reference-build/Test12_withCMake/libtest12
"Test12MapBoolTestSuite.h-TestSuite" start time: Apr 01 17:52 CEST
Output:
----------------------------------------------------------
Running libtest12-Test12MapBoolTestSuite.h tests (4 tests)....OK!
<end of output>
Test time =   0.00 sec
----------------------------------------------------------
Test Passed.
"Test12MapBoolTestSuite.h-TestSuite" end time: Apr 01 17:52 CEST
"Test12MapBoolTestSuite.h-TestSuite" time elapsed: 00:00:00
----------------------------------------------------------

35/48 Testing: Test12MapStringTestSuite.h-TestSuite
35/48 Test: Test12MapStringTestSuite.h-TestSuite
Command: "/home/viktor/OpenDaVINCI/build/odDataStructureGenerator-reference-prefix/src/odDataStructureGenerator-reference-build/Test12_withCMake/libtest12/Test12MapStringTestSuite.h-TestSuite"
Directory: /home/viktor/OpenDaVINCI/build/odDataStructureGenerator-reference-prefix/src/odDataStructureGenerator-reference-build/Test12_withCMake/libtest12
"Test12MapStringTestSuite.h-TestSuite" start time: Apr 01 17:52 CEST
Output:
----------------------------------------------------------
Running libtest12-Test12MapStringTestSuite.h tests (4 tests)....OK!
<end of output>
Test time =   0.00 sec
----------------------------------------------------------
Test Passed.
"Test12MapStringTestSuite.h-TestSuite" end time: Apr 01 17:52 CEST
"Test12MapStringTestSuite.h-TestSuite" time elapsed: 00:00:00
----------------------------------------------------------

36/48 Testing: Test13_subpackage_Test13SimpleTestSuite.h-TestSuite
36/48 Test: Test13_subpackage_Test13SimpleTestSuite.h-TestSuite
Command: "/home/viktor/OpenDaVINCI/build/odDataStructureGenerator-reference-prefix/src/odDataStructureGenerator-reference-build/Test13_withCMake/libtest13/Test13_subpackage_Test13SimpleTestSuite.h-TestSuite"
Directory: /home/viktor/OpenDaVINCI/build/odDataStructureGenerator-reference-prefix/src/odDataStructureGenerator-reference-build/Test13_withCMake/libtest13
"Test13_subpackage_Test13SimpleTestSuite.h-TestSuite" start time: Apr 01 17:52 CEST
Output:
----------------------------------------------------------
Running libtest13-Test13_subpackage_Test13SimpleTestSuite.h tests (4 tests)....OK!
<end of output>
Test time =   0.00 sec
----------------------------------------------------------
Test Passed.
"Test13_subpackage_Test13SimpleTestSuite.h-TestSuite" end time: Apr 01 17:52 CEST
"Test13_subpackage_Test13SimpleTestSuite.h-TestSuite" time elapsed: 00:00:00
----------------------------------------------------------

37/48 Testing: subpackage_Test14SimpleTestSuite.h-TestSuite
37/48 Test: subpackage_Test14SimpleTestSuite.h-TestSuite
Command: "/home/viktor/OpenDaVINCI/build/odDataStructureGenerator-reference-prefix/src/odDataStructureGenerator-reference-build/Test14_withCMake/libtest14/subpackage_Test14SimpleTestSuite.h-TestSuite"
Directory: /home/viktor/OpenDaVINCI/build/odDataStructureGenerator-reference-prefix/src/odDataStructureGenerator-reference-build/Test14_withCMake/libtest14
"subpackage_Test14SimpleTestSuite.h-TestSuite" start time: Apr 01 17:52 CEST
Output:
----------------------------------------------------------
Running libtest14-subpackage_Test14SimpleTestSuite.h tests (4 tests)....OK!
<end of output>
Test time =   0.00 sec
----------------------------------------------------------
Test Passed.
"subpackage_Test14SimpleTestSuite.h-TestSuite" end time: Apr 01 17:52 CEST
"subpackage_Test14SimpleTestSuite.h-TestSuite" time elapsed: 00:00:00
----------------------------------------------------------

38/48 Testing: Test15SimpleTestSuite.h-TestSuite
38/48 Test: Test15SimpleTestSuite.h-TestSuite
Command: "/home/viktor/OpenDaVINCI/build/odDataStructureGenerator-reference-prefix/src/odDataStructureGenerator-reference-build/Test15_withCMake/libtest15/Test15SimpleTestSuite.h-TestSuite"
Directory: /home/viktor/OpenDaVINCI/build/odDataStructureGenerator-reference-prefix/src/odDataStructureGenerator-reference-build/Test15_withCMake/libtest15
"Test15SimpleTestSuite.h-TestSuite" start time: Apr 01 17:52 CEST
Output:
----------------------------------------------------------
Running libtest15-Test15SimpleTestSuite.h tests (4 tests)....OK!
<end of output>
Test time =   0.00 sec
----------------------------------------------------------
Test Passed.
"Test15SimpleTestSuite.h-TestSuite" end time: Apr 01 17:52 CEST
"Test15SimpleTestSuite.h-TestSuite" time elapsed: 00:00:00
----------------------------------------------------------

39/48 Testing: sub_structure_Test16SimpleTestSuite.h-TestSuite
39/48 Test: sub_structure_Test16SimpleTestSuite.h-TestSuite
Command: "/home/viktor/OpenDaVINCI/build/odDataStructureGenerator-reference-prefix/src/odDataStructureGenerator-reference-build/Test16_withCMake/libtest16/sub_structure_Test16SimpleTestSuite.h-TestSuite"
Directory: /home/viktor/OpenDaVINCI/build/odDataStructureGenerator-reference-prefix/src/odDataStructureGenerator-reference-build/Test16_withCMake/libtest16
"sub_structure_Test16SimpleTestSuite.h-TestSuite" start time: Apr 01 17:52 CEST
Output:
----------------------------------------------------------
Running libtest16-sub_structure_Test16SimpleTestSuite.h tests (4 tests)....OK!
<end of output>
Test time =   0.00 sec
----------------------------------------------------------
Test Passed.
"sub_structure_Test16SimpleTestSuite.h-TestSuite" end time: Apr 01 17:52 CEST
"sub_structure_Test16SimpleTestSuite.h-TestSuite" time elapsed: 00:00:00
----------------------------------------------------------

40/48 Testing: sub_structure_Test17SuperTestSuite.h-TestSuite
40/48 Test: sub_structure_Test17SuperTestSuite.h-TestSuite
Command: "/home/viktor/OpenDaVINCI/build/odDataStructureGenerator-reference-prefix/src/odDataStructureGenerator-reference-build/Test17_withCMake/libtest17/sub_structure_Test17SuperTestSuite.h-TestSuite"
Directory: /home/viktor/OpenDaVINCI/build/odDataStructureGenerator-reference-prefix/src/odDataStructureGenerator-reference-build/Test17_withCMake/libtest17
"sub_structure_Test17SuperTestSuite.h-TestSuite" start time: Apr 01 17:52 CEST
Output:
----------------------------------------------------------
Running libtest17-sub_structure_Test17SuperTestSuite.h tests (4 tests)....OK!
<end of output>
Test time =   0.00 sec
----------------------------------------------------------
Test Passed.
"sub_structure_Test17SuperTestSuite.h-TestSuite" end time: Apr 01 17:52 CEST
"sub_structure_Test17SuperTestSuite.h-TestSuite" time elapsed: 00:00:00
----------------------------------------------------------

41/48 Testing: sub_structure_Test17ChildTestSuite.h-TestSuite
41/48 Test: sub_structure_Test17ChildTestSuite.h-TestSuite
Command: "/home/viktor/OpenDaVINCI/build/odDataStructureGenerator-reference-prefix/src/odDataStructureGenerator-reference-build/Test17_withCMake/libtest17/sub_structure_Test17ChildTestSuite.h-TestSuite"
Directory: /home/viktor/OpenDaVINCI/build/odDataStructureGenerator-reference-prefix/src/odDataStructureGenerator-reference-build/Test17_withCMake/libtest17
"sub_structure_Test17ChildTestSuite.h-TestSuite" start time: Apr 01 17:52 CEST
Output:
----------------------------------------------------------
Running libtest17-sub_structure_Test17ChildTestSuite.h tests (4 tests)....OK!
<end of output>
Test time =   0.00 sec
----------------------------------------------------------
Test Passed.
"sub_structure_Test17ChildTestSuite.h-TestSuite" end time: Apr 01 17:52 CEST
"sub_structure_Test17ChildTestSuite.h-TestSuite" time elapsed: 00:00:00
----------------------------------------------------------

42/48 Testing: Test18TestSuite.h-TestSuite
42/48 Test: Test18TestSuite.h-TestSuite
Command: "/home/viktor/OpenDaVINCI/build/odDataStructureGenerator-reference-prefix/src/odDataStructureGenerator-reference-build/Test18_withCMake/libtest18/Test18TestSuite.h-TestSuite"
Directory: /home/viktor/OpenDaVINCI/build/odDataStructureGenerator-reference-prefix/src/odDataStructureGenerator-reference-build/Test18_withCMake/libtest18
"Test18TestSuite.h-TestSuite" start time: Apr 01 17:52 CEST
Output:
----------------------------------------------------------
Running libtest18-Test18TestSuite.h tests (4 tests)....OK!
<end of output>
Test time =   0.00 sec
----------------------------------------------------------
Test Passed.
"Test18TestSuite.h-TestSuite" end time: Apr 01 17:52 CEST
"Test18TestSuite.h-TestSuite" time elapsed: 00:00:00
----------------------------------------------------------

43/48 Testing: Test19aTestSuite.h-TestSuite
43/48 Test: Test19aTestSuite.h-TestSuite
Command: "/home/viktor/OpenDaVINCI/build/odDataStructureGenerator-reference-prefix/src/odDataStructureGenerator-reference-build/Test19_withCMake/libtest19/Test19aTestSuite.h-TestSuite"
Directory: /home/viktor/OpenDaVINCI/build/odDataStructureGenerator-reference-prefix/src/odDataStructureGenerator-reference-build/Test19_withCMake/libtest19
"Test19aTestSuite.h-TestSuite" start time: Apr 01 17:52 CEST
Output:
----------------------------------------------------------
Running libtest19-Test19aTestSuite.h tests (4 tests)....OK!
<end of output>
Test time =   0.00 sec
----------------------------------------------------------
Test Passed.
"Test19aTestSuite.h-TestSuite" end time: Apr 01 17:52 CEST
"Test19aTestSuite.h-TestSuite" time elapsed: 00:00:00
----------------------------------------------------------

44/48 Testing: Test19bTestSuite.h-TestSuite
44/48 Test: Test19bTestSuite.h-TestSuite
Command: "/home/viktor/OpenDaVINCI/build/odDataStructureGenerator-reference-prefix/src/odDataStructureGenerator-reference-build/Test19_withCMake/libtest19/Test19bTestSuite.h-TestSuite"
Directory: /home/viktor/OpenDaVINCI/build/odDataStructureGenerator-reference-prefix/src/odDataStructureGenerator-reference-build/Test19_withCMake/libtest19
"Test19bTestSuite.h-TestSuite" start time: Apr 01 17:52 CEST
Output:
----------------------------------------------------------
Running libtest19-Test19bTestSuite.h tests (4 tests)....OK!
<end of output>
Test time =   0.00 sec
----------------------------------------------------------
Test Passed.
"Test19bTestSuite.h-TestSuite" end time: Apr 01 17:52 CEST
"Test19bTestSuite.h-TestSuite" time elapsed: 00:00:00
----------------------------------------------------------

45/48 Testing: Test19cTestSuite.h-TestSuite
45/48 Test: Test19cTestSuite.h-TestSuite
Command: "/home/viktor/OpenDaVINCI/build/odDataStructureGenerator-reference-prefix/src/odDataStructureGenerator-reference-build/Test19_withCMake/libtest19/Test19cTestSuite.h-TestSuite"
Directory: /home/viktor/OpenDaVINCI/build/odDataStructureGenerator-reference-prefix/src/odDataStructureGenerator-reference-build/Test19_withCMake/libtest19
"Test19cTestSuite.h-TestSuite" start time: Apr 01 17:52 CEST
Output:
----------------------------------------------------------
Running libtest19-Test19cTestSuite.h tests (4 tests)....OK!
<end of output>
Test time =   0.00 sec
----------------------------------------------------------
Test Passed.
"Test19cTestSuite.h-TestSuite" end time: Apr 01 17:52 CEST
"Test19cTestSuite.h-TestSuite" time elapsed: 00:00:00
----------------------------------------------------------

46/48 Testing: sub_structure_Test20bTestSuite.h-TestSuite
46/48 Test: sub_structure_Test20bTestSuite.h-TestSuite
Command: "/home/viktor/OpenDaVINCI/build/odDataStructureGenerator-reference-prefix/src/odDataStructureGenerator-reference-build/Test20_withCMake/libtest20/sub_structure_Test20bTestSuite.h-TestSuite"
Directory: /home/viktor/OpenDaVINCI/build/odDataStructureGenerator-reference-prefix/src/odDataStructureGenerator-reference-build/Test20_withCMake/libtest20
"sub_structure_Test20bTestSuite.h-TestSuite" start time: Apr 01 17:52 CEST
Output:
----------------------------------------------------------
Running libtest20-sub_structure_Test20bTestSuite.h tests (4 tests)....OK!
<end of output>
Test time =   0.00 sec
----------------------------------------------------------
Test Passed.
"sub_structure_Test20bTestSuite.h-TestSuite" end time: Apr 01 17:52 CEST
"sub_structure_Test20bTestSuite.h-TestSuite" time elapsed: 00:00:00
----------------------------------------------------------

47/48 Testing: Test20aTestSuite.h-TestSuite
47/48 Test: Test20aTestSuite.h-TestSuite
Command: "/home/viktor/OpenDaVINCI/build/odDataStructureGenerator-reference-prefix/src/odDataStructureGenerator-reference-build/Test20_withCMake/libtest20/Test20aTestSuite.h-TestSuite"
Directory: /home/viktor/OpenDaVINCI/build/odDataStructureGenerator-reference-prefix/src/odDataStructureGenerator-reference-build/Test20_withCMake/libtest20
"Test20aTestSuite.h-TestSuite" start time: Apr 01 17:52 CEST
Output:
----------------------------------------------------------
Running libtest20-Test20aTestSuite.h tests (4 tests)....OK!
<end of output>
Test time =   0.00 sec
----------------------------------------------------------
Test Passed.
"Test20aTestSuite.h-TestSuite" end time: Apr 01 17:52 CEST
"Test20aTestSuite.h-TestSuite" time elapsed: 00:00:00
----------------------------------------------------------

48/48 Testing: sub_structure2_Test20cTestSuite.h-TestSuite
48/48 Test: sub_structure2_Test20cTestSuite.h-TestSuite
Command: "/home/viktor/OpenDaVINCI/build/odDataStructureGenerator-reference-prefix/src/odDataStructureGenerator-reference-build/Test20_withCMake/libtest20/sub_structure2_Test20cTestSuite.h-TestSuite"
Directory: /home/viktor/OpenDaVINCI/build/odDataStructureGenerator-reference-prefix/src/odDataStructureGenerator-reference-build/Test20_withCMake/libtest20
"sub_structure2_Test20cTestSuite.h-TestSuite" start time: Apr 01 17:52 CEST
Output:
----------------------------------------------------------
Running libtest20-sub_structure2_Test20cTestSuite.h tests (4 tests)....OK!
<end of output>
Test time =   0.00 sec
----------------------------------------------------------
Test Passed.
"sub_structure2_Test20cTestSuite.h-TestSuite" end time: Apr 01 17:52 CEST
"sub_structure2_Test20cTestSuite.h-TestSuite" time elapsed: 00:00:00
----------------------------------------------------------

End testing: Apr 01 17:52 CEST
