Start testing: Apr 01 17:47 CEST
----------------------------------------------------------
1/31 Testing: from_opendlv_proxy_reverefh16_PedalsTestSuite.h-TestSuite
1/31 Test: from_opendlv_proxy_reverefh16_PedalsTestSuite.h-TestSuite
Command: "/home/viktor/OpenDaVINCI/build/libautomotivedata-prefix/src/libautomotivedata-build/from_opendlv_proxy_reverefh16_PedalsTestSuite.h-TestSuite"
Directory: /home/viktor/OpenDaVINCI/build/libautomotivedata-prefix/src/libautomotivedata-build
"from_opendlv_proxy_reverefh16_PedalsTestSuite.h-TestSuite" start time: Apr 01 17:47 CEST
Output:
----------------------------------------------------------
Running libautomotivedata-from_opendlv_proxy_reverefh16_PedalsTestSuite.h tests (4 tests)....OK!
<end of output>
Test time =   0.00 sec
----------------------------------------------------------
Test Passed.
"from_opendlv_proxy_reverefh16_PedalsTestSuite.h-TestSuite" end time: Apr 01 17:47 CEST
"from_opendlv_proxy_reverefh16_PedalsTestSuite.h-TestSuite" time elapsed: 00:00:00
----------------------------------------------------------

2/31 Testing: fxe_KeyPointTestSuite.h-TestSuite
2/31 Test: fxe_KeyPointTestSuite.h-TestSuite
Command: "/home/viktor/OpenDaVINCI/build/libautomotivedata-prefix/src/libautomotivedata-build/fxe_KeyPointTestSuite.h-TestSuite"
Directory: /home/viktor/OpenDaVINCI/build/libautomotivedata-prefix/src/libautomotivedata-build
"fxe_KeyPointTestSuite.h-TestSuite" start time: Apr 01 17:47 CEST
Output:
----------------------------------------------------------
Running libautomotivedata-fxe_KeyPointTestSuite.h tests (4 tests)....OK!
<end of output>
Test time =   0.00 sec
----------------------------------------------------------
Test Passed.
"fxe_KeyPointTestSuite.h-TestSuite" end time: Apr 01 17:47 CEST
"fxe_KeyPointTestSuite.h-TestSuite" time elapsed: 00:00:00
----------------------------------------------------------

3/31 Testing: automotive_carolocup_SensorsTestSuite.h-TestSuite
3/31 Test: automotive_carolocup_SensorsTestSuite.h-TestSuite
Command: "/home/viktor/OpenDaVINCI/build/libautomotivedata-prefix/src/libautomotivedata-build/automotive_carolocup_SensorsTestSuite.h-TestSuite"
Directory: /home/viktor/OpenDaVINCI/build/libautomotivedata-prefix/src/libautomotivedata-build
"automotive_carolocup_SensorsTestSuite.h-TestSuite" start time: Apr 01 17:47 CEST
Output:
----------------------------------------------------------
Running libautomotivedata-automotive_carolocup_SensorsTestSuite.h tests (4 tests)....OK!
<end of output>
Test time =   0.00 sec
----------------------------------------------------------
Test Passed.
"automotive_carolocup_SensorsTestSuite.h-TestSuite" end time: Apr 01 17:47 CEST
"automotive_carolocup_SensorsTestSuite.h-TestSuite" time elapsed: 00:00:00
----------------------------------------------------------

4/31 Testing: fxe_NoiseTestSuite.h-TestSuite
4/31 Test: fxe_NoiseTestSuite.h-TestSuite
Command: "/home/viktor/OpenDaVINCI/build/libautomotivedata-prefix/src/libautomotivedata-build/fxe_NoiseTestSuite.h-TestSuite"
Directory: /home/viktor/OpenDaVINCI/build/libautomotivedata-prefix/src/libautomotivedata-build
"fxe_NoiseTestSuite.h-TestSuite" start time: Apr 01 17:47 CEST
Output:
----------------------------------------------------------
Running libautomotivedata-fxe_NoiseTestSuite.h tests (4 tests)....OK!
<end of output>
Test time =   0.00 sec
----------------------------------------------------------
Test Passed.
"fxe_NoiseTestSuite.h-TestSuite" end time: Apr 01 17:47 CEST
"fxe_NoiseTestSuite.h-TestSuite" time elapsed: 00:00:00
----------------------------------------------------------

5/31 Testing: from_opendlv_proxy_reverefh16_SteeringTestSuite.h-TestSuite
5/31 Test: from_opendlv_proxy_reverefh16_SteeringTestSuite.h-TestSuite
Command: "/home/viktor/OpenDaVINCI/build/libautomotivedata-prefix/src/libautomotivedata-build/from_opendlv_proxy_reverefh16_SteeringTestSuite.h-TestSuite"
Directory: /home/viktor/OpenDaVINCI/build/libautomotivedata-prefix/src/libautomotivedata-build
"from_opendlv_proxy_reverefh16_SteeringTestSuite.h-TestSuite" start time: Apr 01 17:47 CEST
Output:
----------------------------------------------------------
Running libautomotivedata-from_opendlv_proxy_reverefh16_SteeringTestSuite.h tests (4 tests)....OK!
<end of output>
Test time =   0.00 sec
----------------------------------------------------------
Test Passed.
"from_opendlv_proxy_reverefh16_SteeringTestSuite.h-TestSuite" end time: Apr 01 17:47 CEST
"from_opendlv_proxy_reverefh16_SteeringTestSuite.h-TestSuite" time elapsed: 00:00:00
----------------------------------------------------------

6/31 Testing: automotive_carolocup_ControlTestSuite.h-TestSuite
6/31 Test: automotive_carolocup_ControlTestSuite.h-TestSuite
Command: "/home/viktor/OpenDaVINCI/build/libautomotivedata-prefix/src/libautomotivedata-build/automotive_carolocup_ControlTestSuite.h-TestSuite"
Directory: /home/viktor/OpenDaVINCI/build/libautomotivedata-prefix/src/libautomotivedata-build
"automotive_carolocup_ControlTestSuite.h-TestSuite" start time: Apr 01 17:47 CEST
Output:
----------------------------------------------------------
Running libautomotivedata-automotive_carolocup_ControlTestSuite.h tests (4 tests)....OK!
<end of output>
Test time =   0.00 sec
----------------------------------------------------------
Test Passed.
"automotive_carolocup_ControlTestSuite.h-TestSuite" end time: Apr 01 17:47 CEST
"automotive_carolocup_ControlTestSuite.h-TestSuite" time elapsed: 00:00:00
----------------------------------------------------------

7/31 Testing: automotive_vehicle_WheelSpeedTestSuite.h-TestSuite
7/31 Test: automotive_vehicle_WheelSpeedTestSuite.h-TestSuite
Command: "/home/viktor/OpenDaVINCI/build/libautomotivedata-prefix/src/libautomotivedata-build/automotive_vehicle_WheelSpeedTestSuite.h-TestSuite"
Directory: /home/viktor/OpenDaVINCI/build/libautomotivedata-prefix/src/libautomotivedata-build
"automotive_vehicle_WheelSpeedTestSuite.h-TestSuite" start time: Apr 01 17:47 CEST
Output:
----------------------------------------------------------
Running libautomotivedata-automotive_vehicle_WheelSpeedTestSuite.h tests (4 tests)....OK!
<end of output>
Test time =   0.00 sec
----------------------------------------------------------
Test Passed.
"automotive_vehicle_WheelSpeedTestSuite.h-TestSuite" end time: Apr 01 17:47 CEST
"automotive_vehicle_WheelSpeedTestSuite.h-TestSuite" time elapsed: 00:00:00
----------------------------------------------------------

8/31 Testing: from_opendlv_proxy_reverefh16_WheelsTestSuite.h-TestSuite
8/31 Test: from_opendlv_proxy_reverefh16_WheelsTestSuite.h-TestSuite
Command: "/home/viktor/OpenDaVINCI/build/libautomotivedata-prefix/src/libautomotivedata-build/from_opendlv_proxy_reverefh16_WheelsTestSuite.h-TestSuite"
Directory: /home/viktor/OpenDaVINCI/build/libautomotivedata-prefix/src/libautomotivedata-build
"from_opendlv_proxy_reverefh16_WheelsTestSuite.h-TestSuite" start time: Apr 01 17:47 CEST
Output:
----------------------------------------------------------
Running libautomotivedata-from_opendlv_proxy_reverefh16_WheelsTestSuite.h tests (4 tests)....OK!
<end of output>
Test time =   0.00 sec
----------------------------------------------------------
Test Passed.
"from_opendlv_proxy_reverefh16_WheelsTestSuite.h-TestSuite" end time: Apr 01 17:47 CEST
"from_opendlv_proxy_reverefh16_WheelsTestSuite.h-TestSuite" time elapsed: 00:00:00
----------------------------------------------------------

9/31 Testing: fxe_RecordingTestSuite.h-TestSuite
9/31 Test: fxe_RecordingTestSuite.h-TestSuite
Command: "/home/viktor/OpenDaVINCI/build/libautomotivedata-prefix/src/libautomotivedata-build/fxe_RecordingTestSuite.h-TestSuite"
Directory: /home/viktor/OpenDaVINCI/build/libautomotivedata-prefix/src/libautomotivedata-build
"fxe_RecordingTestSuite.h-TestSuite" start time: Apr 01 17:47 CEST
Output:
----------------------------------------------------------
Running libautomotivedata-fxe_RecordingTestSuite.h tests (4 tests)....OK!
<end of output>
Test time =   0.00 sec
----------------------------------------------------------
Test Passed.
"fxe_RecordingTestSuite.h-TestSuite" end time: Apr 01 17:47 CEST
"fxe_RecordingTestSuite.h-TestSuite" time elapsed: 00:00:00
----------------------------------------------------------

10/31 Testing: cartesian_ConstantsTestSuite.h-TestSuite
10/31 Test: cartesian_ConstantsTestSuite.h-TestSuite
Command: "/home/viktor/OpenDaVINCI/build/libautomotivedata-prefix/src/libautomotivedata-build/cartesian_ConstantsTestSuite.h-TestSuite"
Directory: /home/viktor/OpenDaVINCI/build/libautomotivedata-prefix/src/libautomotivedata-build
"cartesian_ConstantsTestSuite.h-TestSuite" start time: Apr 01 17:47 CEST
Output:
----------------------------------------------------------
Running libautomotivedata-cartesian_ConstantsTestSuite.h tests (4 tests)....OK!
<end of output>
Test time =   0.00 sec
----------------------------------------------------------
Test Passed.
"cartesian_ConstantsTestSuite.h-TestSuite" end time: Apr 01 17:47 CEST
"cartesian_ConstantsTestSuite.h-TestSuite" time elapsed: 00:00:00
----------------------------------------------------------

11/31 Testing: automotive_miniature_SteeringDataTestSuite.h-TestSuite
11/31 Test: automotive_miniature_SteeringDataTestSuite.h-TestSuite
Command: "/home/viktor/OpenDaVINCI/build/libautomotivedata-prefix/src/libautomotivedata-build/automotive_miniature_SteeringDataTestSuite.h-TestSuite"
Directory: /home/viktor/OpenDaVINCI/build/libautomotivedata-prefix/src/libautomotivedata-build
"automotive_miniature_SteeringDataTestSuite.h-TestSuite" start time: Apr 01 17:47 CEST
Output:
----------------------------------------------------------
Running libautomotivedata-automotive_miniature_SteeringDataTestSuite.h tests (4 tests)....OK!
<end of output>
Test time =   0.00 sec
----------------------------------------------------------
Test Passed.
"automotive_miniature_SteeringDataTestSuite.h-TestSuite" end time: Apr 01 17:47 CEST
"automotive_miniature_SteeringDataTestSuite.h-TestSuite" time elapsed: 00:00:00
----------------------------------------------------------

12/31 Testing: from_opendlv_proxy_reverefh16_PropulsionTestSuite.h-TestSuite
12/31 Test: from_opendlv_proxy_reverefh16_PropulsionTestSuite.h-TestSuite
Command: "/home/viktor/OpenDaVINCI/build/libautomotivedata-prefix/src/libautomotivedata-build/from_opendlv_proxy_reverefh16_PropulsionTestSuite.h-TestSuite"
Directory: /home/viktor/OpenDaVINCI/build/libautomotivedata-prefix/src/libautomotivedata-build
"from_opendlv_proxy_reverefh16_PropulsionTestSuite.h-TestSuite" start time: Apr 01 17:47 CEST
Output:
----------------------------------------------------------
Running libautomotivedata-from_opendlv_proxy_reverefh16_PropulsionTestSuite.h tests (4 tests)....OK!
<end of output>
Test time =   0.00 sec
----------------------------------------------------------
Test Passed.
"from_opendlv_proxy_reverefh16_PropulsionTestSuite.h-TestSuite" end time: Apr 01 17:47 CEST
"from_opendlv_proxy_reverefh16_PropulsionTestSuite.h-TestSuite" time elapsed: 00:00:00
----------------------------------------------------------

13/31 Testing: automotive_vehicle_LightSystemTestSuite.h-TestSuite
13/31 Test: automotive_vehicle_LightSystemTestSuite.h-TestSuite
Command: "/home/viktor/OpenDaVINCI/build/libautomotivedata-prefix/src/libautomotivedata-build/automotive_vehicle_LightSystemTestSuite.h-TestSuite"
Directory: /home/viktor/OpenDaVINCI/build/libautomotivedata-prefix/src/libautomotivedata-build
"automotive_vehicle_LightSystemTestSuite.h-TestSuite" start time: Apr 01 17:47 CEST
Output:
----------------------------------------------------------
Running libautomotivedata-automotive_vehicle_LightSystemTestSuite.h tests (4 tests)....OK!
<end of output>
Test time =   0.00 sec
----------------------------------------------------------
Test Passed.
"automotive_vehicle_LightSystemTestSuite.h-TestSuite" end time: Apr 01 17:47 CEST
"automotive_vehicle_LightSystemTestSuite.h-TestSuite" time elapsed: 00:00:00
----------------------------------------------------------

14/31 Testing: automotive_miniature_STM32F4ControlTestSuite.h-TestSuite
14/31 Test: automotive_miniature_STM32F4ControlTestSuite.h-TestSuite
Command: "/home/viktor/OpenDaVINCI/build/libautomotivedata-prefix/src/libautomotivedata-build/automotive_miniature_STM32F4ControlTestSuite.h-TestSuite"
Directory: /home/viktor/OpenDaVINCI/build/libautomotivedata-prefix/src/libautomotivedata-build
"automotive_miniature_STM32F4ControlTestSuite.h-TestSuite" start time: Apr 01 17:47 CEST
Output:
----------------------------------------------------------
Running libautomotivedata-automotive_miniature_STM32F4ControlTestSuite.h tests (4 tests)....OK!
<end of output>
Test time =   0.00 sec
----------------------------------------------------------
Test Passed.
"automotive_miniature_STM32F4ControlTestSuite.h-TestSuite" end time: Apr 01 17:47 CEST
"automotive_miniature_STM32F4ControlTestSuite.h-TestSuite" time elapsed: 00:00:00
----------------------------------------------------------

15/31 Testing: cartesian_Matrix3x3TestSuite.h-TestSuite
15/31 Test: cartesian_Matrix3x3TestSuite.h-TestSuite
Command: "/home/viktor/OpenDaVINCI/build/libautomotivedata-prefix/src/libautomotivedata-build/cartesian_Matrix3x3TestSuite.h-TestSuite"
Directory: /home/viktor/OpenDaVINCI/build/libautomotivedata-prefix/src/libautomotivedata-build
"cartesian_Matrix3x3TestSuite.h-TestSuite" start time: Apr 01 17:47 CEST
Output:
----------------------------------------------------------
Running libautomotivedata-cartesian_Matrix3x3TestSuite.h tests (4 tests)....OK!
<end of output>
Test time =   0.00 sec
----------------------------------------------------------
Test Passed.
"cartesian_Matrix3x3TestSuite.h-TestSuite" end time: Apr 01 17:47 CEST
"cartesian_Matrix3x3TestSuite.h-TestSuite" time elapsed: 00:00:00
----------------------------------------------------------

16/31 Testing: automotive_miniature_UserButtonDataTestSuite.h-TestSuite
16/31 Test: automotive_miniature_UserButtonDataTestSuite.h-TestSuite
Command: "/home/viktor/OpenDaVINCI/build/libautomotivedata-prefix/src/libautomotivedata-build/automotive_miniature_UserButtonDataTestSuite.h-TestSuite"
Directory: /home/viktor/OpenDaVINCI/build/libautomotivedata-prefix/src/libautomotivedata-build
"automotive_miniature_UserButtonDataTestSuite.h-TestSuite" start time: Apr 01 17:47 CEST
Output:
----------------------------------------------------------
Running libautomotivedata-automotive_miniature_UserButtonDataTestSuite.h tests (4 tests)....OK!
<end of output>
Test time =   0.00 sec
----------------------------------------------------------
Test Passed.
"automotive_miniature_UserButtonDataTestSuite.h-TestSuite" end time: Apr 01 17:47 CEST
"automotive_miniature_UserButtonDataTestSuite.h-TestSuite" time elapsed: 00:00:00
----------------------------------------------------------

17/31 Testing: from_opendlv_proxy_reverefh16_BrakeRequestTestSuite.h-TestSuite
17/31 Test: from_opendlv_proxy_reverefh16_BrakeRequestTestSuite.h-TestSuite
Command: "/home/viktor/OpenDaVINCI/build/libautomotivedata-prefix/src/libautomotivedata-build/from_opendlv_proxy_reverefh16_BrakeRequestTestSuite.h-TestSuite"
Directory: /home/viktor/OpenDaVINCI/build/libautomotivedata-prefix/src/libautomotivedata-build
"from_opendlv_proxy_reverefh16_BrakeRequestTestSuite.h-TestSuite" start time: Apr 01 17:47 CEST
Output:
----------------------------------------------------------
Running libautomotivedata-from_opendlv_proxy_reverefh16_BrakeRequestTestSuite.h tests (4 tests)....OK!
<end of output>
Test time =   0.00 sec
----------------------------------------------------------
Test Passed.
"from_opendlv_proxy_reverefh16_BrakeRequestTestSuite.h-TestSuite" end time: Apr 01 17:47 CEST
"from_opendlv_proxy_reverefh16_BrakeRequestTestSuite.h-TestSuite" time elapsed: 00:00:00
----------------------------------------------------------

18/31 Testing: from_opendlv_proxy_reverefh16_AccelerationRequestTestSuite.h-TestSuite
18/31 Test: from_opendlv_proxy_reverefh16_AccelerationRequestTestSuite.h-TestSuite
Command: "/home/viktor/OpenDaVINCI/build/libautomotivedata-prefix/src/libautomotivedata-build/from_opendlv_proxy_reverefh16_AccelerationRequestTestSuite.h-TestSuite"
Directory: /home/viktor/OpenDaVINCI/build/libautomotivedata-prefix/src/libautomotivedata-build
"from_opendlv_proxy_reverefh16_AccelerationRequestTestSuite.h-TestSuite" start time: Apr 01 17:47 CEST
Output:
----------------------------------------------------------
Running libautomotivedata-from_opendlv_proxy_reverefh16_AccelerationRequestTestSuite.h tests (4 tests)....OK!
<end of output>
Test time =   0.00 sec
----------------------------------------------------------
Test Passed.
"from_opendlv_proxy_reverefh16_AccelerationRequestTestSuite.h-TestSuite" end time: Apr 01 17:47 CEST
"from_opendlv_proxy_reverefh16_AccelerationRequestTestSuite.h-TestSuite" time elapsed: 00:00:00
----------------------------------------------------------

19/31 Testing: automotive_VehicleDataTestSuite.h-TestSuite
19/31 Test: automotive_VehicleDataTestSuite.h-TestSuite
Command: "/home/viktor/OpenDaVINCI/build/libautomotivedata-prefix/src/libautomotivedata-build/automotive_VehicleDataTestSuite.h-TestSuite"
Directory: /home/viktor/OpenDaVINCI/build/libautomotivedata-prefix/src/libautomotivedata-build
"automotive_VehicleDataTestSuite.h-TestSuite" start time: Apr 01 17:47 CEST
Output:
----------------------------------------------------------
Running libautomotivedata-automotive_VehicleDataTestSuite.h tests (4 tests)....OK!
<end of output>
Test time =   0.00 sec
----------------------------------------------------------
Test Passed.
"automotive_VehicleDataTestSuite.h-TestSuite" end time: Apr 01 17:47 CEST
"automotive_VehicleDataTestSuite.h-TestSuite" time elapsed: 00:00:00
----------------------------------------------------------

20/31 Testing: automotive_GenericCANMessageTestSuite.h-TestSuite
20/31 Test: automotive_GenericCANMessageTestSuite.h-TestSuite
Command: "/home/viktor/OpenDaVINCI/build/libautomotivedata-prefix/src/libautomotivedata-build/automotive_GenericCANMessageTestSuite.h-TestSuite"
Directory: /home/viktor/OpenDaVINCI/build/libautomotivedata-prefix/src/libautomotivedata-build
"automotive_GenericCANMessageTestSuite.h-TestSuite" start time: Apr 01 17:47 CEST
Output:
----------------------------------------------------------
Running libautomotivedata-automotive_GenericCANMessageTestSuite.h tests (4 tests)....OK!
<end of output>
Test time =   0.00 sec
----------------------------------------------------------
Test Passed.
"automotive_GenericCANMessageTestSuite.h-TestSuite" end time: Apr 01 17:47 CEST
"automotive_GenericCANMessageTestSuite.h-TestSuite" time elapsed: 00:00:00
----------------------------------------------------------

21/31 Testing: from_opendlv_proxy_reverefh16_AxlesTestSuite.h-TestSuite
21/31 Test: from_opendlv_proxy_reverefh16_AxlesTestSuite.h-TestSuite
Command: "/home/viktor/OpenDaVINCI/build/libautomotivedata-prefix/src/libautomotivedata-build/from_opendlv_proxy_reverefh16_AxlesTestSuite.h-TestSuite"
Directory: /home/viktor/OpenDaVINCI/build/libautomotivedata-prefix/src/libautomotivedata-build
"from_opendlv_proxy_reverefh16_AxlesTestSuite.h-TestSuite" start time: Apr 01 17:47 CEST
Output:
----------------------------------------------------------
Running libautomotivedata-from_opendlv_proxy_reverefh16_AxlesTestSuite.h tests (4 tests)....OK!
<end of output>
Test time =   0.00 sec
----------------------------------------------------------
Test Passed.
"from_opendlv_proxy_reverefh16_AxlesTestSuite.h-TestSuite" end time: Apr 01 17:47 CEST
"from_opendlv_proxy_reverefh16_AxlesTestSuite.h-TestSuite" time elapsed: 00:00:00
----------------------------------------------------------

22/31 Testing: cartesian_Point2TestSuite.h-TestSuite
22/31 Test: cartesian_Point2TestSuite.h-TestSuite
Command: "/home/viktor/OpenDaVINCI/build/libautomotivedata-prefix/src/libautomotivedata-build/cartesian_Point2TestSuite.h-TestSuite"
Directory: /home/viktor/OpenDaVINCI/build/libautomotivedata-prefix/src/libautomotivedata-build
"cartesian_Point2TestSuite.h-TestSuite" start time: Apr 01 17:47 CEST
Output:
----------------------------------------------------------
Running libautomotivedata-cartesian_Point2TestSuite.h tests (4 tests)....OK!
<end of output>
Test time =   0.00 sec
----------------------------------------------------------
Test Passed.
"cartesian_Point2TestSuite.h-TestSuite" end time: Apr 01 17:47 CEST
"cartesian_Point2TestSuite.h-TestSuite" time elapsed: 00:00:00
----------------------------------------------------------

23/31 Testing: automotive_miniature_SensorBoardDataTestSuite.h-TestSuite
23/31 Test: automotive_miniature_SensorBoardDataTestSuite.h-TestSuite
Command: "/home/viktor/OpenDaVINCI/build/libautomotivedata-prefix/src/libautomotivedata-build/automotive_miniature_SensorBoardDataTestSuite.h-TestSuite"
Directory: /home/viktor/OpenDaVINCI/build/libautomotivedata-prefix/src/libautomotivedata-build
"automotive_miniature_SensorBoardDataTestSuite.h-TestSuite" start time: Apr 01 17:47 CEST
Output:
----------------------------------------------------------
Running libautomotivedata-automotive_miniature_SensorBoardDataTestSuite.h tests (4 tests)....OK!
<end of output>
Test time =   0.00 sec
----------------------------------------------------------
Test Passed.
"automotive_miniature_SensorBoardDataTestSuite.h-TestSuite" end time: Apr 01 17:47 CEST
"automotive_miniature_SensorBoardDataTestSuite.h-TestSuite" time elapsed: 00:00:00
----------------------------------------------------------

24/31 Testing: automotive_ForceControlTestSuite.h-TestSuite
24/31 Test: automotive_ForceControlTestSuite.h-TestSuite
Command: "/home/viktor/OpenDaVINCI/build/libautomotivedata-prefix/src/libautomotivedata-build/automotive_ForceControlTestSuite.h-TestSuite"
Directory: /home/viktor/OpenDaVINCI/build/libautomotivedata-prefix/src/libautomotivedata-build
"automotive_ForceControlTestSuite.h-TestSuite" start time: Apr 01 17:47 CEST
Output:
----------------------------------------------------------
Running libautomotivedata-automotive_ForceControlTestSuite.h tests (4 tests)....OK!
<end of output>
Test time =   0.00 sec
----------------------------------------------------------
Test Passed.
"automotive_ForceControlTestSuite.h-TestSuite" end time: Apr 01 17:47 CEST
"automotive_ForceControlTestSuite.h-TestSuite" time elapsed: 00:00:00
----------------------------------------------------------

25/31 Testing: from_opendlv_proxy_reverefh16_VehicleStateTestSuite.h-TestSuite
25/31 Test: from_opendlv_proxy_reverefh16_VehicleStateTestSuite.h-TestSuite
Command: "/home/viktor/OpenDaVINCI/build/libautomotivedata-prefix/src/libautomotivedata-build/from_opendlv_proxy_reverefh16_VehicleStateTestSuite.h-TestSuite"
Directory: /home/viktor/OpenDaVINCI/build/libautomotivedata-prefix/src/libautomotivedata-build
"from_opendlv_proxy_reverefh16_VehicleStateTestSuite.h-TestSuite" start time: Apr 01 17:47 CEST
Output:
----------------------------------------------------------
Running libautomotivedata-from_opendlv_proxy_reverefh16_VehicleStateTestSuite.h tests (4 tests)....OK!
<end of output>
Test time =   0.00 sec
----------------------------------------------------------
Test Passed.
"from_opendlv_proxy_reverefh16_VehicleStateTestSuite.h-TestSuite" end time: Apr 01 17:47 CEST
"from_opendlv_proxy_reverefh16_VehicleStateTestSuite.h-TestSuite" time elapsed: 00:00:00
----------------------------------------------------------

26/31 Testing: automotive_VehicleControlTestSuite.h-TestSuite
26/31 Test: automotive_VehicleControlTestSuite.h-TestSuite
Command: "/home/viktor/OpenDaVINCI/build/libautomotivedata-prefix/src/libautomotivedata-build/automotive_VehicleControlTestSuite.h-TestSuite"
Directory: /home/viktor/OpenDaVINCI/build/libautomotivedata-prefix/src/libautomotivedata-build
"automotive_VehicleControlTestSuite.h-TestSuite" start time: Apr 01 17:47 CEST
Output:
----------------------------------------------------------
Running libautomotivedata-automotive_VehicleControlTestSuite.h tests (4 tests)....OK!
<end of output>
Test time =   0.00 sec
----------------------------------------------------------
Test Passed.
"automotive_VehicleControlTestSuite.h-TestSuite" end time: Apr 01 17:47 CEST
"automotive_VehicleControlTestSuite.h-TestSuite" time elapsed: 00:00:00
----------------------------------------------------------

27/31 Testing: automotive_miniature_STM32F4DataTestSuite.h-TestSuite
27/31 Test: automotive_miniature_STM32F4DataTestSuite.h-TestSuite
Command: "/home/viktor/OpenDaVINCI/build/libautomotivedata-prefix/src/libautomotivedata-build/automotive_miniature_STM32F4DataTestSuite.h-TestSuite"
Directory: /home/viktor/OpenDaVINCI/build/libautomotivedata-prefix/src/libautomotivedata-build
"automotive_miniature_STM32F4DataTestSuite.h-TestSuite" start time: Apr 01 17:47 CEST
Output:
----------------------------------------------------------
Running libautomotivedata-automotive_miniature_STM32F4DataTestSuite.h tests (4 tests)....OK!
<end of output>
Test time =   0.00 sec
----------------------------------------------------------
Test Passed.
"automotive_miniature_STM32F4DataTestSuite.h-TestSuite" end time: Apr 01 17:47 CEST
"automotive_miniature_STM32F4DataTestSuite.h-TestSuite" time elapsed: 00:00:00
----------------------------------------------------------

28/31 Testing: cartesian_PositionTestSuite.h-TestSuite
28/31 Test: cartesian_PositionTestSuite.h-TestSuite
Command: "/home/viktor/OpenDaVINCI/build/libautomotivedata-prefix/src/libautomotivedata-build/cartesian_PositionTestSuite.h-TestSuite"
Directory: /home/viktor/OpenDaVINCI/build/libautomotivedata-prefix/src/libautomotivedata-build
"cartesian_PositionTestSuite.h-TestSuite" start time: Apr 01 17:47 CEST
Output:
----------------------------------------------------------
Running libautomotivedata-cartesian_PositionTestSuite.h tests (4 tests)....OK!
<end of output>
Test time =   0.00 sec
----------------------------------------------------------
Test Passed.
"cartesian_PositionTestSuite.h-TestSuite" end time: Apr 01 17:47 CEST
"cartesian_PositionTestSuite.h-TestSuite" time elapsed: 00:00:00
----------------------------------------------------------

29/31 Testing: fxe_CorrespondenceTestSuite.h-TestSuite
29/31 Test: fxe_CorrespondenceTestSuite.h-TestSuite
Command: "/home/viktor/OpenDaVINCI/build/libautomotivedata-prefix/src/libautomotivedata-build/fxe_CorrespondenceTestSuite.h-TestSuite"
Directory: /home/viktor/OpenDaVINCI/build/libautomotivedata-prefix/src/libautomotivedata-build
"fxe_CorrespondenceTestSuite.h-TestSuite" start time: Apr 01 17:47 CEST
Output:
----------------------------------------------------------
Running libautomotivedata-fxe_CorrespondenceTestSuite.h tests (4 tests)....OK!
<end of output>
Test time =   0.00 sec
----------------------------------------------------------
Test Passed.
"fxe_CorrespondenceTestSuite.h-TestSuite" end time: Apr 01 17:47 CEST
"fxe_CorrespondenceTestSuite.h-TestSuite" time elapsed: 00:00:00
----------------------------------------------------------

30/31 Testing: from_opendlv_proxy_reverefh16_SteeringRequestTestSuite.h-TestSuite
30/31 Test: from_opendlv_proxy_reverefh16_SteeringRequestTestSuite.h-TestSuite
Command: "/home/viktor/OpenDaVINCI/build/libautomotivedata-prefix/src/libautomotivedata-build/from_opendlv_proxy_reverefh16_SteeringRequestTestSuite.h-TestSuite"
Directory: /home/viktor/OpenDaVINCI/build/libautomotivedata-prefix/src/libautomotivedata-build
"from_opendlv_proxy_reverefh16_SteeringRequestTestSuite.h-TestSuite" start time: Apr 01 17:47 CEST
Output:
----------------------------------------------------------
Running libautomotivedata-from_opendlv_proxy_reverefh16_SteeringRequestTestSuite.h tests (4 tests)....OK!
<end of output>
Test time =   0.00 sec
----------------------------------------------------------
Test Passed.
"from_opendlv_proxy_reverefh16_SteeringRequestTestSuite.h-TestSuite" end time: Apr 01 17:47 CEST
"from_opendlv_proxy_reverefh16_SteeringRequestTestSuite.h-TestSuite" time elapsed: 00:00:00
----------------------------------------------------------

31/31 Testing: automotive_ConstantsTestSuite.h-TestSuite
31/31 Test: automotive_ConstantsTestSuite.h-TestSuite
Command: "/home/viktor/OpenDaVINCI/build/libautomotivedata-prefix/src/libautomotivedata-build/automotive_ConstantsTestSuite.h-TestSuite"
Directory: /home/viktor/OpenDaVINCI/build/libautomotivedata-prefix/src/libautomotivedata-build
"automotive_ConstantsTestSuite.h-TestSuite" start time: Apr 01 17:47 CEST
Output:
----------------------------------------------------------
Running libautomotivedata-automotive_ConstantsTestSuite.h tests (4 tests)....OK!
<end of output>
Test time =   0.00 sec
----------------------------------------------------------
Test Passed.
"automotive_ConstantsTestSuite.h-TestSuite" end time: Apr 01 17:47 CEST
"automotive_ConstantsTestSuite.h-TestSuite" time elapsed: 00:00:00
----------------------------------------------------------

End testing: Apr 01 17:47 CEST
