Start testing: Apr 01 17:44 CEST
----------------------------------------------------------
1/85 Testing: ZipTestSuite.h-TestSuite
1/85 Test: ZipTestSuite.h-TestSuite
Command: "/home/viktor/OpenDaVINCI/build/libopendavinci-prefix/src/libopendavinci-build/ZipTestSuite.h-TestSuite"
Directory: /home/viktor/OpenDaVINCI/build/libopendavinci-prefix/src/libopendavinci-build
"ZipTestSuite.h-TestSuite" start time: Apr 01 17:44 CEST
Output:
----------------------------------------------------------
Running libopendavinci-ZipTestSuite.h tests (1 test).OK!
<end of output>
Test time =   0.00 sec
----------------------------------------------------------
Test Passed.
"ZipTestSuite.h-TestSuite" end time: Apr 01 17:44 CEST
"ZipTestSuite.h-TestSuite" time elapsed: 00:00:00
----------------------------------------------------------

2/85 Testing: RuntimeControlContainerMultipleAppsTest7TestSuite.h-TestSuite
2/85 Test: RuntimeControlContainerMultipleAppsTest7TestSuite.h-TestSuite
Command: "/home/viktor/OpenDaVINCI/build/libopendavinci-prefix/src/libopendavinci-build/RuntimeControlContainerMultipleAppsTest7TestSuite.h-TestSuite"
Directory: /home/viktor/OpenDaVINCI/build/libopendavinci-prefix/src/libopendavinci-build
"RuntimeControlContainerMultipleAppsTest7TestSuite.h-TestSuite" start time: Apr 01 17:44 CEST
Output:
----------------------------------------------------------
(context::base::RuntimeControl) setup...
(context::base::SuperComponent) Server information: IP: 127.0.0.1 Port: 19855 ManagedLevel: ServerInformation::ML_NONE (0) 
(context::base::SuperComponent) Creating discoverer server...
(context::base::SuperComponent) Creating connection server...
(context::base::SuperComponent) Creating ContainerConference...
(context::base::RuntimeControl) setup done.
(context::base::RuntimeControl) Taking control...
ControlledContainerConferenceForSystemUnderTest: 225.0.0.100:12175
ControlledContainerConferenceForSystemUnderTest: 225.0.0.100:12175
(context::base::RuntimeControl) greatest common divisor: 500ms.
------------------------------------------------------------------------------
Time 0.0
[SFC] at 0.0
Call to RuntimeControlContainerMultipleAppsTestSystemPartReply for t = 0.0, containing 0 containers.
Distributing '' in ControlledContainerConferenceFactory to all ContainerConferences from Systems Under Test.
Distributing '' in ControlledContainerConferenceFactory to all SystemParts.
[SFC] at 0.0
Call to RuntimeControlContainerMultipleAppsTestSystemPartReply for t = 0.0, containing 1 containers.
(RuntimeControlContainerMultipleAppsTestSystemPartReply) Sent at 0s/0us., Received at 0s/0us.
Distributing '' in ControlledContainerConferenceFactory to all ContainerConferences from Systems Under Test.
Distributing '' in ControlledContainerConferenceFactory to all SystemParts.
[APP] at 0.0
(context::base::SuperComponent) Got new connection from Name:  Identifier:  Version:  Frequency: 0 
[APP] at 0.0
(context::base::SuperComponent) Got new connection from Name:  Identifier:  Version:  Frequency: 0 
------------------------------------------------------------------------------
Time 0.500000
[APP] at 0.500000
Sending '' in ControlledContainerConferenceForSystemUnderTest.
Distributing '' in ControlledContainerConferenceFactory to all SystemParts.
Distributing '' in ControlledContainerConferenceFactory to all ContainerConferences from Systems Under Test.
------------------------------------------------------------------------------
Time 1.0
[SFC] at 1.0
Call to RuntimeControlContainerMultipleAppsTestSystemPartReply for t = 1.0, containing 3 containers.
(RuntimeControlContainerMultipleAppsTestSystemPartReply) Sent at 0s/0us., Received at 0s/0us.
(RuntimeControlContainerMultipleAppsTestSystemPartReply) Sent at 0s/0us., Received at 0s/0us.
(RuntimeControlContainerMultipleAppsTestSystemPartReply) Sent at 0s/500000us., Received at 0s/500000us.
Distributing '' in ControlledContainerConferenceFactory to all ContainerConferences from Systems Under Test.
Distributing '' in ControlledContainerConferenceFactory to all SystemParts.
[SFC] at 1.0
Call to RuntimeControlContainerMultipleAppsTestSystemPartReply for t = 1.0, containing 3 containers.
(RuntimeControlContainerMultipleAppsTestSystemPartReply) Sent at 0s/0us., Received at 0s/0us.
(RuntimeControlContainerMultipleAppsTestSystemPartReply) Sent at 0s/500000us., Received at 0s/500000us.
(RuntimeControlContainerMultipleAppsTestSystemPartReply) Sent at 1s/0us., Received at 1s/0us.
Distributing '' in ControlledContainerConferenceFactory to all ContainerConferences from Systems Under Test.
Distributing '' in ControlledContainerConferenceFactory to all SystemParts.
[APP] at 1.0
Sending '' in ControlledContainerConferenceForSystemUnderTest.
Distributing '' in ControlledContainerConferenceFactory to all SystemParts.
Distributing '' in ControlledContainerConferenceFactory to all ContainerConferences from Systems Under Test.
[APP] at 1.0
Sending '' in ControlledContainerConferenceForSystemUnderTest.
Distributing '' in ControlledContainerConferenceFactory to all SystemParts.
Distributing '' in ControlledContainerConferenceFactory to all ContainerConferences from Systems Under Test.
------------------------------------------------------------------------------
Time 1.500000
[APP] at 1.500000
Sending '' in ControlledContainerConferenceForSystemUnderTest.
Distributing '' in ControlledContainerConferenceFactory to all SystemParts.
Distributing '' in ControlledContainerConferenceFactory to all ContainerConferences from Systems Under Test.
------------------------------------------------------------------------------
Time 2.0
[SFC] at 2.0
Call to RuntimeControlContainerMultipleAppsTestSystemPartReply for t = 2.0, containing 5 containers.
(RuntimeControlContainerMultipleAppsTestSystemPartReply) Sent at 1s/0us., Received at 1s/0us.
(RuntimeControlContainerMultipleAppsTestSystemPartReply) Sent at 1s/0us., Received at 1s/0us.
(RuntimeControlContainerMultipleAppsTestSystemPartReply) Sent at 1s/0us., Received at 1s/0us.
(RuntimeControlContainerMultipleAppsTestSystemPartReply) Sent at 1s/0us., Received at 1s/0us.
(RuntimeControlContainerMultipleAppsTestSystemPartReply) Sent at 1s/500000us., Received at 1s/500000us.
Distributing '' in ControlledContainerConferenceFactory to all ContainerConferences from Systems Under Test.
Distributing '' in ControlledContainerConferenceFactory to all SystemParts.
[SFC] at 2.0
Call to RuntimeControlContainerMultipleAppsTestSystemPartReply for t = 2.0, containing 5 containers.
(RuntimeControlContainerMultipleAppsTestSystemPartReply) Sent at 1s/0us., Received at 1s/0us.
(RuntimeControlContainerMultipleAppsTestSystemPartReply) Sent at 1s/0us., Received at 1s/0us.
(RuntimeControlContainerMultipleAppsTestSystemPartReply) Sent at 1s/0us., Received at 1s/0us.
(RuntimeControlContainerMultipleAppsTestSystemPartReply) Sent at 1s/500000us., Received at 1s/500000us.
(RuntimeControlContainerMultipleAppsTestSystemPartReply) Sent at 2s/0us., Received at 2s/0us.
Distributing '' in ControlledContainerConferenceFactory to all ContainerConferences from Systems Under Test.
Distributing '' in ControlledContainerConferenceFactory to all SystemParts.
[APP] at 2.0
Sending '' in ControlledContainerConferenceForSystemUnderTest.
Distributing '' in ControlledContainerConferenceFactory to all SystemParts.
Distributing '' in ControlledContainerConferenceFactory to all ContainerConferences from Systems Under Test.
[APP] at 2.0
Sending '' in ControlledContainerConferenceForSystemUnderTest.
Distributing '' in ControlledContainerConferenceFactory to all SystemParts.
Distributing '' in ControlledContainerConferenceFactory to all ContainerConferences from Systems Under Test.
------------------------------------------------------------------------------
Time 2.500000
[APP] at 2.500000
Sending '' in ControlledContainerConferenceForSystemUnderTest.
Distributing '' in ControlledContainerConferenceFactory to all SystemParts.
Distributing '' in ControlledContainerConferenceFactory to all ContainerConferences from Systems Under Test.
------------------------------------------------------------------------------
Time 3.0
[SFC] at 3.0
Call to RuntimeControlContainerMultipleAppsTestSystemPartReply for t = 3.0, containing 5 containers.
(RuntimeControlContainerMultipleAppsTestSystemPartReply) Sent at 2s/0us., Received at 2s/0us.
(RuntimeControlContainerMultipleAppsTestSystemPartReply) Sent at 2s/0us., Received at 2s/0us.
(RuntimeControlContainerMultipleAppsTestSystemPartReply) Sent at 2s/0us., Received at 2s/0us.
(RuntimeControlContainerMultipleAppsTestSystemPartReply) Sent at 2s/0us., Received at 2s/0us.
(RuntimeControlContainerMultipleAppsTestSystemPartReply) Sent at 2s/500000us., Received at 2s/500000us.
Distributing '' in ControlledContainerConferenceFactory to all ContainerConferences from Systems Under Test.
Distributing '' in ControlledContainerConferenceFactory to all SystemParts.
[SFC] at 3.0
Call to RuntimeControlContainerMultipleAppsTestSystemPartReply for t = 3.0, containing 5 containers.
(RuntimeControlContainerMultipleAppsTestSystemPartReply) Sent at 2s/0us., Received at 2s/0us.
(RuntimeControlContainerMultipleAppsTestSystemPartReply) Sent at 2s/0us., Received at 2s/0us.
(RuntimeControlContainerMultipleAppsTestSystemPartReply) Sent at 2s/0us., Received at 2s/0us.
(RuntimeControlContainerMultipleAppsTestSystemPartReply) Sent at 2s/500000us., Received at 2s/500000us.
(RuntimeControlContainerMultipleAppsTestSystemPartReply) Sent at 3s/0us., Received at 3s/0us.
Distributing '' in ControlledContainerConferenceFactory to all ContainerConferences from Systems Under Test.
Distributing '' in ControlledContainerConferenceFactory to all SystemParts.
[APP] at 3.0
Sending '' in ControlledContainerConferenceForSystemUnderTest.
Distributing '' in ControlledContainerConferenceFactory to all SystemParts.
Distributing '' in ControlledContainerConferenceFactory to all ContainerConferences from Systems Under Test.
[APP] at 3.0
Sending '' in ControlledContainerConferenceForSystemUnderTest.
Distributing '' in ControlledContainerConferenceFactory to all SystemParts.
Distributing '' in ControlledContainerConferenceFactory to all ContainerConferences from Systems Under Test.
------------------------------------------------------------------------------
Time 3.500000
[APP] at 3.500000
Sending '' in ControlledContainerConferenceForSystemUnderTest.
Distributing '' in ControlledContainerConferenceFactory to all SystemParts.
Distributing '' in ControlledContainerConferenceFactory to all ContainerConferences from Systems Under Test.
------------------------------------------------------------------------------
Time 4.0
[SFC] at 4.0
Call to RuntimeControlContainerMultipleAppsTestSystemPartReply for t = 4.0, containing 5 containers.
(RuntimeControlContainerMultipleAppsTestSystemPartReply) Sent at 3s/0us., Received at 3s/0us.
(RuntimeControlContainerMultipleAppsTestSystemPartReply) Sent at 3s/0us., Received at 3s/0us.
(RuntimeControlContainerMultipleAppsTestSystemPartReply) Sent at 3s/0us., Received at 3s/0us.
(RuntimeControlContainerMultipleAppsTestSystemPartReply) Sent at 3s/0us., Received at 3s/0us.
(RuntimeControlContainerMultipleAppsTestSystemPartReply) Sent at 3s/500000us., Received at 3s/500000us.
Distributing '' in ControlledContainerConferenceFactory to all ContainerConferences from Systems Under Test.
Distributing '' in ControlledContainerConferenceFactory to all SystemParts.
[SFC] at 4.0
Call to RuntimeControlContainerMultipleAppsTestSystemPartReply for t = 4.0, containing 5 containers.
(RuntimeControlContainerMultipleAppsTestSystemPartReply) Sent at 3s/0us., Received at 3s/0us.
(RuntimeControlContainerMultipleAppsTestSystemPartReply) Sent at 3s/0us., Received at 3s/0us.
(RuntimeControlContainerMultipleAppsTestSystemPartReply) Sent at 3s/0us., Received at 3s/0us.
(RuntimeControlContainerMultipleAppsTestSystemPartReply) Sent at 3s/500000us., Received at 3s/500000us.
(RuntimeControlContainerMultipleAppsTestSystemPartReply) Sent at 4s/0us., Received at 4s/0us.
Distributing '' in ControlledContainerConferenceFactory to all ContainerConferences from Systems Under Test.
Distributing '' in ControlledContainerConferenceFactory to all SystemParts.
[APP] at 4.0
Sending '' in ControlledContainerConferenceForSystemUnderTest.
Distributing '' in ControlledContainerConferenceFactory to all SystemParts.
Distributing '' in ControlledContainerConferenceFactory to all ContainerConferences from Systems Under Test.
[APP] at 4.0
Sending '' in ControlledContainerConferenceForSystemUnderTest.
Distributing '' in ControlledContainerConferenceFactory to all SystemParts.
Distributing '' in ControlledContainerConferenceFactory to all ContainerConferences from Systems Under Test.
------------------------------------------------------------------------------
Time 4.500000
[APP] at 4.500000
Sending '' in ControlledContainerConferenceForSystemUnderTest.
Distributing '' in ControlledContainerConferenceFactory to all SystemParts.
Distributing '' in ControlledContainerConferenceFactory to all ContainerConferences from Systems Under Test.
------------------------------------------------------------------------------
Time 5.0
[SFC] at 5.0
Call to RuntimeControlContainerMultipleAppsTestSystemPartReply for t = 5.0, containing 5 containers.
(RuntimeControlContainerMultipleAppsTestSystemPartReply) Sent at 4s/0us., Received at 4s/0us.
(RuntimeControlContainerMultipleAppsTestSystemPartReply) Sent at 4s/0us., Received at 4s/0us.
(RuntimeControlContainerMultipleAppsTestSystemPartReply) Sent at 4s/0us., Received at 4s/0us.
(RuntimeControlContainerMultipleAppsTestSystemPartReply) Sent at 4s/0us., Received at 4s/0us.
(RuntimeControlContainerMultipleAppsTestSystemPartReply) Sent at 4s/500000us., Received at 4s/500000us.
Distributing '' in ControlledContainerConferenceFactory to all ContainerConferences from Systems Under Test.
Distributing '' in ControlledContainerConferenceFactory to all SystemParts.
[SFC] at 5.0
Call to RuntimeControlContainerMultipleAppsTestSystemPartReply for t = 5.0, containing 5 containers.
(RuntimeControlContainerMultipleAppsTestSystemPartReply) Sent at 4s/0us., Received at 4s/0us.
(RuntimeControlContainerMultipleAppsTestSystemPartReply) Sent at 4s/0us., Received at 4s/0us.
(RuntimeControlContainerMultipleAppsTestSystemPartReply) Sent at 4s/0us., Received at 4s/0us.
(RuntimeControlContainerMultipleAppsTestSystemPartReply) Sent at 4s/500000us., Received at 4s/500000us.
(RuntimeControlContainerMultipleAppsTestSystemPartReply) Sent at 5s/0us., Received at 5s/0us.
Distributing '' in ControlledContainerConferenceFactory to all ContainerConferences from Systems Under Test.
Distributing '' in ControlledContainerConferenceFactory to all SystemParts.
[APP] at 5.0
Sending '' in ControlledContainerConferenceForSystemUnderTest.
Distributing '' in ControlledContainerConferenceFactory to all SystemParts.
Distributing '' in ControlledContainerConferenceFactory to all ContainerConferences from Systems Under Test.
[APP] at 5.0
Sending '' in ControlledContainerConferenceForSystemUnderTest.
Distributing '' in ControlledContainerConferenceFactory to all SystemParts.
Distributing '' in ControlledContainerConferenceFactory to all ContainerConferences from Systems Under Test.
------------------------------------------------------------------------------
Time 5.500000
[APP] at 5.500000
Sending '' in ControlledContainerConferenceForSystemUnderTest.
Distributing '' in ControlledContainerConferenceFactory to all SystemParts.
Distributing '' in ControlledContainerConferenceFactory to all ContainerConferences from Systems Under Test.
------------------------------------------------------------------------------
Time 6.0
[SFC] at 6.0
Call to RuntimeControlContainerMultipleAppsTestSystemPartReply for t = 6.0, containing 5 containers.
(RuntimeControlContainerMultipleAppsTestSystemPartReply) Sent at 5s/0us., Received at 5s/0us.
(RuntimeControlContainerMultipleAppsTestSystemPartReply) Sent at 5s/0us., Received at 5s/0us.
(RuntimeControlContainerMultipleAppsTestSystemPartReply) Sent at 5s/0us., Received at 5s/0us.
(RuntimeControlContainerMultipleAppsTestSystemPartReply) Sent at 5s/0us., Received at 5s/0us.
(RuntimeControlContainerMultipleAppsTestSystemPartReply) Sent at 5s/500000us., Received at 5s/500000us.
Distributing '' in ControlledContainerConferenceFactory to all ContainerConferences from Systems Under Test.
Distributing '' in ControlledContainerConferenceFactory to all SystemParts.
[SFC] at 6.0
Call to RuntimeControlContainerMultipleAppsTestSystemPartReply for t = 6.0, containing 5 containers.
(RuntimeControlContainerMultipleAppsTestSystemPartReply) Sent at 5s/0us., Received at 5s/0us.
(RuntimeControlContainerMultipleAppsTestSystemPartReply) Sent at 5s/0us., Received at 5s/0us.
(RuntimeControlContainerMultipleAppsTestSystemPartReply) Sent at 5s/0us., Received at 5s/0us.
(RuntimeControlContainerMultipleAppsTestSystemPartReply) Sent at 5s/500000us., Received at 5s/500000us.
(RuntimeControlContainerMultipleAppsTestSystemPartReply) Sent at 6s/0us., Received at 6s/0us.
Distributing '' in ControlledContainerConferenceFactory to all ContainerConferences from Systems Under Test.
Distributing '' in ControlledContainerConferenceFactory to all SystemParts.
[APP] at 6.0
Sending '' in ControlledContainerConferenceForSystemUnderTest.
Distributing '' in ControlledContainerConferenceFactory to all SystemParts.
Distributing '' in ControlledContainerConferenceFactory to all ContainerConferences from Systems Under Test.
[APP] at 6.0
Sending '' in ControlledContainerConferenceForSystemUnderTest.
Distributing '' in ControlledContainerConferenceFactory to all SystemParts.
Distributing '' in ControlledContainerConferenceFactory to all ContainerConferences from Systems Under Test.
------------------------------------------------------------------------------
Time 6.500000
[APP] at 6.500000
Sending '' in ControlledContainerConferenceForSystemUnderTest.
Distributing '' in ControlledContainerConferenceFactory to all SystemParts.
Distributing '' in ControlledContainerConferenceFactory to all ContainerConferences from Systems Under Test.
------------------------------------------------------------------------------
Time 7.0
[SFC] at 7.0
Call to RuntimeControlContainerMultipleAppsTestSystemPartReply for t = 7.0, containing 5 containers.
(RuntimeControlContainerMultipleAppsTestSystemPartReply) Sent at 6s/0us., Received at 6s/0us.
(RuntimeControlContainerMultipleAppsTestSystemPartReply) Sent at 6s/0us., Received at 6s/0us.
(RuntimeControlContainerMultipleAppsTestSystemPartReply) Sent at 6s/0us., Received at 6s/0us.
(RuntimeControlContainerMultipleAppsTestSystemPartReply) Sent at 6s/0us., Received at 6s/0us.
(RuntimeControlContainerMultipleAppsTestSystemPartReply) Sent at 6s/500000us., Received at 6s/500000us.
Distributing '' in ControlledContainerConferenceFactory to all ContainerConferences from Systems Under Test.
Distributing '' in ControlledContainerConferenceFactory to all SystemParts.
[SFC] at 7.0
Call to RuntimeControlContainerMultipleAppsTestSystemPartReply for t = 7.0, containing 5 containers.
(RuntimeControlContainerMultipleAppsTestSystemPartReply) Sent at 6s/0us., Received at 6s/0us.
(RuntimeControlContainerMultipleAppsTestSystemPartReply) Sent at 6s/0us., Received at 6s/0us.
(RuntimeControlContainerMultipleAppsTestSystemPartReply) Sent at 6s/0us., Received at 6s/0us.
(RuntimeControlContainerMultipleAppsTestSystemPartReply) Sent at 6s/500000us., Received at 6s/500000us.
(RuntimeControlContainerMultipleAppsTestSystemPartReply) Sent at 7s/0us., Received at 7s/0us.
Distributing '' in ControlledContainerConferenceFactory to all ContainerConferences from Systems Under Test.
Distributing '' in ControlledContainerConferenceFactory to all SystemParts.
[APP] at 7.0
Sending '' in ControlledContainerConferenceForSystemUnderTest.
Distributing '' in ControlledContainerConferenceFactory to all SystemParts.
Distributing '' in ControlledContainerConferenceFactory to all ContainerConferences from Systems Under Test.
[APP] at 7.0
Sending '' in ControlledContainerConferenceForSystemUnderTest.
Distributing '' in ControlledContainerConferenceFactory to all SystemParts.
Distributing '' in ControlledContainerConferenceFactory to all ContainerConferences from Systems Under Test.
------------------------------------------------------------------------------
Time 7.500000
[APP] at 7.500000
Sending '' in ControlledContainerConferenceForSystemUnderTest.
Distributing '' in ControlledContainerConferenceFactory to all SystemParts.
Distributing '' in ControlledContainerConferenceFactory to all ContainerConferences from Systems Under Test.
------------------------------------------------------------------------------
Time 8.0
[SFC] at 8.0
Call to RuntimeControlContainerMultipleAppsTestSystemPartReply for t = 8.0, containing 5 containers.
(RuntimeControlContainerMultipleAppsTestSystemPartReply) Sent at 7s/0us., Received at 7s/0us.
(RuntimeControlContainerMultipleAppsTestSystemPartReply) Sent at 7s/0us., Received at 7s/0us.
(RuntimeControlContainerMultipleAppsTestSystemPartReply) Sent at 7s/0us., Received at 7s/0us.
(RuntimeControlContainerMultipleAppsTestSystemPartReply) Sent at 7s/0us., Received at 7s/0us.
(RuntimeControlContainerMultipleAppsTestSystemPartReply) Sent at 7s/500000us., Received at 7s/500000us.
Distributing '' in ControlledContainerConferenceFactory to all ContainerConferences from Systems Under Test.
Distributing '' in ControlledContainerConferenceFactory to all SystemParts.
[SFC] at 8.0
Call to RuntimeControlContainerMultipleAppsTestSystemPartReply for t = 8.0, containing 5 containers.
(RuntimeControlContainerMultipleAppsTestSystemPartReply) Sent at 7s/0us., Received at 7s/0us.
(RuntimeControlContainerMultipleAppsTestSystemPartReply) Sent at 7s/0us., Received at 7s/0us.
(RuntimeControlContainerMultipleAppsTestSystemPartReply) Sent at 7s/0us., Received at 7s/0us.
(RuntimeControlContainerMultipleAppsTestSystemPartReply) Sent at 7s/500000us., Received at 7s/500000us.
(RuntimeControlContainerMultipleAppsTestSystemPartReply) Sent at 8s/0us., Received at 8s/0us.
Distributing '' in ControlledContainerConferenceFactory to all ContainerConferences from Systems Under Test.
Distributing '' in ControlledContainerConferenceFactory to all SystemParts.
[APP] at 8.0
Sending '' in ControlledContainerConferenceForSystemUnderTest.
Distributing '' in ControlledContainerConferenceFactory to all SystemParts.
Distributing '' in ControlledContainerConferenceFactory to all ContainerConferences from Systems Under Test.
[APP] at 8.0
Sending '' in ControlledContainerConferenceForSystemUnderTest.
Distributing '' in ControlledContainerConferenceFactory to all SystemParts.
Distributing '' in ControlledContainerConferenceFactory to all ContainerConferences from Systems Under Test.
------------------------------------------------------------------------------
Time 8.500000
[APP] at 8.500000
Sending '' in ControlledContainerConferenceForSystemUnderTest.
Distributing '' in ControlledContainerConferenceFactory to all SystemParts.
Distributing '' in ControlledContainerConferenceFactory to all ContainerConferences from Systems Under Test.
------------------------------------------------------------------------------
Time 9.0
[SFC] at 9.0
Call to RuntimeControlContainerMultipleAppsTestSystemPartReply for t = 9.0, containing 5 containers.
(RuntimeControlContainerMultipleAppsTestSystemPartReply) Sent at 8s/0us., Received at 8s/0us.
(RuntimeControlContainerMultipleAppsTestSystemPartReply) Sent at 8s/0us., Received at 8s/0us.
(RuntimeControlContainerMultipleAppsTestSystemPartReply) Sent at 8s/0us., Received at 8s/0us.
(RuntimeControlContainerMultipleAppsTestSystemPartReply) Sent at 8s/0us., Received at 8s/0us.
(RuntimeControlContainerMultipleAppsTestSystemPartReply) Sent at 8s/500000us., Received at 8s/500000us.
Distributing '' in ControlledContainerConferenceFactory to all ContainerConferences from Systems Under Test.
Distributing '' in ControlledContainerConferenceFactory to all SystemParts.
[SFC] at 9.0
Call to RuntimeControlContainerMultipleAppsTestSystemPartReply for t = 9.0, containing 5 containers.
(RuntimeControlContainerMultipleAppsTestSystemPartReply) Sent at 8s/0us., Received at 8s/0us.
(RuntimeControlContainerMultipleAppsTestSystemPartReply) Sent at 8s/0us., Received at 8s/0us.
(RuntimeControlContainerMultipleAppsTestSystemPartReply) Sent at 8s/0us., Received at 8s/0us.
(RuntimeControlContainerMultipleAppsTestSystemPartReply) Sent at 8s/500000us., Received at 8s/500000us.
(RuntimeControlContainerMultipleAppsTestSystemPartReply) Sent at 9s/0us., Received at 9s/0us.
Distributing '' in ControlledContainerConferenceFactory to all ContainerConferences from Systems Under Test.
Distributing '' in ControlledContainerConferenceFactory to all SystemParts.
[APP] at 9.0
Sending '' in ControlledContainerConferenceForSystemUnderTest.
Distributing '' in ControlledContainerConferenceFactory to all SystemParts.
Distributing '' in ControlledContainerConferenceFactory to all ContainerConferences from Systems Under Test.
[APP] at 9.0
Sending '' in ControlledContainerConferenceForSystemUnderTest.
Distributing '' in ControlledContainerConferenceFactory to all SystemParts.
Distributing '' in ControlledContainerConferenceFactory to all ContainerConferences from Systems Under Test.
------------------------------------------------------------------------------
Time 9.500000
[APP] at 9.500000
Sending '' in ControlledContainerConferenceForSystemUnderTest.
Distributing '' in ControlledContainerConferenceFactory to all SystemParts.
Distributing '' in ControlledContainerConferenceFactory to all ContainerConferences from Systems Under Test.
(context::base::RuntimeControl) The specified overall timeout was to small! There are still schedulable applications available.
SIZE: 43
SIZE_SP2: 44
(context::base::RuntimeControl) tearDown...
(context::base::RuntimeControl) done.
SIZE_RECEIVED_AT_SYSTEM_UNDER_TEST_A1: 18
C1-i: 0, S: 1000000, R: 1000000
C1-i: 1, S: 1000000, R: 1000000
C1-i: 2, S: 2000000, R: 2000000
C1-i: 3, S: 2000000, R: 2000000
C1-i: 4, S: 3000000, R: 3000000
C1-i: 5, S: 3000000, R: 3000000
C1-i: 6, S: 4000000, R: 4000000
C1-i: 7, S: 4000000, R: 4000000
C1-i: 8, S: 5000000, R: 5000000
C1-i: 9, S: 5000000, R: 5000000
C1-i: 10, S: 6000000, R: 6000000
C1-i: 11, S: 6000000, R: 6000000
C1-i: 12, S: 7000000, R: 7000000
C1-i: 13, S: 7000000, R: 7000000
C1-i: 14, S: 8000000, R: 8000000
C1-i: 15, S: 8000000, R: 8000000
C1-i: 16, S: 9000000, R: 9000000
C1-i: 17, S: 9000000, R: 9000000
SIZE_RECEIVED_AT_SYSTEM_UNDER_TEST_A2: 18
D1-i: 0, S: 1000000, R: 1000000
D1-i: 1, S: 1000000, R: 1000000
D1-i: 2, S: 2000000, R: 2000000
D1-i: 3, S: 2000000, R: 2000000
D1-i: 4, S: 3000000, R: 3000000
D1-i: 5, S: 3000000, R: 3000000
D1-i: 6, S: 4000000, R: 4000000
D1-i: 7, S: 4000000, R: 4000000
D1-i: 8, S: 5000000, R: 5000000
D1-i: 9, S: 5000000, R: 5000000
D1-i: 10, S: 6000000, R: 6000000
D1-i: 11, S: 6000000, R: 6000000
D1-i: 12, S: 7000000, R: 7000000
D1-i: 13, S: 7000000, R: 7000000
D1-i: 14, S: 8000000, R: 8000000
D1-i: 15, S: 8000000, R: 8000000
D1-i: 16, S: 9000000, R: 9000000
D1-i: 17, S: 9000000, R: 9000000
RuntimeControlContainerMultipleAppsTestModule cycles : 19
RuntimeControlContainerMultipleAppsTestModule cycles : 9
Running libopendavinci-RuntimeControlContainerMultipleAppsTest7TestSuite.h tests (1 test).OK!
<end of output>
Test time =   2.01 sec
----------------------------------------------------------
Test Passed.
"RuntimeControlContainerMultipleAppsTest7TestSuite.h-TestSuite" end time: Apr 01 17:44 CEST
"RuntimeControlContainerMultipleAppsTest7TestSuite.h-TestSuite" time elapsed: 00:00:02
----------------------------------------------------------

3/85 Testing: UDPTestSuite.h-TestSuite
3/85 Test: UDPTestSuite.h-TestSuite
Command: "/home/viktor/OpenDaVINCI/build/libopendavinci-prefix/src/libopendavinci-build/UDPTestSuite.h-TestSuite"
Directory: /home/viktor/OpenDaVINCI/build/libopendavinci-prefix/src/libopendavinci-build
"UDPTestSuite.h-TestSuite" start time: Apr 01 17:44 CEST
Output:
----------------------------------------------------------

UDPTestPOSIX
Running libopendavinci-UDPTestSuite.h tests (1 test).OK!
<end of output>
Test time =   2.00 sec
----------------------------------------------------------
Test Passed.
"UDPTestSuite.h-TestSuite" end time: Apr 01 17:44 CEST
"UDPTestSuite.h-TestSuite" time elapsed: 00:00:02
----------------------------------------------------------

4/85 Testing: RuntimeControlSpecialConfigurationForRegularRunTestSuite.h-TestSuite
4/85 Test: RuntimeControlSpecialConfigurationForRegularRunTestSuite.h-TestSuite
Command: "/home/viktor/OpenDaVINCI/build/libopendavinci-prefix/src/libopendavinci-build/RuntimeControlSpecialConfigurationForRegularRunTestSuite.h-TestSuite"
Directory: /home/viktor/OpenDaVINCI/build/libopendavinci-prefix/src/libopendavinci-build
"RuntimeControlSpecialConfigurationForRegularRunTestSuite.h-TestSuite" start time: Apr 01 17:44 CEST
Output:
----------------------------------------------------------
(context::base::RuntimeControl) setup...
(context::base::SuperComponent) Server information: IP: 127.0.0.1 Port: 19855 ManagedLevel: ServerInformation::ML_NONE (0) 
(context::base::SuperComponent) Creating discoverer server...
(context::base::SuperComponent) Creating connection server...
(context::base::SuperComponent) Creating ContainerConference...
(context::base::RuntimeControl) setup done.
(context::base::RuntimeControl) Taking control...
ControlledContainerConferenceForSystemUnderTest: 225.0.0.100:12175
(context::base::RuntimeControl) greatest common divisor: 1000ms.
------------------------------------------------------------------------------
Time 0.0
[SFC] at 0.0
Call to RuntimeControlTestDummySystemPart for t = 0.0, containing 0 containers.
[APP] at 0.0
(context::base::SuperComponent) Got new connection from Name:  Identifier:  Version:  Frequency: 0 
------------------------------------------------------------------------------
Time 1.0
[SFC] at 1.0
Call to RuntimeControlTestDummySystemPart for t = 1.0, containing 0 containers.
[APP] at 1.0
------------------------------------------------------------------------------
Time 2.0
[SFC] at 2.0
Call to RuntimeControlTestDummySystemPart for t = 2.0, containing 0 containers.
[APP] at 2.0
------------------------------------------------------------------------------
Time 3.0
[SFC] at 3.0
Call to RuntimeControlTestDummySystemPart for t = 3.0, containing 0 containers.
[APP] at 3.0
------------------------------------------------------------------------------
Time 4.0
[SFC] at 4.0
Call to RuntimeControlTestDummySystemPart for t = 4.0, containing 0 containers.
[APP] at 4.0
------------------------------------------------------------------------------
Time 5.0
[SFC] at 5.0
Call to RuntimeControlTestDummySystemPart for t = 5.0, containing 0 containers.
[APP] at 5.0
------------------------------------------------------------------------------
Time 6.0
[SFC] at 6.0
Call to RuntimeControlTestDummySystemPart for t = 6.0, containing 0 containers.
[APP] at 6.0
------------------------------------------------------------------------------
Time 7.0
[SFC] at 7.0
Call to RuntimeControlTestDummySystemPart for t = 7.0, containing 0 containers.
[APP] at 7.0
------------------------------------------------------------------------------
Time 8.0
[SFC] at 8.0
Call to RuntimeControlTestDummySystemPart for t = 8.0, containing 0 containers.
[APP] at 8.0
------------------------------------------------------------------------------
Time 9.0
[SFC] at 9.0
Call to RuntimeControlTestDummySystemPart for t = 9.0, containing 0 containers.
[APP] at 9.0
(context::base::RuntimeControl) The specified overall timeout was to small! There are still schedulable applications available.
(context::base::RuntimeControl) tearDown...
(context::base::RuntimeControl) done.
Running libopendavinci-RuntimeControlSpecialConfigurationForRegularRunTestSuite.h tests (1 test).OK!
<end of output>
Test time =   2.01 sec
----------------------------------------------------------
Test Passed.
"RuntimeControlSpecialConfigurationForRegularRunTestSuite.h-TestSuite" end time: Apr 01 17:44 CEST
"RuntimeControlSpecialConfigurationForRegularRunTestSuite.h-TestSuite" time elapsed: 00:00:02
----------------------------------------------------------

5/85 Testing: ROSTestSuite.h-TestSuite
5/85 Test: ROSTestSuite.h-TestSuite
Command: "/home/viktor/OpenDaVINCI/build/libopendavinci-prefix/src/libopendavinci-build/ROSTestSuite.h-TestSuite"
Directory: /home/viktor/OpenDaVINCI/build/libopendavinci-prefix/src/libopendavinci-build
"ROSTestSuite.h-TestSuite" start time: Apr 01 17:44 CEST
Output:
----------------------------------------------------------
Running libopendavinci-ROSTestSuite.h tests (4 tests)....OK!
<end of output>
Test time =   0.00 sec
----------------------------------------------------------
Test Passed.
"ROSTestSuite.h-TestSuite" end time: Apr 01 17:44 CEST
"ROSTestSuite.h-TestSuite" time elapsed: 00:00:00
----------------------------------------------------------

6/85 Testing: StringToolboxTestSuite.h-TestSuite
6/85 Test: StringToolboxTestSuite.h-TestSuite
Command: "/home/viktor/OpenDaVINCI/build/libopendavinci-prefix/src/libopendavinci-build/StringToolboxTestSuite.h-TestSuite"
Directory: /home/viktor/OpenDaVINCI/build/libopendavinci-prefix/src/libopendavinci-build
"StringToolboxTestSuite.h-TestSuite" start time: Apr 01 17:44 CEST
Output:
----------------------------------------------------------
Running libopendavinci-StringToolboxTestSuite.h tests (3 tests)...OK!
<end of output>
Test time =   0.00 sec
----------------------------------------------------------
Test Passed.
"StringToolboxTestSuite.h-TestSuite" end time: Apr 01 17:44 CEST
"StringToolboxTestSuite.h-TestSuite" time elapsed: 00:00:00
----------------------------------------------------------

7/85 Testing: StringProtocolTestSuite.h-TestSuite
7/85 Test: StringProtocolTestSuite.h-TestSuite
Command: "/home/viktor/OpenDaVINCI/build/libopendavinci-prefix/src/libopendavinci-build/StringProtocolTestSuite.h-TestSuite"
Directory: /home/viktor/OpenDaVINCI/build/libopendavinci-prefix/src/libopendavinci-build
"StringProtocolTestSuite.h-TestSuite" start time: Apr 01 17:44 CEST
Output:
----------------------------------------------------------
Running libopendavinci-StringProtocolTestSuite.h tests (2 tests)..OK!
<end of output>
Test time =   0.00 sec
----------------------------------------------------------
Test Passed.
"StringProtocolTestSuite.h-TestSuite" end time: Apr 01 17:44 CEST
"StringProtocolTestSuite.h-TestSuite" time elapsed: 00:00:00
----------------------------------------------------------

8/85 Testing: RuntimeControlSetupNotCalledTestSuite.h-TestSuite
8/85 Test: RuntimeControlSetupNotCalledTestSuite.h-TestSuite
Command: "/home/viktor/OpenDaVINCI/build/libopendavinci-prefix/src/libopendavinci-build/RuntimeControlSetupNotCalledTestSuite.h-TestSuite"
Directory: /home/viktor/OpenDaVINCI/build/libopendavinci-prefix/src/libopendavinci-build
"RuntimeControlSetupNotCalledTestSuite.h-TestSuite" start time: Apr 01 17:44 CEST
Output:
----------------------------------------------------------
(context::base::RuntimeControl) setup(...) was not called! Aborting...
(context::base::RuntimeControl) tearDown...
(context::base::RuntimeControl) done.
Running libopendavinci-RuntimeControlSetupNotCalledTestSuite.h tests (1 test).OK!
<end of output>
Test time =   0.00 sec
----------------------------------------------------------
Test Passed.
"RuntimeControlSetupNotCalledTestSuite.h-TestSuite" end time: Apr 01 17:44 CEST
"RuntimeControlSetupNotCalledTestSuite.h-TestSuite" time elapsed: 00:00:00
----------------------------------------------------------

9/85 Testing: LCMTestSuite.h-TestSuite
9/85 Test: LCMTestSuite.h-TestSuite
Command: "/home/viktor/OpenDaVINCI/build/libopendavinci-prefix/src/libopendavinci-build/LCMTestSuite.h-TestSuite"
Directory: /home/viktor/OpenDaVINCI/build/libopendavinci-prefix/src/libopendavinci-build
"LCMTestSuite.h-TestSuite" start time: Apr 01 17:44 CEST
Output:
----------------------------------------------------------
Running libopendavinci-LCMTestSuite.h tests (4 tests)....OK!
<end of output>
Test time =   0.00 sec
----------------------------------------------------------
Test Passed.
"LCMTestSuite.h-TestSuite" end time: Apr 01 17:44 CEST
"LCMTestSuite.h-TestSuite" time elapsed: 00:00:00
----------------------------------------------------------

10/85 Testing: DisposalTestSuite.h-TestSuite
10/85 Test: DisposalTestSuite.h-TestSuite
Command: "/home/viktor/OpenDaVINCI/build/libopendavinci-prefix/src/libopendavinci-build/DisposalTestSuite.h-TestSuite"
Directory: /home/viktor/OpenDaVINCI/build/libopendavinci-prefix/src/libopendavinci-build
"DisposalTestSuite.h-TestSuite" start time: Apr 01 17:44 CEST
Output:
----------------------------------------------------------
Running libopendavinci-DisposalTestSuite.h tests (1 test).OK!
<end of output>
Test time =   4.00 sec
----------------------------------------------------------
Test Passed.
"DisposalTestSuite.h-TestSuite" end time: Apr 01 17:44 CEST
"DisposalTestSuite.h-TestSuite" time elapsed: 00:00:04
----------------------------------------------------------

11/85 Testing: RuntimeControlRegularRunTestSuite.h-TestSuite
11/85 Test: RuntimeControlRegularRunTestSuite.h-TestSuite
Command: "/home/viktor/OpenDaVINCI/build/libopendavinci-prefix/src/libopendavinci-build/RuntimeControlRegularRunTestSuite.h-TestSuite"
Directory: /home/viktor/OpenDaVINCI/build/libopendavinci-prefix/src/libopendavinci-build
"RuntimeControlRegularRunTestSuite.h-TestSuite" start time: Apr 01 17:44 CEST
Output:
----------------------------------------------------------
(context::base::RuntimeControl) setup...
(context::base::SuperComponent) Server information: IP: 127.0.0.1 Port: 19855 ManagedLevel: ServerInformation::ML_NONE (0) 
(context::base::SuperComponent) Creating discoverer server...
(context::base::SuperComponent) Creating connection server...
(context::base::SuperComponent) Creating ContainerConference...
(context::base::RuntimeControl) setup done.
(context::base::RuntimeControl) Taking control...
ControlledContainerConferenceForSystemUnderTest: 225.0.0.100:12175
(context::base::RuntimeControl) greatest common divisor: 1000ms.
------------------------------------------------------------------------------
Time 0.0
[SFC] at 0.0
Call to RuntimeControlTestDummySystemPart for t = 0.0, containing 0 containers.
[APP] at 0.0
(context::base::SuperComponent) Got new connection from Name:  Identifier:  Version:  Frequency: 0 
------------------------------------------------------------------------------
Time 1.0
[SFC] at 1.0
Call to RuntimeControlTestDummySystemPart for t = 1.0, containing 0 containers.
[APP] at 1.0
------------------------------------------------------------------------------
Time 2.0
[SFC] at 2.0
Call to RuntimeControlTestDummySystemPart for t = 2.0, containing 0 containers.
[APP] at 2.0
------------------------------------------------------------------------------
Time 3.0
[SFC] at 3.0
Call to RuntimeControlTestDummySystemPart for t = 3.0, containing 0 containers.
[APP] at 3.0
------------------------------------------------------------------------------
Time 4.0
[SFC] at 4.0
Call to RuntimeControlTestDummySystemPart for t = 4.0, containing 0 containers.
[APP] at 4.0
------------------------------------------------------------------------------
Time 5.0
[SFC] at 5.0
Call to RuntimeControlTestDummySystemPart for t = 5.0, containing 0 containers.
[APP] at 5.0
------------------------------------------------------------------------------
Time 6.0
[SFC] at 6.0
Call to RuntimeControlTestDummySystemPart for t = 6.0, containing 0 containers.
[APP] at 6.0
------------------------------------------------------------------------------
Time 7.0
[SFC] at 7.0
Call to RuntimeControlTestDummySystemPart for t = 7.0, containing 0 containers.
[APP] at 7.0
------------------------------------------------------------------------------
Time 8.0
[SFC] at 8.0
Call to RuntimeControlTestDummySystemPart for t = 8.0, containing 0 containers.
[APP] at 8.0
------------------------------------------------------------------------------
Time 9.0
[SFC] at 9.0
Call to RuntimeControlTestDummySystemPart for t = 9.0, containing 0 containers.
[APP] at 9.0
(context::base::RuntimeControl) The specified overall timeout was to small! There are still schedulable applications available.
(context::base::RuntimeControl) tearDown...
(context::base::RuntimeControl) done.
Running libopendavinci-RuntimeControlRegularRunTestSuite.h tests (1 test).OK!
<end of output>
Test time =   2.01 sec
----------------------------------------------------------
Test Passed.
"RuntimeControlRegularRunTestSuite.h-TestSuite" end time: Apr 01 17:44 CEST
"RuntimeControlRegularRunTestSuite.h-TestSuite" time elapsed: 00:00:02
----------------------------------------------------------

12/85 Testing: TimeStampTestSuite.h-TestSuite
12/85 Test: TimeStampTestSuite.h-TestSuite
Command: "/home/viktor/OpenDaVINCI/build/libopendavinci-prefix/src/libopendavinci-build/TimeStampTestSuite.h-TestSuite"
Directory: /home/viktor/OpenDaVINCI/build/libopendavinci-prefix/src/libopendavinci-build
"TimeStampTestSuite.h-TestSuite" start time: Apr 01 17:44 CEST
Output:
----------------------------------------------------------
Running libopendavinci-TimeStampTestSuite.h tests (5 tests).....OK!
<end of output>
Test time =   0.00 sec
----------------------------------------------------------
Test Passed.
"TimeStampTestSuite.h-TestSuite" end time: Apr 01 17:44 CEST
"TimeStampTestSuite.h-TestSuite" time elapsed: 00:00:00
----------------------------------------------------------

13/85 Testing: DMCPDiscovererTestSuite.h-TestSuite
13/85 Test: DMCPDiscovererTestSuite.h-TestSuite
Command: "/home/viktor/OpenDaVINCI/build/libopendavinci-prefix/src/libopendavinci-build/DMCPDiscovererTestSuite.h-TestSuite"
Directory: /home/viktor/OpenDaVINCI/build/libopendavinci-prefix/src/libopendavinci-build
"DMCPDiscovererTestSuite.h-TestSuite" start time: Apr 01 17:44 CEST
Output:
----------------------------------------------------------

DMCPDiscovererTestsuite::testClient
Running libopendavinci-DMCPDiscovererTestSuite.h tests (1 test)
In DMCPDiscovererTestsuite::testClientAndServer:
/home/viktor/OpenDaVINCI/build/libopendavinci-prefix/src/libopendavinci-build/../../../../libopendavinci/testsuites/DMCPDiscovererTestSuite.h:95: Warning: "IP: 129.16.230.67 Port: 12345 ManagedLevel: ServerInformation::ML_NONE (0) "
.OK!
<end of output>
Test time =   1.00 sec
----------------------------------------------------------
Test Passed.
"DMCPDiscovererTestSuite.h-TestSuite" end time: Apr 01 17:44 CEST
"DMCPDiscovererTestSuite.h-TestSuite" time elapsed: 00:00:01
----------------------------------------------------------

14/85 Testing: TimeTriggeredConferenceClientModuleTestSuite.h-TestSuite
14/85 Test: TimeTriggeredConferenceClientModuleTestSuite.h-TestSuite
Command: "/home/viktor/OpenDaVINCI/build/libopendavinci-prefix/src/libopendavinci-build/TimeTriggeredConferenceClientModuleTestSuite.h-TestSuite"
Directory: /home/viktor/OpenDaVINCI/build/libopendavinci-prefix/src/libopendavinci-build
"TimeTriggeredConferenceClientModuleTestSuite.h-TestSuite" start time: Apr 01 17:44 CEST
Output:
----------------------------------------------------------
Running libopendavinci-TimeTriggeredConferenceClientModuleTestSuite.h tests (1 test).OK!
<end of output>
Test time =   3.01 sec
----------------------------------------------------------
Test Passed.
"TimeTriggeredConferenceClientModuleTestSuite.h-TestSuite" end time: Apr 01 17:45 CEST
"TimeTriggeredConferenceClientModuleTestSuite.h-TestSuite" time elapsed: 00:00:03
----------------------------------------------------------

15/85 Testing: TimeFactoryTestSuite.h-TestSuite
15/85 Test: TimeFactoryTestSuite.h-TestSuite
Command: "/home/viktor/OpenDaVINCI/build/libopendavinci-prefix/src/libopendavinci-build/TimeFactoryTestSuite.h-TestSuite"
Directory: /home/viktor/OpenDaVINCI/build/libopendavinci-prefix/src/libopendavinci-build
"TimeFactoryTestSuite.h-TestSuite" start time: Apr 01 17:45 CEST
Output:
----------------------------------------------------------
Running libopendavinci-TimeFactoryTestSuite.h tests (2 tests)..OK!
<end of output>
Test time =   0.00 sec
----------------------------------------------------------
Test Passed.
"TimeFactoryTestSuite.h-TestSuite" end time: Apr 01 17:45 CEST
"TimeFactoryTestSuite.h-TestSuite" time elapsed: 00:00:00
----------------------------------------------------------

16/85 Testing: RuntimeControlContainerMultipleAppsTest9TestSuite.h-TestSuite
16/85 Test: RuntimeControlContainerMultipleAppsTest9TestSuite.h-TestSuite
Command: "/home/viktor/OpenDaVINCI/build/libopendavinci-prefix/src/libopendavinci-build/RuntimeControlContainerMultipleAppsTest9TestSuite.h-TestSuite"
Directory: /home/viktor/OpenDaVINCI/build/libopendavinci-prefix/src/libopendavinci-build
"RuntimeControlContainerMultipleAppsTest9TestSuite.h-TestSuite" start time: Apr 01 17:45 CEST
Output:
----------------------------------------------------------
(context::base::RuntimeControl) setup...
(context::base::SuperComponent) Server information: IP: 127.0.0.1 Port: 19855 ManagedLevel: ServerInformation::ML_NONE (0) 
(context::base::SuperComponent) Creating discoverer server...
(context::base::SuperComponent) Creating connection server...
(context::base::SuperComponent) Creating ContainerConference...
(context::base::RuntimeControl) setup done.
(context::base::RuntimeControl) Taking control...
ControlledContainerConferenceForSystemUnderTest: 225.0.0.100:12175
ControlledContainerConferenceForSystemUnderTest: 225.0.0.100:12175
(context::base::RuntimeControl) greatest common divisor: 500ms.
------------------------------------------------------------------------------
Time 0.0
[SFC] at 0.0
Call to RuntimeControlContainerMultipleAppsTestSystemPartReply for t = 0.0, containing 0 containers.
Distributing '' in ControlledContainerConferenceFactory to all ContainerConferences from Systems Under Test.
Distributing '' in ControlledContainerConferenceFactory to all SystemParts.
[SFC] at 0.0
Call to RuntimeControlContainerMultipleAppsTestSystemPartReply for t = 0.0, containing 1 containers.
(RuntimeControlContainerMultipleAppsTestSystemPartReply) Sent at 0s/0us., Received at 0s/0us.
Distributing '' in ControlledContainerConferenceFactory to all ContainerConferences from Systems Under Test.
Distributing '' in ControlledContainerConferenceFactory to all SystemParts.
[APP] at 0.0
(context::base::SuperComponent) Got new connection from Name:  Identifier:  Version:  Frequency: 0 
[APP] at 0.0
(context::base::SuperComponent) Got new connection from Name:  Identifier:  Version:  Frequency: 0 
------------------------------------------------------------------------------
Time 0.500000
[SFC] at 0.500000
Call to RuntimeControlContainerMultipleAppsTestSystemPartReply for t = 0.500000, containing 1 containers.
(RuntimeControlContainerMultipleAppsTestSystemPartReply) Sent at 0s/0us., Received at 0s/0us.
Distributing '' in ControlledContainerConferenceFactory to all ContainerConferences from Systems Under Test.
Distributing '' in ControlledContainerConferenceFactory to all SystemParts.
[APP] at 0.500000
Sending '' in ControlledContainerConferenceForSystemUnderTest.
Distributing '' in ControlledContainerConferenceFactory to all SystemParts.
Distributing '' in ControlledContainerConferenceFactory to all ContainerConferences from Systems Under Test.
------------------------------------------------------------------------------
Time 1.0
[SFC] at 1.0
Call to RuntimeControlContainerMultipleAppsTestSystemPartReply for t = 1.0, containing 4 containers.
(RuntimeControlContainerMultipleAppsTestSystemPartReply) Sent at 0s/0us., Received at 0s/0us.
(RuntimeControlContainerMultipleAppsTestSystemPartReply) Sent at 0s/0us., Received at 0s/0us.
(RuntimeControlContainerMultipleAppsTestSystemPartReply) Sent at 0s/500000us., Received at 0s/500000us.
(RuntimeControlContainerMultipleAppsTestSystemPartReply) Sent at 0s/500000us., Received at 0s/500000us.
Distributing '' in ControlledContainerConferenceFactory to all ContainerConferences from Systems Under Test.
Distributing '' in ControlledContainerConferenceFactory to all SystemParts.
[SFC] at 1.0
Call to RuntimeControlContainerMultipleAppsTestSystemPartReply for t = 1.0, containing 3 containers.
(RuntimeControlContainerMultipleAppsTestSystemPartReply) Sent at 0s/500000us., Received at 0s/500000us.
(RuntimeControlContainerMultipleAppsTestSystemPartReply) Sent at 0s/500000us., Received at 0s/500000us.
(RuntimeControlContainerMultipleAppsTestSystemPartReply) Sent at 1s/0us., Received at 1s/0us.
Distributing '' in ControlledContainerConferenceFactory to all ContainerConferences from Systems Under Test.
Distributing '' in ControlledContainerConferenceFactory to all SystemParts.
[APP] at 1.0
Sending '' in ControlledContainerConferenceForSystemUnderTest.
Distributing '' in ControlledContainerConferenceFactory to all SystemParts.
Distributing '' in ControlledContainerConferenceFactory to all ContainerConferences from Systems Under Test.
[APP] at 1.0
Sending '' in ControlledContainerConferenceForSystemUnderTest.
Distributing '' in ControlledContainerConferenceFactory to all SystemParts.
Distributing '' in ControlledContainerConferenceFactory to all ContainerConferences from Systems Under Test.
------------------------------------------------------------------------------
Time 1.500000
[SFC] at 1.500000
Call to RuntimeControlContainerMultipleAppsTestSystemPartReply for t = 1.500000, containing 3 containers.
(RuntimeControlContainerMultipleAppsTestSystemPartReply) Sent at 1s/0us., Received at 1s/0us.
(RuntimeControlContainerMultipleAppsTestSystemPartReply) Sent at 1s/0us., Received at 1s/0us.
(RuntimeControlContainerMultipleAppsTestSystemPartReply) Sent at 1s/0us., Received at 1s/0us.
Distributing '' in ControlledContainerConferenceFactory to all ContainerConferences from Systems Under Test.
Distributing '' in ControlledContainerConferenceFactory to all SystemParts.
[APP] at 1.500000
Sending '' in ControlledContainerConferenceForSystemUnderTest.
Distributing '' in ControlledContainerConferenceFactory to all SystemParts.
Distributing '' in ControlledContainerConferenceFactory to all ContainerConferences from Systems Under Test.
------------------------------------------------------------------------------
Time 2.0
[SFC] at 2.0
Call to RuntimeControlContainerMultipleAppsTestSystemPartReply for t = 2.0, containing 6 containers.
(RuntimeControlContainerMultipleAppsTestSystemPartReply) Sent at 1s/0us., Received at 1s/0us.
(RuntimeControlContainerMultipleAppsTestSystemPartReply) Sent at 1s/0us., Received at 1s/0us.
(RuntimeControlContainerMultipleAppsTestSystemPartReply) Sent at 1s/0us., Received at 1s/0us.
(RuntimeControlContainerMultipleAppsTestSystemPartReply) Sent at 1s/0us., Received at 1s/0us.
(RuntimeControlContainerMultipleAppsTestSystemPartReply) Sent at 1s/500000us., Received at 1s/500000us.
(RuntimeControlContainerMultipleAppsTestSystemPartReply) Sent at 1s/500000us., Received at 1s/500000us.
Distributing '' in ControlledContainerConferenceFactory to all ContainerConferences from Systems Under Test.
Distributing '' in ControlledContainerConferenceFactory to all SystemParts.
[SFC] at 2.0
Call to RuntimeControlContainerMultipleAppsTestSystemPartReply for t = 2.0, containing 3 containers.
(RuntimeControlContainerMultipleAppsTestSystemPartReply) Sent at 1s/500000us., Received at 1s/500000us.
(RuntimeControlContainerMultipleAppsTestSystemPartReply) Sent at 1s/500000us., Received at 1s/500000us.
(RuntimeControlContainerMultipleAppsTestSystemPartReply) Sent at 2s/0us., Received at 2s/0us.
Distributing '' in ControlledContainerConferenceFactory to all ContainerConferences from Systems Under Test.
Distributing '' in ControlledContainerConferenceFactory to all SystemParts.
[APP] at 2.0
Sending '' in ControlledContainerConferenceForSystemUnderTest.
Distributing '' in ControlledContainerConferenceFactory to all SystemParts.
Distributing '' in ControlledContainerConferenceFactory to all ContainerConferences from Systems Under Test.
[APP] at 2.0
Sending '' in ControlledContainerConferenceForSystemUnderTest.
Distributing '' in ControlledContainerConferenceFactory to all SystemParts.
Distributing '' in ControlledContainerConferenceFactory to all ContainerConferences from Systems Under Test.
------------------------------------------------------------------------------
Time 2.500000
[SFC] at 2.500000
Call to RuntimeControlContainerMultipleAppsTestSystemPartReply for t = 2.500000, containing 3 containers.
(RuntimeControlContainerMultipleAppsTestSystemPartReply) Sent at 2s/0us., Received at 2s/0us.
(RuntimeControlContainerMultipleAppsTestSystemPartReply) Sent at 2s/0us., Received at 2s/0us.
(RuntimeControlContainerMultipleAppsTestSystemPartReply) Sent at 2s/0us., Received at 2s/0us.
Distributing '' in ControlledContainerConferenceFactory to all ContainerConferences from Systems Under Test.
Distributing '' in ControlledContainerConferenceFactory to all SystemParts.
[APP] at 2.500000
Sending '' in ControlledContainerConferenceForSystemUnderTest.
Distributing '' in ControlledContainerConferenceFactory to all SystemParts.
Distributing '' in ControlledContainerConferenceFactory to all ContainerConferences from Systems Under Test.
------------------------------------------------------------------------------
Time 3.0
[SFC] at 3.0
Call to RuntimeControlContainerMultipleAppsTestSystemPartReply for t = 3.0, containing 6 containers.
(RuntimeControlContainerMultipleAppsTestSystemPartReply) Sent at 2s/0us., Received at 2s/0us.
(RuntimeControlContainerMultipleAppsTestSystemPartReply) Sent at 2s/0us., Received at 2s/0us.
(RuntimeControlContainerMultipleAppsTestSystemPartReply) Sent at 2s/0us., Received at 2s/0us.
(RuntimeControlContainerMultipleAppsTestSystemPartReply) Sent at 2s/0us., Received at 2s/0us.
(RuntimeControlContainerMultipleAppsTestSystemPartReply) Sent at 2s/500000us., Received at 2s/500000us.
(RuntimeControlContainerMultipleAppsTestSystemPartReply) Sent at 2s/500000us., Received at 2s/500000us.
Distributing '' in ControlledContainerConferenceFactory to all ContainerConferences from Systems Under Test.
Distributing '' in ControlledContainerConferenceFactory to all SystemParts.
[SFC] at 3.0
Call to RuntimeControlContainerMultipleAppsTestSystemPartReply for t = 3.0, containing 3 containers.
(RuntimeControlContainerMultipleAppsTestSystemPartReply) Sent at 2s/500000us., Received at 2s/500000us.
(RuntimeControlContainerMultipleAppsTestSystemPartReply) Sent at 2s/500000us., Received at 2s/500000us.
(RuntimeControlContainerMultipleAppsTestSystemPartReply) Sent at 3s/0us., Received at 3s/0us.
Distributing '' in ControlledContainerConferenceFactory to all ContainerConferences from Systems Under Test.
Distributing '' in ControlledContainerConferenceFactory to all SystemParts.
[APP] at 3.0
Sending '' in ControlledContainerConferenceForSystemUnderTest.
Distributing '' in ControlledContainerConferenceFactory to all SystemParts.
Distributing '' in ControlledContainerConferenceFactory to all ContainerConferences from Systems Under Test.
[APP] at 3.0
Sending '' in ControlledContainerConferenceForSystemUnderTest.
Distributing '' in ControlledContainerConferenceFactory to all SystemParts.
Distributing '' in ControlledContainerConferenceFactory to all ContainerConferences from Systems Under Test.
------------------------------------------------------------------------------
Time 3.500000
[SFC] at 3.500000
Call to RuntimeControlContainerMultipleAppsTestSystemPartReply for t = 3.500000, containing 3 containers.
(RuntimeControlContainerMultipleAppsTestSystemPartReply) Sent at 3s/0us., Received at 3s/0us.
(RuntimeControlContainerMultipleAppsTestSystemPartReply) Sent at 3s/0us., Received at 3s/0us.
(RuntimeControlContainerMultipleAppsTestSystemPartReply) Sent at 3s/0us., Received at 3s/0us.
Distributing '' in ControlledContainerConferenceFactory to all ContainerConferences from Systems Under Test.
Distributing '' in ControlledContainerConferenceFactory to all SystemParts.
[APP] at 3.500000
Sending '' in ControlledContainerConferenceForSystemUnderTest.
Distributing '' in ControlledContainerConferenceFactory to all SystemParts.
Distributing '' in ControlledContainerConferenceFactory to all ContainerConferences from Systems Under Test.
------------------------------------------------------------------------------
Time 4.0
[SFC] at 4.0
Call to RuntimeControlContainerMultipleAppsTestSystemPartReply for t = 4.0, containing 6 containers.
(RuntimeControlContainerMultipleAppsTestSystemPartReply) Sent at 3s/0us., Received at 3s/0us.
(RuntimeControlContainerMultipleAppsTestSystemPartReply) Sent at 3s/0us., Received at 3s/0us.
(RuntimeControlContainerMultipleAppsTestSystemPartReply) Sent at 3s/0us., Received at 3s/0us.
(RuntimeControlContainerMultipleAppsTestSystemPartReply) Sent at 3s/0us., Received at 3s/0us.
(RuntimeControlContainerMultipleAppsTestSystemPartReply) Sent at 3s/500000us., Received at 3s/500000us.
(RuntimeControlContainerMultipleAppsTestSystemPartReply) Sent at 3s/500000us., Received at 3s/500000us.
Distributing '' in ControlledContainerConferenceFactory to all ContainerConferences from Systems Under Test.
Distributing '' in ControlledContainerConferenceFactory to all SystemParts.
[SFC] at 4.0
Call to RuntimeControlContainerMultipleAppsTestSystemPartReply for t = 4.0, containing 3 containers.
(RuntimeControlContainerMultipleAppsTestSystemPartReply) Sent at 3s/500000us., Received at 3s/500000us.
(RuntimeControlContainerMultipleAppsTestSystemPartReply) Sent at 3s/500000us., Received at 3s/500000us.
(RuntimeControlContainerMultipleAppsTestSystemPartReply) Sent at 4s/0us., Received at 4s/0us.
Distributing '' in ControlledContainerConferenceFactory to all ContainerConferences from Systems Under Test.
Distributing '' in ControlledContainerConferenceFactory to all SystemParts.
[APP] at 4.0
Sending '' in ControlledContainerConferenceForSystemUnderTest.
Distributing '' in ControlledContainerConferenceFactory to all SystemParts.
Distributing '' in ControlledContainerConferenceFactory to all ContainerConferences from Systems Under Test.
[APP] at 4.0
Sending '' in ControlledContainerConferenceForSystemUnderTest.
Distributing '' in ControlledContainerConferenceFactory to all SystemParts.
Distributing '' in ControlledContainerConferenceFactory to all ContainerConferences from Systems Under Test.
------------------------------------------------------------------------------
Time 4.500000
[SFC] at 4.500000
Call to RuntimeControlContainerMultipleAppsTestSystemPartReply for t = 4.500000, containing 3 containers.
(RuntimeControlContainerMultipleAppsTestSystemPartReply) Sent at 4s/0us., Received at 4s/0us.
(RuntimeControlContainerMultipleAppsTestSystemPartReply) Sent at 4s/0us., Received at 4s/0us.
(RuntimeControlContainerMultipleAppsTestSystemPartReply) Sent at 4s/0us., Received at 4s/0us.
Distributing '' in ControlledContainerConferenceFactory to all ContainerConferences from Systems Under Test.
Distributing '' in ControlledContainerConferenceFactory to all SystemParts.
[APP] at 4.500000
Sending '' in ControlledContainerConferenceForSystemUnderTest.
Distributing '' in ControlledContainerConferenceFactory to all SystemParts.
Distributing '' in ControlledContainerConferenceFactory to all ContainerConferences from Systems Under Test.
------------------------------------------------------------------------------
Time 5.0
[SFC] at 5.0
Call to RuntimeControlContainerMultipleAppsTestSystemPartReply for t = 5.0, containing 6 containers.
(RuntimeControlContainerMultipleAppsTestSystemPartReply) Sent at 4s/0us., Received at 4s/0us.
(RuntimeControlContainerMultipleAppsTestSystemPartReply) Sent at 4s/0us., Received at 4s/0us.
(RuntimeControlContainerMultipleAppsTestSystemPartReply) Sent at 4s/0us., Received at 4s/0us.
(RuntimeControlContainerMultipleAppsTestSystemPartReply) Sent at 4s/0us., Received at 4s/0us.
(RuntimeControlContainerMultipleAppsTestSystemPartReply) Sent at 4s/500000us., Received at 4s/500000us.
(RuntimeControlContainerMultipleAppsTestSystemPartReply) Sent at 4s/500000us., Received at 4s/500000us.
Distributing '' in ControlledContainerConferenceFactory to all ContainerConferences from Systems Under Test.
Distributing '' in ControlledContainerConferenceFactory to all SystemParts.
[SFC] at 5.0
Call to RuntimeControlContainerMultipleAppsTestSystemPartReply for t = 5.0, containing 3 containers.
(RuntimeControlContainerMultipleAppsTestSystemPartReply) Sent at 4s/500000us., Received at 4s/500000us.
(RuntimeControlContainerMultipleAppsTestSystemPartReply) Sent at 4s/500000us., Received at 4s/500000us.
(RuntimeControlContainerMultipleAppsTestSystemPartReply) Sent at 5s/0us., Received at 5s/0us.
Distributing '' in ControlledContainerConferenceFactory to all ContainerConferences from Systems Under Test.
Distributing '' in ControlledContainerConferenceFactory to all SystemParts.
[APP] at 5.0
Sending '' in ControlledContainerConferenceForSystemUnderTest.
Distributing '' in ControlledContainerConferenceFactory to all SystemParts.
Distributing '' in ControlledContainerConferenceFactory to all ContainerConferences from Systems Under Test.
[APP] at 5.0
Sending '' in ControlledContainerConferenceForSystemUnderTest.
Distributing '' in ControlledContainerConferenceFactory to all SystemParts.
Distributing '' in ControlledContainerConferenceFactory to all ContainerConferences from Systems Under Test.
------------------------------------------------------------------------------
Time 5.500000
[SFC] at 5.500000
Call to RuntimeControlContainerMultipleAppsTestSystemPartReply for t = 5.500000, containing 3 containers.
(RuntimeControlContainerMultipleAppsTestSystemPartReply) Sent at 5s/0us., Received at 5s/0us.
(RuntimeControlContainerMultipleAppsTestSystemPartReply) Sent at 5s/0us., Received at 5s/0us.
(RuntimeControlContainerMultipleAppsTestSystemPartReply) Sent at 5s/0us., Received at 5s/0us.
Distributing '' in ControlledContainerConferenceFactory to all ContainerConferences from Systems Under Test.
Distributing '' in ControlledContainerConferenceFactory to all SystemParts.
[APP] at 5.500000
Sending '' in ControlledContainerConferenceForSystemUnderTest.
Distributing '' in ControlledContainerConferenceFactory to all SystemParts.
Distributing '' in ControlledContainerConferenceFactory to all ContainerConferences from Systems Under Test.
------------------------------------------------------------------------------
Time 6.0
[SFC] at 6.0
Call to RuntimeControlContainerMultipleAppsTestSystemPartReply for t = 6.0, containing 6 containers.
(RuntimeControlContainerMultipleAppsTestSystemPartReply) Sent at 5s/0us., Received at 5s/0us.
(RuntimeControlContainerMultipleAppsTestSystemPartReply) Sent at 5s/0us., Received at 5s/0us.
(RuntimeControlContainerMultipleAppsTestSystemPartReply) Sent at 5s/0us., Received at 5s/0us.
(RuntimeControlContainerMultipleAppsTestSystemPartReply) Sent at 5s/0us., Received at 5s/0us.
(RuntimeControlContainerMultipleAppsTestSystemPartReply) Sent at 5s/500000us., Received at 5s/500000us.
(RuntimeControlContainerMultipleAppsTestSystemPartReply) Sent at 5s/500000us., Received at 5s/500000us.
Distributing '' in ControlledContainerConferenceFactory to all ContainerConferences from Systems Under Test.
Distributing '' in ControlledContainerConferenceFactory to all SystemParts.
[SFC] at 6.0
Call to RuntimeControlContainerMultipleAppsTestSystemPartReply for t = 6.0, containing 3 containers.
(RuntimeControlContainerMultipleAppsTestSystemPartReply) Sent at 5s/500000us., Received at 5s/500000us.
(RuntimeControlContainerMultipleAppsTestSystemPartReply) Sent at 5s/500000us., Received at 5s/500000us.
(RuntimeControlContainerMultipleAppsTestSystemPartReply) Sent at 6s/0us., Received at 6s/0us.
Distributing '' in ControlledContainerConferenceFactory to all ContainerConferences from Systems Under Test.
Distributing '' in ControlledContainerConferenceFactory to all SystemParts.
[APP] at 6.0
Sending '' in ControlledContainerConferenceForSystemUnderTest.
Distributing '' in ControlledContainerConferenceFactory to all SystemParts.
Distributing '' in ControlledContainerConferenceFactory to all ContainerConferences from Systems Under Test.
[APP] at 6.0
Sending '' in ControlledContainerConferenceForSystemUnderTest.
Distributing '' in ControlledContainerConferenceFactory to all SystemParts.
Distributing '' in ControlledContainerConferenceFactory to all ContainerConferences from Systems Under Test.
------------------------------------------------------------------------------
Time 6.500000
[SFC] at 6.500000
Call to RuntimeControlContainerMultipleAppsTestSystemPartReply for t = 6.500000, containing 3 containers.
(RuntimeControlContainerMultipleAppsTestSystemPartReply) Sent at 6s/0us., Received at 6s/0us.
(RuntimeControlContainerMultipleAppsTestSystemPartReply) Sent at 6s/0us., Received at 6s/0us.
(RuntimeControlContainerMultipleAppsTestSystemPartReply) Sent at 6s/0us., Received at 6s/0us.
Distributing '' in ControlledContainerConferenceFactory to all ContainerConferences from Systems Under Test.
Distributing '' in ControlledContainerConferenceFactory to all SystemParts.
[APP] at 6.500000
Sending '' in ControlledContainerConferenceForSystemUnderTest.
Distributing '' in ControlledContainerConferenceFactory to all SystemParts.
Distributing '' in ControlledContainerConferenceFactory to all ContainerConferences from Systems Under Test.
------------------------------------------------------------------------------
Time 7.0
[SFC] at 7.0
Call to RuntimeControlContainerMultipleAppsTestSystemPartReply for t = 7.0, containing 6 containers.
(RuntimeControlContainerMultipleAppsTestSystemPartReply) Sent at 6s/0us., Received at 6s/0us.
(RuntimeControlContainerMultipleAppsTestSystemPartReply) Sent at 6s/0us., Received at 6s/0us.
(RuntimeControlContainerMultipleAppsTestSystemPartReply) Sent at 6s/0us., Received at 6s/0us.
(RuntimeControlContainerMultipleAppsTestSystemPartReply) Sent at 6s/0us., Received at 6s/0us.
(RuntimeControlContainerMultipleAppsTestSystemPartReply) Sent at 6s/500000us., Received at 6s/500000us.
(RuntimeControlContainerMultipleAppsTestSystemPartReply) Sent at 6s/500000us., Received at 6s/500000us.
Distributing '' in ControlledContainerConferenceFactory to all ContainerConferences from Systems Under Test.
Distributing '' in ControlledContainerConferenceFactory to all SystemParts.
[SFC] at 7.0
Call to RuntimeControlContainerMultipleAppsTestSystemPartReply for t = 7.0, containing 3 containers.
(RuntimeControlContainerMultipleAppsTestSystemPartReply) Sent at 6s/500000us., Received at 6s/500000us.
(RuntimeControlContainerMultipleAppsTestSystemPartReply) Sent at 6s/500000us., Received at 6s/500000us.
(RuntimeControlContainerMultipleAppsTestSystemPartReply) Sent at 7s/0us., Received at 7s/0us.
Distributing '' in ControlledContainerConferenceFactory to all ContainerConferences from Systems Under Test.
Distributing '' in ControlledContainerConferenceFactory to all SystemParts.
[APP] at 7.0
Sending '' in ControlledContainerConferenceForSystemUnderTest.
Distributing '' in ControlledContainerConferenceFactory to all SystemParts.
Distributing '' in ControlledContainerConferenceFactory to all ContainerConferences from Systems Under Test.
[APP] at 7.0
Sending '' in ControlledContainerConferenceForSystemUnderTest.
Distributing '' in ControlledContainerConferenceFactory to all SystemParts.
Distributing '' in ControlledContainerConferenceFactory to all ContainerConferences from Systems Under Test.
------------------------------------------------------------------------------
Time 7.500000
[SFC] at 7.500000
Call to RuntimeControlContainerMultipleAppsTestSystemPartReply for t = 7.500000, containing 3 containers.
(RuntimeControlContainerMultipleAppsTestSystemPartReply) Sent at 7s/0us., Received at 7s/0us.
(RuntimeControlContainerMultipleAppsTestSystemPartReply) Sent at 7s/0us., Received at 7s/0us.
(RuntimeControlContainerMultipleAppsTestSystemPartReply) Sent at 7s/0us., Received at 7s/0us.
Distributing '' in ControlledContainerConferenceFactory to all ContainerConferences from Systems Under Test.
Distributing '' in ControlledContainerConferenceFactory to all SystemParts.
[APP] at 7.500000
Sending '' in ControlledContainerConferenceForSystemUnderTest.
Distributing '' in ControlledContainerConferenceFactory to all SystemParts.
Distributing '' in ControlledContainerConferenceFactory to all ContainerConferences from Systems Under Test.
------------------------------------------------------------------------------
Time 8.0
[SFC] at 8.0
Call to RuntimeControlContainerMultipleAppsTestSystemPartReply for t = 8.0, containing 6 containers.
(RuntimeControlContainerMultipleAppsTestSystemPartReply) Sent at 7s/0us., Received at 7s/0us.
(RuntimeControlContainerMultipleAppsTestSystemPartReply) Sent at 7s/0us., Received at 7s/0us.
(RuntimeControlContainerMultipleAppsTestSystemPartReply) Sent at 7s/0us., Received at 7s/0us.
(RuntimeControlContainerMultipleAppsTestSystemPartReply) Sent at 7s/0us., Received at 7s/0us.
(RuntimeControlContainerMultipleAppsTestSystemPartReply) Sent at 7s/500000us., Received at 7s/500000us.
(RuntimeControlContainerMultipleAppsTestSystemPartReply) Sent at 7s/500000us., Received at 7s/500000us.
Distributing '' in ControlledContainerConferenceFactory to all ContainerConferences from Systems Under Test.
Distributing '' in ControlledContainerConferenceFactory to all SystemParts.
[SFC] at 8.0
Call to RuntimeControlContainerMultipleAppsTestSystemPartReply for t = 8.0, containing 3 containers.
(RuntimeControlContainerMultipleAppsTestSystemPartReply) Sent at 7s/500000us., Received at 7s/500000us.
(RuntimeControlContainerMultipleAppsTestSystemPartReply) Sent at 7s/500000us., Received at 7s/500000us.
(RuntimeControlContainerMultipleAppsTestSystemPartReply) Sent at 8s/0us., Received at 8s/0us.
Distributing '' in ControlledContainerConferenceFactory to all ContainerConferences from Systems Under Test.
Distributing '' in ControlledContainerConferenceFactory to all SystemParts.
[APP] at 8.0
Sending '' in ControlledContainerConferenceForSystemUnderTest.
Distributing '' in ControlledContainerConferenceFactory to all SystemParts.
Distributing '' in ControlledContainerConferenceFactory to all ContainerConferences from Systems Under Test.
[APP] at 8.0
Sending '' in ControlledContainerConferenceForSystemUnderTest.
Distributing '' in ControlledContainerConferenceFactory to all SystemParts.
Distributing '' in ControlledContainerConferenceFactory to all ContainerConferences from Systems Under Test.
------------------------------------------------------------------------------
Time 8.500000
[SFC] at 8.500000
Call to RuntimeControlContainerMultipleAppsTestSystemPartReply for t = 8.500000, containing 3 containers.
(RuntimeControlContainerMultipleAppsTestSystemPartReply) Sent at 8s/0us., Received at 8s/0us.
(RuntimeControlContainerMultipleAppsTestSystemPartReply) Sent at 8s/0us., Received at 8s/0us.
(RuntimeControlContainerMultipleAppsTestSystemPartReply) Sent at 8s/0us., Received at 8s/0us.
Distributing '' in ControlledContainerConferenceFactory to all ContainerConferences from Systems Under Test.
Distributing '' in ControlledContainerConferenceFactory to all SystemParts.
[APP] at 8.500000
Sending '' in ControlledContainerConferenceForSystemUnderTest.
Distributing '' in ControlledContainerConferenceFactory to all SystemParts.
Distributing '' in ControlledContainerConferenceFactory to all ContainerConferences from Systems Under Test.
------------------------------------------------------------------------------
Time 9.0
[SFC] at 9.0
Call to RuntimeControlContainerMultipleAppsTestSystemPartReply for t = 9.0, containing 6 containers.
(RuntimeControlContainerMultipleAppsTestSystemPartReply) Sent at 8s/0us., Received at 8s/0us.
(RuntimeControlContainerMultipleAppsTestSystemPartReply) Sent at 8s/0us., Received at 8s/0us.
(RuntimeControlContainerMultipleAppsTestSystemPartReply) Sent at 8s/0us., Received at 8s/0us.
(RuntimeControlContainerMultipleAppsTestSystemPartReply) Sent at 8s/0us., Received at 8s/0us.
(RuntimeControlContainerMultipleAppsTestSystemPartReply) Sent at 8s/500000us., Received at 8s/500000us.
(RuntimeControlContainerMultipleAppsTestSystemPartReply) Sent at 8s/500000us., Received at 8s/500000us.
Distributing '' in ControlledContainerConferenceFactory to all ContainerConferences from Systems Under Test.
Distributing '' in ControlledContainerConferenceFactory to all SystemParts.
[SFC] at 9.0
Call to RuntimeControlContainerMultipleAppsTestSystemPartReply for t = 9.0, containing 3 containers.
(RuntimeControlContainerMultipleAppsTestSystemPartReply) Sent at 8s/500000us., Received at 8s/500000us.
(RuntimeControlContainerMultipleAppsTestSystemPartReply) Sent at 8s/500000us., Received at 8s/500000us.
(RuntimeControlContainerMultipleAppsTestSystemPartReply) Sent at 9s/0us., Received at 9s/0us.
Distributing '' in ControlledContainerConferenceFactory to all ContainerConferences from Systems Under Test.
Distributing '' in ControlledContainerConferenceFactory to all SystemParts.
[APP] at 9.0
Sending '' in ControlledContainerConferenceForSystemUnderTest.
Distributing '' in ControlledContainerConferenceFactory to all SystemParts.
Distributing '' in ControlledContainerConferenceFactory to all ContainerConferences from Systems Under Test.
[APP] at 9.0
Sending '' in ControlledContainerConferenceForSystemUnderTest.
Distributing '' in ControlledContainerConferenceFactory to all SystemParts.
Distributing '' in ControlledContainerConferenceFactory to all ContainerConferences from Systems Under Test.
------------------------------------------------------------------------------
Time 9.500000
[SFC] at 9.500000
Call to RuntimeControlContainerMultipleAppsTestSystemPartReply for t = 9.500000, containing 3 containers.
(RuntimeControlContainerMultipleAppsTestSystemPartReply) Sent at 9s/0us., Received at 9s/0us.
(RuntimeControlContainerMultipleAppsTestSystemPartReply) Sent at 9s/0us., Received at 9s/0us.
(RuntimeControlContainerMultipleAppsTestSystemPartReply) Sent at 9s/0us., Received at 9s/0us.
Distributing '' in ControlledContainerConferenceFactory to all ContainerConferences from Systems Under Test.
Distributing '' in ControlledContainerConferenceFactory to all SystemParts.
[APP] at 9.500000
Sending '' in ControlledContainerConferenceForSystemUnderTest.
Distributing '' in ControlledContainerConferenceFactory to all SystemParts.
Distributing '' in ControlledContainerConferenceFactory to all ContainerConferences from Systems Under Test.
(context::base::RuntimeControl) The specified overall timeout was to small! There are still schedulable applications available.
SIZE: 52
SIZE_SP2: 56
(context::base::RuntimeControl) tearDown...
(context::base::RuntimeControl) done.
SIZE_RECEIVED_AT_SYSTEM_UNDER_TEST_A1: 28
C1b-i: 0, cntSP2: 1, S: 500000, R: 500000
C1a-i: 1, cntSP1: 1, S: 1000000, R: 1000000
C1b-i: 2, cntSP2: 2, S: 1000000, R: 1000000
C1b-i: 3, cntSP2: 3, S: 1500000, R: 1500000
C1a-i: 4, cntSP1: 2, S: 2000000, R: 2000000
C1b-i: 5, cntSP2: 4, S: 2000000, R: 2000000
C1b-i: 6, cntSP2: 5, S: 2500000, R: 2500000
C1a-i: 7, cntSP1: 3, S: 3000000, R: 3000000
C1b-i: 8, cntSP2: 6, S: 3000000, R: 3000000
C1b-i: 9, cntSP2: 7, S: 3500000, R: 3500000
C1a-i: 10, cntSP1: 4, S: 4000000, R: 4000000
C1b-i: 11, cntSP2: 8, S: 4000000, R: 4000000
C1b-i: 12, cntSP2: 9, S: 4500000, R: 4500000
C1a-i: 13, cntSP1: 5, S: 5000000, R: 5000000
C1b-i: 14, cntSP2: 10, S: 5000000, R: 5000000
C1b-i: 15, cntSP2: 11, S: 5500000, R: 5500000
C1a-i: 16, cntSP1: 6, S: 6000000, R: 6000000
C1b-i: 17, cntSP2: 12, S: 6000000, R: 6000000
C1b-i: 18, cntSP2: 13, S: 6500000, R: 6500000
C1a-i: 19, cntSP1: 7, S: 7000000, R: 7000000
C1b-i: 20, cntSP2: 14, S: 7000000, R: 7000000
C1b-i: 21, cntSP2: 15, S: 7500000, R: 7500000
C1a-i: 22, cntSP1: 8, S: 8000000, R: 8000000
C1b-i: 23, cntSP2: 16, S: 8000000, R: 8000000
C1b-i: 24, cntSP2: 17, S: 8500000, R: 8500000
C1a-i: 25, cntSP1: 9, S: 9000000, R: 9000000
C1b-i: 26, cntSP2: 18, S: 9000000, R: 9000000
C1b-i: 27, cntSP2: 19, S: 9500000, R: 9500000
SIZE_RECEIVED_AT_SYSTEM_UNDER_TEST_A2: 28
D1b-i: 0, cntSP2: 1, S: 500000, R: 500000
D1a-i: 1, cntSP1: 1, S: 1000000, R: 1000000
D1b-i: 2, cntSP2: 2, S: 1000000, R: 1000000
D1b-i: 3, cntSP2: 3, S: 1500000, R: 1500000
D1a-i: 4, cntSP1: 2, S: 2000000, R: 2000000
D1b-i: 5, cntSP2: 4, S: 2000000, R: 2000000
D1b-i: 6, cntSP2: 5, S: 2500000, R: 2500000
D1a-i: 7, cntSP1: 3, S: 3000000, R: 3000000
D1b-i: 8, cntSP2: 6, S: 3000000, R: 3000000
D1b-i: 9, cntSP2: 7, S: 3500000, R: 3500000
D1a-i: 10, cntSP1: 4, S: 4000000, R: 4000000
D1b-i: 11, cntSP2: 8, S: 4000000, R: 4000000
D1b-i: 12, cntSP2: 9, S: 4500000, R: 4500000
D1a-i: 13, cntSP1: 5, S: 5000000, R: 5000000
D1b-i: 14, cntSP2: 10, S: 5000000, R: 5000000
D1b-i: 15, cntSP2: 11, S: 5500000, R: 5500000
D1a-i: 16, cntSP1: 6, S: 6000000, R: 6000000
D1b-i: 17, cntSP2: 12, S: 6000000, R: 6000000
D1b-i: 18, cntSP2: 13, S: 6500000, R: 6500000
D1a-i: 19, cntSP1: 7, S: 7000000, R: 7000000
D1b-i: 20, cntSP2: 14, S: 7000000, R: 7000000
D1b-i: 21, cntSP2: 15, S: 7500000, R: 7500000
D1a-i: 22, cntSP1: 8, S: 8000000, R: 8000000
D1b-i: 23, cntSP2: 16, S: 8000000, R: 8000000
D1b-i: 24, cntSP2: 17, S: 8500000, R: 8500000
D1a-i: 25, cntSP1: 9, S: 9000000, R: 9000000
D1b-i: 26, cntSP2: 18, S: 9000000, R: 9000000
D1b-i: 27, cntSP2: 19, S: 9500000, R: 9500000
RuntimeControlContainerMultipleAppsTestModule cycles : 19
RuntimeControlContainerMultipleAppsTestModule cycles : 9
Running libopendavinci-RuntimeControlContainerMultipleAppsTest9TestSuite.h tests (1 test).OK!
<end of output>
Test time =   2.01 sec
----------------------------------------------------------
Test Passed.
"RuntimeControlContainerMultipleAppsTest9TestSuite.h-TestSuite" end time: Apr 01 17:45 CEST
"RuntimeControlContainerMultipleAppsTest9TestSuite.h-TestSuite" time elapsed: 00:00:02
----------------------------------------------------------

17/85 Testing: QueueTestSuite.h-TestSuite
17/85 Test: QueueTestSuite.h-TestSuite
Command: "/home/viktor/OpenDaVINCI/build/libopendavinci-prefix/src/libopendavinci-build/QueueTestSuite.h-TestSuite"
Directory: /home/viktor/OpenDaVINCI/build/libopendavinci-prefix/src/libopendavinci-build
"QueueTestSuite.h-TestSuite" start time: Apr 01 17:45 CEST
Output:
----------------------------------------------------------
Running libopendavinci-QueueTestSuite.h tests (8 tests)........OK!
<end of output>
Test time =   1.10 sec
----------------------------------------------------------
Test Passed.
"QueueTestSuite.h-TestSuite" end time: Apr 01 17:45 CEST
"QueueTestSuite.h-TestSuite" time elapsed: 00:00:01
----------------------------------------------------------

18/85 Testing: ConnectionTestSuite.h-TestSuite
18/85 Test: ConnectionTestSuite.h-TestSuite
Command: "/home/viktor/OpenDaVINCI/build/libopendavinci-prefix/src/libopendavinci-build/ConnectionTestSuite.h-TestSuite"
Directory: /home/viktor/OpenDaVINCI/build/libopendavinci-prefix/src/libopendavinci-build
"ConnectionTestSuite.h-TestSuite" start time: Apr 01 17:45 CEST
Output:
----------------------------------------------------------
testErrorHandler
Starting test.
Running libopendavinci-ConnectionTestSuite.h tests (3 tests)...OK!
<end of output>
Test time =   5.01 sec
----------------------------------------------------------
Test Passed.
"ConnectionTestSuite.h-TestSuite" end time: Apr 01 17:45 CEST
"ConnectionTestSuite.h-TestSuite" time elapsed: 00:00:05
----------------------------------------------------------

19/85 Testing: RuntimeControlContainerTest2TestSuite.h-TestSuite
[...]
Test Passed.
"odcore_data_dmcp_ModuleStateMessageTestSuite.h-TestSuite" end time: Apr 01 17:46 CEST
"odcore_data_dmcp_ModuleStateMessageTestSuite.h-TestSuite" time elapsed: 00:00:00
----------------------------------------------------------

65/85 Testing: odcore_data_SharedDataTestSuite.h-TestSuite
65/85 Test: odcore_data_SharedDataTestSuite.h-TestSuite
Command: "/home/viktor/OpenDaVINCI/build/libopendavinci-prefix/src/libopendavinci-build/odcore_data_SharedDataTestSuite.h-TestSuite"
Directory: /home/viktor/OpenDaVINCI/build/libopendavinci-prefix/src/libopendavinci-build
"odcore_data_SharedDataTestSuite.h-TestSuite" start time: Apr 01 17:46 CEST
Output:
----------------------------------------------------------
Running libopendavinci-odcore_data_SharedDataTestSuite.h tests (4 tests)....OK!
<end of output>
Test time =   0.00 sec
----------------------------------------------------------
Test Passed.
"odcore_data_SharedDataTestSuite.h-TestSuite" end time: Apr 01 17:46 CEST
"odcore_data_SharedDataTestSuite.h-TestSuite" time elapsed: 00:00:00
----------------------------------------------------------

66/85 Testing: odcore_data_LogMessageTestSuite.h-TestSuite
66/85 Test: odcore_data_LogMessageTestSuite.h-TestSuite
Command: "/home/viktor/OpenDaVINCI/build/libopendavinci-prefix/src/libopendavinci-build/odcore_data_LogMessageTestSuite.h-TestSuite"
Directory: /home/viktor/OpenDaVINCI/build/libopendavinci-prefix/src/libopendavinci-build
"odcore_data_LogMessageTestSuite.h-TestSuite" start time: Apr 01 17:46 CEST
Output:
----------------------------------------------------------
Running libopendavinci-odcore_data_LogMessageTestSuite.h tests (4 tests)....OK!
<end of output>
Test time =   0.00 sec
----------------------------------------------------------
Test Passed.
"odcore_data_LogMessageTestSuite.h-TestSuite" end time: Apr 01 17:46 CEST
"odcore_data_LogMessageTestSuite.h-TestSuite" time elapsed: 00:00:00
----------------------------------------------------------

67/85 Testing: odcore_data_dmcp_DiscoverMessageTestSuite.h-TestSuite
67/85 Test: odcore_data_dmcp_DiscoverMessageTestSuite.h-TestSuite
Command: "/home/viktor/OpenDaVINCI/build/libopendavinci-prefix/src/libopendavinci-build/odcore_data_dmcp_DiscoverMessageTestSuite.h-TestSuite"
Directory: /home/viktor/OpenDaVINCI/build/libopendavinci-prefix/src/libopendavinci-build
"odcore_data_dmcp_DiscoverMessageTestSuite.h-TestSuite" start time: Apr 01 17:46 CEST
Output:
----------------------------------------------------------
Running libopendavinci-odcore_data_dmcp_DiscoverMessageTestSuite.h tests (4 tests)....OK!
<end of output>
Test time =   0.00 sec
----------------------------------------------------------
Test Passed.
"odcore_data_dmcp_DiscoverMessageTestSuite.h-TestSuite" end time: Apr 01 17:46 CEST
"odcore_data_dmcp_DiscoverMessageTestSuite.h-TestSuite" time elapsed: 00:00:00
----------------------------------------------------------

68/85 Testing: odcore_data_buffer_MemorySegmentTestSuite.h-TestSuite
68/85 Test: odcore_data_buffer_MemorySegmentTestSuite.h-TestSuite
Command: "/home/viktor/OpenDaVINCI/build/libopendavinci-prefix/src/libopendavinci-build/odcore_data_buffer_MemorySegmentTestSuite.h-TestSuite"
Directory: /home/viktor/OpenDaVINCI/build/libopendavinci-prefix/src/libopendavinci-build
"odcore_data_buffer_MemorySegmentTestSuite.h-TestSuite" start time: Apr 01 17:46 CEST
Output:
----------------------------------------------------------
Running libopendavinci-odcore_data_buffer_MemorySegmentTestSuite.h tests (4 tests)....OK!
<end of output>
Test time =   0.00 sec
----------------------------------------------------------
Test Passed.
"odcore_data_buffer_MemorySegmentTestSuite.h-TestSuite" end time: Apr 01 17:46 CEST
"odcore_data_buffer_MemorySegmentTestSuite.h-TestSuite" time elapsed: 00:00:00
----------------------------------------------------------

69/85 Testing: odcore_data_dmcp_ModuleExitCodeMessageTestSuite.h-TestSuite
69/85 Test: odcore_data_dmcp_ModuleExitCodeMessageTestSuite.h-TestSuite
Command: "/home/viktor/OpenDaVINCI/build/libopendavinci-prefix/src/libopendavinci-build/odcore_data_dmcp_ModuleExitCodeMessageTestSuite.h-TestSuite"
Directory: /home/viktor/OpenDaVINCI/build/libopendavinci-prefix/src/libopendavinci-build
"odcore_data_dmcp_ModuleExitCodeMessageTestSuite.h-TestSuite" start time: Apr 01 17:46 CEST
Output:
----------------------------------------------------------
Running libopendavinci-odcore_data_dmcp_ModuleExitCodeMessageTestSuite.h tests (4 tests)....OK!
<end of output>
Test time =   0.00 sec
----------------------------------------------------------
Test Passed.
"odcore_data_dmcp_ModuleExitCodeMessageTestSuite.h-TestSuite" end time: Apr 01 17:46 CEST
"odcore_data_dmcp_ModuleExitCodeMessageTestSuite.h-TestSuite" time elapsed: 00:00:00
----------------------------------------------------------

70/85 Testing: odcore_data_image_SharedImageTestSuite.h-TestSuite
70/85 Test: odcore_data_image_SharedImageTestSuite.h-TestSuite
Command: "/home/viktor/OpenDaVINCI/build/libopendavinci-prefix/src/libopendavinci-build/odcore_data_image_SharedImageTestSuite.h-TestSuite"
Directory: /home/viktor/OpenDaVINCI/build/libopendavinci-prefix/src/libopendavinci-build
"odcore_data_image_SharedImageTestSuite.h-TestSuite" start time: Apr 01 17:46 CEST
Output:
----------------------------------------------------------
Running libopendavinci-odcore_data_image_SharedImageTestSuite.h tests (4 tests)....OK!
<end of output>
Test time =   0.00 sec
----------------------------------------------------------
Test Passed.
"odcore_data_image_SharedImageTestSuite.h-TestSuite" end time: Apr 01 17:46 CEST
"odcore_data_image_SharedImageTestSuite.h-TestSuite" time elapsed: 00:00:00
----------------------------------------------------------

71/85 Testing: odcore_data_dmcp_ModuleStatisticsTestSuite.h-TestSuite
71/85 Test: odcore_data_dmcp_ModuleStatisticsTestSuite.h-TestSuite
Command: "/home/viktor/OpenDaVINCI/build/libopendavinci-prefix/src/libopendavinci-build/odcore_data_dmcp_ModuleStatisticsTestSuite.h-TestSuite"
Directory: /home/viktor/OpenDaVINCI/build/libopendavinci-prefix/src/libopendavinci-build
"odcore_data_dmcp_ModuleStatisticsTestSuite.h-TestSuite" start time: Apr 01 17:46 CEST
Output:
----------------------------------------------------------
Running libopendavinci-odcore_data_dmcp_ModuleStatisticsTestSuite.h tests (4 tests)....OK!
<end of output>
Test time =   0.00 sec
----------------------------------------------------------
Test Passed.
"odcore_data_dmcp_ModuleStatisticsTestSuite.h-TestSuite" end time: Apr 01 17:46 CEST
"odcore_data_dmcp_ModuleStatisticsTestSuite.h-TestSuite" time elapsed: 00:00:00
----------------------------------------------------------

72/85 Testing: odcore_data_dmcp_PulseMessageTestSuite.h-TestSuite
72/85 Test: odcore_data_dmcp_PulseMessageTestSuite.h-TestSuite
Command: "/home/viktor/OpenDaVINCI/build/libopendavinci-prefix/src/libopendavinci-build/odcore_data_dmcp_PulseMessageTestSuite.h-TestSuite"
Directory: /home/viktor/OpenDaVINCI/build/libopendavinci-prefix/src/libopendavinci-build
"odcore_data_dmcp_PulseMessageTestSuite.h-TestSuite" start time: Apr 01 17:46 CEST
Output:
----------------------------------------------------------
Running libopendavinci-odcore_data_dmcp_PulseMessageTestSuite.h tests (4 tests)....OK!
<end of output>
Test time =   0.00 sec
----------------------------------------------------------
Test Passed.
"odcore_data_dmcp_PulseMessageTestSuite.h-TestSuite" end time: Apr 01 17:46 CEST
"odcore_data_dmcp_PulseMessageTestSuite.h-TestSuite" time elapsed: 00:00:00
----------------------------------------------------------

73/85 Testing: odcore_data_dmcp_TestConstantsTestSuite.h-TestSuite
73/85 Test: odcore_data_dmcp_TestConstantsTestSuite.h-TestSuite
Command: "/home/viktor/OpenDaVINCI/build/libopendavinci-prefix/src/libopendavinci-build/odcore_data_dmcp_TestConstantsTestSuite.h-TestSuite"
Directory: /home/viktor/OpenDaVINCI/build/libopendavinci-prefix/src/libopendavinci-build
"odcore_data_dmcp_TestConstantsTestSuite.h-TestSuite" start time: Apr 01 17:46 CEST
Output:
----------------------------------------------------------
Running libopendavinci-odcore_data_dmcp_TestConstantsTestSuite.h tests (4 tests)....OK!
<end of output>
Test time =   0.00 sec
----------------------------------------------------------
Test Passed.
"odcore_data_dmcp_TestConstantsTestSuite.h-TestSuite" end time: Apr 01 17:46 CEST
"odcore_data_dmcp_TestConstantsTestSuite.h-TestSuite" time elapsed: 00:00:00
----------------------------------------------------------

74/85 Testing: odcore_data_dmcp_ServerInformationTestSuite.h-TestSuite
74/85 Test: odcore_data_dmcp_ServerInformationTestSuite.h-TestSuite
Command: "/home/viktor/OpenDaVINCI/build/libopendavinci-prefix/src/libopendavinci-build/odcore_data_dmcp_ServerInformationTestSuite.h-TestSuite"
Directory: /home/viktor/OpenDaVINCI/build/libopendavinci-prefix/src/libopendavinci-build
"odcore_data_dmcp_ServerInformationTestSuite.h-TestSuite" start time: Apr 01 17:46 CEST
Output:
----------------------------------------------------------
Running libopendavinci-odcore_data_dmcp_ServerInformationTestSuite.h tests (4 tests)....OK!
<end of output>
Test time =   0.00 sec
----------------------------------------------------------
Test Passed.
"odcore_data_dmcp_ServerInformationTestSuite.h-TestSuite" end time: Apr 01 17:46 CEST
"odcore_data_dmcp_ServerInformationTestSuite.h-TestSuite" time elapsed: 00:00:00
----------------------------------------------------------

75/85 Testing: odcore_data_player_PlayerCommandTestSuite.h-TestSuite
75/85 Test: odcore_data_player_PlayerCommandTestSuite.h-TestSuite
Command: "/home/viktor/OpenDaVINCI/build/libopendavinci-prefix/src/libopendavinci-build/odcore_data_player_PlayerCommandTestSuite.h-TestSuite"
Directory: /home/viktor/OpenDaVINCI/build/libopendavinci-prefix/src/libopendavinci-build
"odcore_data_player_PlayerCommandTestSuite.h-TestSuite" start time: Apr 01 17:46 CEST
Output:
----------------------------------------------------------
Running libopendavinci-odcore_data_player_PlayerCommandTestSuite.h tests (4 tests)....OK!
<end of output>
Test time =   0.00 sec
----------------------------------------------------------
Test Passed.
"odcore_data_player_PlayerCommandTestSuite.h-TestSuite" end time: Apr 01 17:46 CEST
"odcore_data_player_PlayerCommandTestSuite.h-TestSuite" time elapsed: 00:00:00
----------------------------------------------------------

76/85 Testing: odcore_data_dmcp_ModuleDescriptorTestSuite.h-TestSuite
76/85 Test: odcore_data_dmcp_ModuleDescriptorTestSuite.h-TestSuite
Command: "/home/viktor/OpenDaVINCI/build/libopendavinci-prefix/src/libopendavinci-build/odcore_data_dmcp_ModuleDescriptorTestSuite.h-TestSuite"
Directory: /home/viktor/OpenDaVINCI/build/libopendavinci-prefix/src/libopendavinci-build
"odcore_data_dmcp_ModuleDescriptorTestSuite.h-TestSuite" start time: Apr 01 17:46 CEST
Output:
----------------------------------------------------------
Running libopendavinci-odcore_data_dmcp_ModuleDescriptorTestSuite.h tests (4 tests)....OK!
<end of output>
Test time =   0.00 sec
----------------------------------------------------------
Test Passed.
"odcore_data_dmcp_ModuleDescriptorTestSuite.h-TestSuite" end time: Apr 01 17:46 CEST
"odcore_data_dmcp_ModuleDescriptorTestSuite.h-TestSuite" time elapsed: 00:00:00
----------------------------------------------------------

77/85 Testing: odcore_data_recorder_RecorderCommandTestSuite.h-TestSuite
77/85 Test: odcore_data_recorder_RecorderCommandTestSuite.h-TestSuite
Command: "/home/viktor/OpenDaVINCI/build/libopendavinci-prefix/src/libopendavinci-build/odcore_data_recorder_RecorderCommandTestSuite.h-TestSuite"
Directory: /home/viktor/OpenDaVINCI/build/libopendavinci-prefix/src/libopendavinci-build
"odcore_data_recorder_RecorderCommandTestSuite.h-TestSuite" start time: Apr 01 17:46 CEST
Output:
----------------------------------------------------------
Running libopendavinci-odcore_data_recorder_RecorderCommandTestSuite.h tests (4 tests)....OK!
<end of output>
Test time =   0.00 sec
----------------------------------------------------------
Test Passed.
"odcore_data_recorder_RecorderCommandTestSuite.h-TestSuite" end time: Apr 01 17:46 CEST
"odcore_data_recorder_RecorderCommandTestSuite.h-TestSuite" time elapsed: 00:00:00
----------------------------------------------------------

78/85 Testing: odcore_data_SharedPointCloudTestSuite.h-TestSuite
78/85 Test: odcore_data_SharedPointCloudTestSuite.h-TestSuite
Command: "/home/viktor/OpenDaVINCI/build/libopendavinci-prefix/src/libopendavinci-build/odcore_data_SharedPointCloudTestSuite.h-TestSuite"
Directory: /home/viktor/OpenDaVINCI/build/libopendavinci-prefix/src/libopendavinci-build
"odcore_data_SharedPointCloudTestSuite.h-TestSuite" start time: Apr 01 17:46 CEST
Output:
----------------------------------------------------------
Running libopendavinci-odcore_data_SharedPointCloudTestSuite.h tests (4 tests)....OK!
<end of output>
Test time =   0.00 sec
----------------------------------------------------------
Test Passed.
"odcore_data_SharedPointCloudTestSuite.h-TestSuite" end time: Apr 01 17:46 CEST
"odcore_data_SharedPointCloudTestSuite.h-TestSuite" time elapsed: 00:00:00
----------------------------------------------------------

79/85 Testing: odcore_data_dmcp_ModuleStatisticTestSuite.h-TestSuite
79/85 Test: odcore_data_dmcp_ModuleStatisticTestSuite.h-TestSuite
Command: "/home/viktor/OpenDaVINCI/build/libopendavinci-prefix/src/libopendavinci-build/odcore_data_dmcp_ModuleStatisticTestSuite.h-TestSuite"
Directory: /home/viktor/OpenDaVINCI/build/libopendavinci-prefix/src/libopendavinci-build
"odcore_data_dmcp_ModuleStatisticTestSuite.h-TestSuite" start time: Apr 01 17:46 CEST
Output:
----------------------------------------------------------
Running libopendavinci-odcore_data_dmcp_ModuleStatisticTestSuite.h tests (4 tests)....OK!
<end of output>
Test time =   0.00 sec
----------------------------------------------------------
Test Passed.
"odcore_data_dmcp_ModuleStatisticTestSuite.h-TestSuite" end time: Apr 01 17:46 CEST
"odcore_data_dmcp_ModuleStatisticTestSuite.h-TestSuite" time elapsed: 00:00:00
----------------------------------------------------------

80/85 Testing: odcore_data_dmcp_PulseAckMessageTestSuite.h-TestSuite
80/85 Test: odcore_data_dmcp_PulseAckMessageTestSuite.h-TestSuite
Command: "/home/viktor/OpenDaVINCI/build/libopendavinci-prefix/src/libopendavinci-build/odcore_data_dmcp_PulseAckMessageTestSuite.h-TestSuite"
Directory: /home/viktor/OpenDaVINCI/build/libopendavinci-prefix/src/libopendavinci-build
"odcore_data_dmcp_PulseAckMessageTestSuite.h-TestSuite" start time: Apr 01 17:46 CEST
Output:
----------------------------------------------------------
Running libopendavinci-odcore_data_dmcp_PulseAckMessageTestSuite.h tests (4 tests)....OK!
<end of output>
Test time =   0.00 sec
----------------------------------------------------------
Test Passed.
"odcore_data_dmcp_PulseAckMessageTestSuite.h-TestSuite" end time: Apr 01 17:46 CEST
"odcore_data_dmcp_PulseAckMessageTestSuite.h-TestSuite" time elapsed: 00:00:00
----------------------------------------------------------

81/85 Testing: odcore_data_dmcp_ConstantsTestSuite.h-TestSuite
81/85 Test: odcore_data_dmcp_ConstantsTestSuite.h-TestSuite
Command: "/home/viktor/OpenDaVINCI/build/libopendavinci-prefix/src/libopendavinci-build/odcore_data_dmcp_ConstantsTestSuite.h-TestSuite"
Directory: /home/viktor/OpenDaVINCI/build/libopendavinci-prefix/src/libopendavinci-build
"odcore_data_dmcp_ConstantsTestSuite.h-TestSuite" start time: Apr 01 17:46 CEST
Output:
----------------------------------------------------------
Running libopendavinci-odcore_data_dmcp_ConstantsTestSuite.h tests (4 tests)....OK!
<end of output>
Test time =   0.00 sec
----------------------------------------------------------
Test Passed.
"odcore_data_dmcp_ConstantsTestSuite.h-TestSuite" end time: Apr 01 17:46 CEST
"odcore_data_dmcp_ConstantsTestSuite.h-TestSuite" time elapsed: 00:00:00
----------------------------------------------------------

82/85 Testing: odcore_data_ConfigurationTestSuite.h-TestSuite
82/85 Test: odcore_data_ConfigurationTestSuite.h-TestSuite
Command: "/home/viktor/OpenDaVINCI/build/libopendavinci-prefix/src/libopendavinci-build/odcore_data_ConfigurationTestSuite.h-TestSuite"
Directory: /home/viktor/OpenDaVINCI/build/libopendavinci-prefix/src/libopendavinci-build
"odcore_data_ConfigurationTestSuite.h-TestSuite" start time: Apr 01 17:46 CEST
Output:
----------------------------------------------------------
Running libopendavinci-odcore_data_ConfigurationTestSuite.h tests (4 tests)....OK!
<end of output>
Test time =   0.00 sec
----------------------------------------------------------
Test Passed.
"odcore_data_ConfigurationTestSuite.h-TestSuite" end time: Apr 01 17:46 CEST
"odcore_data_ConfigurationTestSuite.h-TestSuite" time elapsed: 00:00:00
----------------------------------------------------------

83/85 Testing: odcore_data_dmcp_RuntimeStatisticTestSuite.h-TestSuite
83/85 Test: odcore_data_dmcp_RuntimeStatisticTestSuite.h-TestSuite
Command: "/home/viktor/OpenDaVINCI/build/libopendavinci-prefix/src/libopendavinci-build/odcore_data_dmcp_RuntimeStatisticTestSuite.h-TestSuite"
Directory: /home/viktor/OpenDaVINCI/build/libopendavinci-prefix/src/libopendavinci-build
"odcore_data_dmcp_RuntimeStatisticTestSuite.h-TestSuite" start time: Apr 01 17:46 CEST
Output:
----------------------------------------------------------
Running libopendavinci-odcore_data_dmcp_RuntimeStatisticTestSuite.h tests (4 tests)....OK!
<end of output>
Test time =   0.00 sec
----------------------------------------------------------
Test Passed.
"odcore_data_dmcp_RuntimeStatisticTestSuite.h-TestSuite" end time: Apr 01 17:46 CEST
"odcore_data_dmcp_RuntimeStatisticTestSuite.h-TestSuite" time elapsed: 00:00:00
----------------------------------------------------------

84/85 Testing: odcore_data_dmcp_PulseAckContainersMessageTestSuite.h-TestSuite
84/85 Test: odcore_data_dmcp_PulseAckContainersMessageTestSuite.h-TestSuite
Command: "/home/viktor/OpenDaVINCI/build/libopendavinci-prefix/src/libopendavinci-build/odcore_data_dmcp_PulseAckContainersMessageTestSuite.h-TestSuite"
Directory: /home/viktor/OpenDaVINCI/build/libopendavinci-prefix/src/libopendavinci-build
"odcore_data_dmcp_PulseAckContainersMessageTestSuite.h-TestSuite" start time: Apr 01 17:46 CEST
Output:
----------------------------------------------------------
Running libopendavinci-odcore_data_dmcp_PulseAckContainersMessageTestSuite.h tests (4 tests)....OK!
<end of output>
Test time =   0.00 sec
----------------------------------------------------------
Test Passed.
"odcore_data_dmcp_PulseAckContainersMessageTestSuite.h-TestSuite" end time: Apr 01 17:46 CEST
"odcore_data_dmcp_PulseAckContainersMessageTestSuite.h-TestSuite" time elapsed: 00:00:00
----------------------------------------------------------

85/85 Testing: odcore_data_reflection_AbstractFieldTestSuite.h-TestSuite
85/85 Test: odcore_data_reflection_AbstractFieldTestSuite.h-TestSuite
Command: "/home/viktor/OpenDaVINCI/build/libopendavinci-prefix/src/libopendavinci-build/odcore_data_reflection_AbstractFieldTestSuite.h-TestSuite"
Directory: /home/viktor/OpenDaVINCI/build/libopendavinci-prefix/src/libopendavinci-build
"odcore_data_reflection_AbstractFieldTestSuite.h-TestSuite" start time: Apr 01 17:46 CEST
Output:
----------------------------------------------------------
Running libopendavinci-odcore_data_reflection_AbstractFieldTestSuite.h tests (4 tests)....OK!
<end of output>
Test time =   0.00 sec
----------------------------------------------------------
Test Passed.
"odcore_data_reflection_AbstractFieldTestSuite.h-TestSuite" end time: Apr 01 17:46 CEST
"odcore_data_reflection_AbstractFieldTestSuite.h-TestSuite" time elapsed: 00:00:00
----------------------------------------------------------

End testing: Apr 01 17:46 CEST
