Start testing: Apr 01 17:49 CEST
----------------------------------------------------------
1/7 Testing: ContouredObjectTestSuite.h-TestSuite
1/7 Test: ContouredObjectTestSuite.h-TestSuite
Command: "/home/viktor/OpenDaVINCI/build/libopendlv-prefix/src/libopendlv-build/ContouredObjectTestSuite.h-TestSuite"
Directory: /home/viktor/OpenDaVINCI/build/libopendlv-prefix/src/libopendlv-build
"ContouredObjectTestSuite.h-TestSuite" start time: Apr 01 17:49 CEST
Output:
----------------------------------------------------------
Running libopendlv-ContouredObjectTestSuite.h tests (1 test).OK!
<end of output>
Test time =   0.83 sec
----------------------------------------------------------
Test Passed.
"ContouredObjectTestSuite.h-TestSuite" end time: Apr 01 17:49 CEST
"ContouredObjectTestSuite.h-TestSuite" time elapsed: 00:00:00
----------------------------------------------------------

2/7 Testing: EgoStateTestSuite.h-TestSuite
2/7 Test: EgoStateTestSuite.h-TestSuite
Command: "/home/viktor/OpenDaVINCI/build/libopendlv-prefix/src/libopendlv-build/EgoStateTestSuite.h-TestSuite"
Directory: /home/viktor/OpenDaVINCI/build/libopendlv-prefix/src/libopendlv-build
"EgoStateTestSuite.h-TestSuite" start time: Apr 01 17:49 CEST
Output:
----------------------------------------------------------
Running libopendlv-EgoStateTestSuite.h tests (1 test).OK!
<end of output>
Test time =   0.02 sec
----------------------------------------------------------
Test Passed.
"EgoStateTestSuite.h-TestSuite" end time: Apr 01 17:49 CEST
"EgoStateTestSuite.h-TestSuite" time elapsed: 00:00:00
----------------------------------------------------------

3/7 Testing: WGS84CoordinateTestSuite.h-TestSuite
3/7 Test: WGS84CoordinateTestSuite.h-TestSuite
Command: "/home/viktor/OpenDaVINCI/build/libopendlv-prefix/src/libopendlv-build/WGS84CoordinateTestSuite.h-TestSuite"
Directory: /home/viktor/OpenDaVINCI/build/libopendlv-prefix/src/libopendlv-build
"WGS84CoordinateTestSuite.h-TestSuite" start time: Apr 01 17:49 CEST
Output:
----------------------------------------------------------
Running libopendlv-WGS84CoordinateTestSuite.h tests (6 tests)......OK!
<end of output>
Test time =   2.38 sec
----------------------------------------------------------
Test Passed.
"WGS84CoordinateTestSuite.h-TestSuite" end time: Apr 01 17:49 CEST
"WGS84CoordinateTestSuite.h-TestSuite" time elapsed: 00:00:02
----------------------------------------------------------

4/7 Testing: SceneGraphTestSuite.h-TestSuite
4/7 Test: SceneGraphTestSuite.h-TestSuite
Command: "/home/viktor/OpenDaVINCI/build/libopendlv-prefix/src/libopendlv-build/SceneGraphTestSuite.h-TestSuite"
Directory: /home/viktor/OpenDaVINCI/build/libopendlv-prefix/src/libopendlv-build
"SceneGraphTestSuite.h-TestSuite" start time: Apr 01 17:49 CEST
Output:
----------------------------------------------------------
Running libopendlv-SceneGraphTestSuite.h tests (6 tests)......OK!
<end of output>
Test time =   0.02 sec
----------------------------------------------------------
Test Passed.
"SceneGraphTestSuite.h-TestSuite" end time: Apr 01 17:49 CEST
"SceneGraphTestSuite.h-TestSuite" time elapsed: 00:00:00
----------------------------------------------------------

5/7 Testing: PointShapedObjectTestSuite.h-TestSuite
5/7 Test: PointShapedObjectTestSuite.h-TestSuite
Command: "/home/viktor/OpenDaVINCI/build/libopendlv-prefix/src/libopendlv-build/PointShapedObjectTestSuite.h-TestSuite"
Directory: /home/viktor/OpenDaVINCI/build/libopendlv-prefix/src/libopendlv-build
"PointShapedObjectTestSuite.h-TestSuite" start time: Apr 01 17:49 CEST
Output:
----------------------------------------------------------
Running libopendlv-PointShapedObjectTestSuite.h tests (1 test).OK!
<end of output>
Test time =   0.02 sec
----------------------------------------------------------
Test Passed.
"PointShapedObjectTestSuite.h-TestSuite" end time: Apr 01 17:49 CEST
"PointShapedObjectTestSuite.h-TestSuite" time elapsed: 00:00:00
----------------------------------------------------------

6/7 Testing: ScenarioTestSuite.h-TestSuite
6/7 Test: ScenarioTestSuite.h-TestSuite
Command: "/home/viktor/OpenDaVINCI/build/libopendlv-prefix/src/libopendlv-build/ScenarioTestSuite.h-TestSuite"
Directory: /home/viktor/OpenDaVINCI/build/libopendlv-prefix/src/libopendlv-build
"ScenarioTestSuite.h-TestSuite" start time: Apr 01 17:49 CEST
Output:
----------------------------------------------------------
First check.
Second check.
Third check.

Scenario: 'Test-Scenario', Version: v1.0, Date: July-15-2008
Type: 'WGS84', Rotation: 0, (52.247; 10.5758; 0)
(52.247; 10.5758; 0)
Ground's name: Groundlayer
Filename: 'Test1.png', (0; 0) @ (1630; 2420), Resolution: (0.202; 0.197), Rotation: 0
Filename: 'Test2.png', (0; 0) @ (1631; 2421), Resolution: (0.302; 0.297), Rotation: 1, GroundHeight: 127, MinimumHeight: -0.4, MaximumHeight: 1.2
Filename: 'Test2.png', (0; 0) @ (1631; 2421), Resolution: (0.302; 0.297), Rotation: 1, GroundHeight: 127, MinimumHeight: -0.4, MaximumHeight: 1.2

Name: 'Cylinder1', Type: 2, Center: (42.1; -42.5; 0), Radius: 5.2, Height: 7, Color: (0; 1; 0)
(42.1; -42.5; 0)
(0; 1; 0)
Name: 'Polygon1', Type: 3, Height: 4, Color: (1; 0; 1)
(2.1; -2.5; 0)
(22.1; -22.5; 0)
Name: 'ComplexModel1', Type: 1, Modelfile: 'Test2.3ds', Position: (1.1; -1.5; 5.5), Rotation:(0.1; -0.5; 0.5), BoundingBox: Upper/left: (1.1; 1.2; 0), Upper/right: (2.1; 2.2; 0), Lower/right: (3.1; 3.2; 0), Lower/left: (4.1; 4.2; 0)
(1.1; -1.5; 5.5)
(0.1; -0.5; 0.5)
Upper/left: (1.1; 1.2; 0), Upper/right: (2.1; 2.2; 0), Lower/right: (3.1; 3.2; 0), Lower/left: (4.1; 4.2; 0)
Name: FirstLayer, ID: 1, Height: 0.1
ID: 1, Name: Road1
ID: 1

Width: 4.5, Left lane's marking: 2, Right lane's marking: 3
Trafficlight
Name: 'TrafficLightCylinder1', Type: 2, Center: (832.1; -832.5; 0), Radius: 0.3, Height: 7, Color: (0; 1; 0)
(832.1; -832.5; 0)
(0; 1; 0)
(1.1.1.2) -> (1.1.2.1)
1.1.1.2
1.1.2.1
(3.2.1.2) -> (3.5.2.1)
3.2.1.2
3.5.2.1

ID: 1: (32.1; -32.5; 0)
ID: 1: (32.1; -32.5; 0)
ID: 2: (52.1; -52.5; 0)
ID: 2: (52.1; -52.5; 0)
ID: 2

Width: 0, Left lane's marking: 0, Right lane's marking: 0
Trafficsign: stopline
Name: 'StoplinePolygon1', Type: 3, Height: 1, Color: (1; 1; 1)
(932.1; -932.5; 0)
(932.1; -932.7; 0)

ID: 1: (662.1; -662.5; 0)
ID: 1: (662.1; -662.5; 0)
ID: 2: (772.1; -772.5; 0)
ID: 2: (772.1; -772.5; 0)
ID: 3

Width: 0, Left lane's marking: 0, Right lane's marking: 0
(3.3.3.3) -> (1.1.2.1)
3.3.3.3
1.1.2.1

ID: 1: (5662.1; -5662.5; 0)
ID: 1: (5662.1; -5662.5; 0)
ID: 2: (5772.1; -5772.5; 0)
ID: 2: (5772.1; -5772.5; 0)

ID: 4
R: 20, [0; 0.785398], Rotation: 0
Width: 0, Left lane's marking: 0, Right lane's marking: 0
R: 20, [0; 0.785398], Rotation: 0
ID: 1: (7662.1; -7662.5; 0)
ID: 1: (7662.1; -7662.5; 0)
ID: 2: (7772.1; -7772.5; 0)
ID: 2: (7772.1; -7772.5; 0)
R: 20, [0; 0.785398], Rotation: 0
ID: 1, Name: Zone1

ID: 1: (33.1; -33.5; 0)
ID: 1: (33.1; -33.5; 0)
ID: 2: (55.1; -55.5; 0)
ID: 2: (55.1; -55.5; 0)
ID: 3: (66.1; -66.5; 0)
ID: 3: (66.1; -66.5; 0)
(1.1.1.1) -> (1.1.2.1)
1.1.1.1
1.1.2.1
ID: 1 @ (77.1; -77.5; 0)/(78.1; -78.5; 0)
(77.1; -77.5; 0)
(78.1; -78.5; 0)
ID: 2, Name: Zone2

ID: 1: (233.1; -233.5; 0)
ID: 1: (233.1; -233.5; 0)
ID: 2: (255.1; -255.5; 0)
ID: 2: (255.1; -255.5; 0)
ID: 3: (266.1; -266.5; 0)
ID: 3: (266.1; -266.5; 0)
(2.2.2.2) -> (1.1.2.1)
2.2.2.2
1.1.2.1
ID: 3, Name: Zone3

ID: 1: (333.1; -333.5; 0)
ID: 1: (333.1; -333.5; 0)
ID: 2: (355.1; -355.5; 0)
ID: 2: (355.1; -355.5; 0)
ID: 3: (366.1; -366.5; 0)
ID: 3: (366.1; -366.5; 0)
Running libopendlv-ScenarioTestSuite.h tests (3 tests)...OK!
<end of output>
Test time =   0.04 sec
----------------------------------------------------------
Test Passed.
"ScenarioTestSuite.h-TestSuite" end time: Apr 01 17:49 CEST
"ScenarioTestSuite.h-TestSuite" time elapsed: 00:00:00
----------------------------------------------------------

7/7 Testing: SituationTestSuite.h-TestSuite
7/7 Test: SituationTestSuite.h-TestSuite
Command: "/home/viktor/OpenDaVINCI/build/libopendlv-prefix/src/libopendlv-build/SituationTestSuite.h-TestSuite"
Directory: /home/viktor/OpenDaVINCI/build/libopendlv-prefix/src/libopendlv-build
"SituationTestSuite.h-TestSuite" start time: Apr 01 17:49 CEST
Output:
----------------------------------------------------------
First check.
Second check.
Third check.
Situation: 'Test-Situation', Version: v1.0, Date: July-15-2008, Scenario: Test-Szenario
Situation: 'Test-Situation', Version: v1.0, Date: July-15-2008, Scenario: Test-Szenario
Object: 'Test-Objekt1', ID: 1, RotationZ: 1.23456
Name: 'Test-Polygon1', Type: 2, front: (1.1; 2.2; 0), Height: 10.5432, Color: (0.1; 0.2; 0.3)
(3.1; 4.2; 0)
(5.1; 6.2; 0)
1
Object: 'Test-Objekt2', ID: 2, RotationZ: 2.34567
Name: 'Test-Rectangle2', Type: 3, front: (11.1; 12.2; 0), Height: 9.54321, Color: (0.5; 0.6; 0.7), length: 4.2, width: 5.2
Type: 2, start type: 1, stop type: 1, constant acceleration: 1.2, constant velocity: 0, 1.2.3.4, 5.6.7.8
1
1
Object: 'Test-Objekt3', ID: 3, RotationZ: 5.34567
Name: 'Test-ComplexModel3', Type: 1, front: (8.1; 8.2; 0), Modelfile: 'models/abc.objx', Position: (13.1; 14.2; 15.2), Rotation:(43.1; 54.2; 61.2), BoundingBox: Upper/left: (1.1; 2.2; 0), Upper/right: (3.1; 4.2; 0), Lower/right: (5.1; 6.2; 0), Lower/left: (7.1; 8.2; 0)
(13.1; 14.2; 15.2)
(43.1; 54.2; 61.2)
Upper/left: (1.1; 2.2; 0), Upper/right: (3.1; 4.2; 0), Lower/right: (5.1; 6.2; 0), Lower/left: (7.1; 8.2; 0)
Type: 2, start type: Type: 2 on moving ID: 3, stop type: 2, constant acceleration: 0, constant velocity: 3.2, 9.8.7.6, 5.4.3.2
Type: 2 on moving ID: 3
2
Object: 'Test-Objekt4', ID: 4, RotationZ: 6.34567
Name: 'Test-Polygon4', Type: 2, front: (11.1; 12.2; 0), Height: 11.5432, Color: (0.5; 0.6; 0.7)
(13.1; 14.2; 0)
(15.1; 16.2; 0)
Type: 2, start type: Type: 3 on entering ID: 1, stop type: 3, constant acceleration: 0, constant velocity: 31.2, 8.7.6.5, 4.3.2.1
Type: 3 on entering ID: 1
(31.1; 32.2; 0)
(41.1; 42.2; 0)
(51.1; 52.2; 0)
(61.1; 62.2; 0)
3
Running libopendlv-SituationTestSuite.h tests (2 tests)..OK!
<end of output>
Test time =   0.03 sec
----------------------------------------------------------
Test Passed.
"SituationTestSuite.h-TestSuite" end time: Apr 01 17:49 CEST
"SituationTestSuite.h-TestSuite" time elapsed: 00:00:00
----------------------------------------------------------

End testing: Apr 01 17:49 CEST
